2023-07-08 13:14:46,114 INFO  ROOT - Running Eclipse MOSAIC 23.0 on Java JRE v11.0.19 (Ubuntu)
2023-07-08 13:14:46,279 INFO  MosaicStarter - Federate sumo: No port given. Using free port: 45351
2023-07-08 13:14:46,292 INFO  FederationManagement - Start federation with id 'Tiergarten'
2023-07-08 13:14:46,292 INFO  FederationManagement - Add ambassador/federate with id 'application'
2023-07-08 13:14:46,293 INFO  FederationManagement - Add ambassador/federate with id 'environment'
2023-07-08 13:14:46,293 INFO  FederationManagement - Add ambassador/federate with id 'mapping'
2023-07-08 13:14:46,294 INFO  FederationManagement - Add ambassador/federate with id 'sns'
2023-07-08 13:14:46,294 INFO  FederationManagement - Add ambassador/federate with id 'sumo'
2023-07-08 13:14:46,294 INFO  FederationManagement - Deploying federate 'sumo' locally in ./tmp/sumo
2023-07-08 13:14:46,297 INFO  FederationManagement - Starting federate 'sumo' locally in ./tmp/sumo
2023-07-08 13:14:46,298 INFO  FederationManagement - Add ambassador/federate with id 'output'
2023-07-08 13:14:46,298 INFO  OutputAmbassador - Initialize configuration of OutputAmbassador
2023-07-08 13:14:46,927 INFO  OutputAmbassador - Registered output generator 'websocket' for messages [RsuRegistration, VehicleRegistration, VehicleUpdates, V2xMessageReception, V2xMessageTransmission]. Update interval=1
2023-07-08 13:14:46,928 INFO  OutputAmbassador - Registered output generator 'fileoutput' for messages [TrafficLightRegistration, RsuRegistration, VehicleRegistration, VehicleUpdates, V2xMessageTransmission, V2xMessageReception]. Update interval=5
2023-07-08 13:14:46,984 WARN  SQLiteReader - No roundabouts were found in the scenario database. Note that roundabouts in this scenario may be treated as ordinary crossings.
2023-07-08 13:14:48,617 INFO  SequentialTimeManagement - Simulation ended after 140s of 140s (100%)
2023-07-08 13:14:48,617 INFO  SequentialTimeManagement - Started: 2023-07-08 13:14:47
2023-07-08 13:14:48,617 INFO  SequentialTimeManagement - Ended: 2023-07-08 13:14:48
2023-07-08 13:14:48,618 INFO  SequentialTimeManagement - Duration: 00h 00m 01.499s (RTF: 93.00)
2023-07-08 13:14:48,618 INFO  SequentialTimeManagement - 
2023-07-08 13:14:48,618 INFO  SequentialTimeManagement - Simulation finished: 101
