2023-07-08 13:17:30,411 INFO  - Initialize application (at simulation time 2.000,000,000 s)
2023-07-08 13:17:30,414 INFO  - Activated WLAN Module (at simulation time 2.000,000,000 s)
2023-07-08 13:17:30,551 INFO  - VEHICLE:veh_4 (at simulation time 59.001,300,000 s)
2023-07-08 13:17:30,551 INFO  - GEOLOCATION:GeoPoint{lat=52.512787,lon=13.327197,alt=0.00} (at simulation time 59.001,300,000 s)
2023-07-08 13:17:30,551 INFO  - VEHICLE:veh_5 (at simulation time 59.001,300,000 s)
2023-07-08 13:17:30,551 INFO  - GEOLOCATION:GeoPoint{lat=52.512829,lon=13.327197,alt=0.00} (at simulation time 59.001,300,000 s)
2023-07-08 13:17:30,551 INFO  - VEHICLE:veh_3 (at simulation time 59.002,300,000 s)
2023-07-08 13:17:30,551 INFO  - GEOLOCATION:GeoPoint{lat=52.512787,lon=13.327197,alt=0.00} (at simulation time 59.002,300,000 s)
2023-07-08 13:17:30,551 INFO  - VEHICLE:veh_2 (at simulation time 59.002,800,000 s)
2023-07-08 13:17:30,551 INFO  - GEOLOCATION:GeoPoint{lat=52.512821,lon=13.327635,alt=0.00} (at simulation time 59.002,800,000 s)
2023-07-08 13:17:30,554 INFO  - VEHICLE:veh_3 (at simulation time 59.102,800,000 s)
2023-07-08 13:17:30,554 INFO  - GEOLOCATION:GeoPoint{lat=52.512805,lon=13.327197,alt=0.00} (at simulation time 59.102,800,000 s)
2023-07-08 13:17:30,554 INFO  - VEHICLE:veh_6 (at simulation time 59.103,300,000 s)
2023-07-08 13:17:30,554 INFO  - GEOLOCATION:GeoPoint{lat=52.512811,lon=13.327502,alt=0.00} (at simulation time 59.103,300,000 s)
2023-07-08 13:17:30,554 INFO  - VEHICLE:veh_3 (at simulation time 59.103,800,000 s)
2023-07-08 13:17:30,554 INFO  - GEOLOCATION:GeoPoint{lat=52.512829,lon=13.327197,alt=0.00} (at simulation time 59.103,800,000 s)
2023-07-08 13:17:30,554 INFO  - VEHICLE:veh_5 (at simulation time 59.104,800,000 s)
2023-07-08 13:17:30,554 INFO  - GEOLOCATION:GeoPoint{lat=52.512768,lon=13.327197,alt=0.00} (at simulation time 59.104,800,000 s)
2023-07-08 13:17:30,555 INFO  - VEHICLE:veh_6 (at simulation time 59.202,300,000 s)
2023-07-08 13:17:30,555 INFO  - GEOLOCATION:GeoPoint{lat=52.512785,lon=13.327197,alt=0.00} (at simulation time 59.202,300,000 s)
2023-07-08 13:17:30,555 INFO  - VEHICLE:veh_5 (at simulation time 59.202,800,000 s)
2023-07-08 13:17:30,555 INFO  - GEOLOCATION:GeoPoint{lat=52.512789,lon=13.327197,alt=0.00} (at simulation time 59.202,800,000 s)
2023-07-08 13:17:30,555 INFO  - VEHICLE:veh_3 (at simulation time 59.203,300,000 s)
2023-07-08 13:17:30,555 INFO  - GEOLOCATION:GeoPoint{lat=52.512793,lon=13.327719,alt=0.00} (at simulation time 59.203,300,000 s)
2023-07-08 13:17:30,555 INFO  - VEHICLE:veh_6 (at simulation time 59.203,800,000 s)
2023-07-08 13:17:30,555 INFO  - GEOLOCATION:GeoPoint{lat=52.512829,lon=13.327197,alt=0.00} (at simulation time 59.203,800,000 s)
2023-07-08 13:17:30,556 INFO  - VEHICLE:veh_6 (at simulation time 59.301,300,000 s)
2023-07-08 13:17:30,556 INFO  - GEOLOCATION:GeoPoint{lat=52.512807,lon=13.327630,alt=0.00} (at simulation time 59.301,300,000 s)
2023-07-08 13:17:30,556 INFO  - VEHICLE:veh_5 (at simulation time 59.301,300,000 s)
2023-07-08 13:17:30,556 INFO  - GEOLOCATION:GeoPoint{lat=52.512767,lon=13.327197,alt=0.00} (at simulation time 59.301,300,000 s)
2023-07-08 13:17:30,556 INFO  - VEHICLE:veh_5 (at simulation time 59.302,300,000 s)
2023-07-08 13:17:30,556 INFO  - GEOLOCATION:GeoPoint{lat=52.512829,lon=13.327197,alt=0.00} (at simulation time 59.302,300,000 s)
2023-07-08 13:17:30,556 INFO  - VEHICLE:veh_2 (at simulation time 59.302,800,000 s)
2023-07-08 13:17:30,556 INFO  - GEOLOCATION:GeoPoint{lat=52.512807,lon=13.327197,alt=0.00} (at simulation time 59.302,800,000 s)
2023-07-08 13:17:30,557 INFO  - VEHICLE:veh_6 (at simulation time 59.401,800,000 s)
2023-07-08 13:17:30,557 INFO  - GEOLOCATION:GeoPoint{lat=52.512819,lon=13.327071,alt=0.00} (at simulation time 59.401,800,000 s)
2023-07-08 13:17:30,557 INFO  - VEHICLE:veh_6 (at simulation time 59.401,800,000 s)
2023-07-08 13:17:30,557 INFO  - GEOLOCATION:GeoPoint{lat=52.512830,lon=13.327197,alt=0.00} (at simulation time 59.401,800,000 s)
2023-07-08 13:17:30,557 INFO  - VEHICLE:veh_6 (at simulation time 59.402,300,000 s)
2023-07-08 13:17:30,557 INFO  - GEOLOCATION:GeoPoint{lat=52.512829,lon=13.327197,alt=0.00} (at simulation time 59.402,300,000 s)
2023-07-08 13:17:30,558 INFO  - VEHICLE:veh_5 (at simulation time 59.402,800,000 s)
2023-07-08 13:17:30,558 INFO  - GEOLOCATION:GeoPoint{lat=52.512743,lon=13.327197,alt=0.00} (at simulation time 59.402,800,000 s)
2023-07-08 13:17:30,558 INFO  - VEHICLE:veh_4 (at simulation time 59.501,300,000 s)
2023-07-08 13:17:30,558 INFO  - GEOLOCATION:GeoPoint{lat=52.512745,lon=13.327197,alt=0.00} (at simulation time 59.501,300,000 s)
2023-07-08 13:17:30,558 INFO  - VEHICLE:veh_6 (at simulation time 59.501,300,000 s)
2023-07-08 13:17:30,559 INFO  - GEOLOCATION:GeoPoint{lat=52.512829,lon=13.327197,alt=0.00} (at simulation time 59.501,300,000 s)
2023-07-08 13:17:30,559 INFO  - VEHICLE:veh_3 (at simulation time 59.502,800,000 s)
2023-07-08 13:17:30,559 INFO  - GEOLOCATION:GeoPoint{lat=52.512795,lon=13.327192,alt=0.00} (at simulation time 59.502,800,000 s)
2023-07-08 13:17:30,559 INFO  - VEHICLE:veh_5 (at simulation time 59.503,300,000 s)
2023-07-08 13:17:30,559 INFO  - GEOLOCATION:GeoPoint{lat=52.512829,lon=13.327197,alt=0.00} (at simulation time 59.503,300,000 s)
2023-07-08 13:17:30,560 INFO  - VEHICLE:veh_4 (at simulation time 59.600,800,000 s)
2023-07-08 13:17:30,560 INFO  - GEOLOCATION:GeoPoint{lat=52.512795,lon=13.327197,alt=0.00} (at simulation time 59.600,800,000 s)
2023-07-08 13:17:30,560 INFO  - VEHICLE:veh_5 (at simulation time 59.600,800,000 s)
2023-07-08 13:17:30,560 INFO  - GEOLOCATION:GeoPoint{lat=52.512829,lon=13.327197,alt=0.00} (at simulation time 59.600,800,000 s)
2023-07-08 13:17:30,560 INFO  - VEHICLE:veh_2 (at simulation time 59.602,300,000 s)
2023-07-08 13:17:30,560 INFO  - GEOLOCATION:GeoPoint{lat=52.512795,lon=13.327657,alt=0.00} (at simulation time 59.602,300,000 s)
2023-07-08 13:17:30,560 INFO  - VEHICLE:veh_2 (at simulation time 59.602,800,000 s)
2023-07-08 13:17:30,560 INFO  - GEOLOCATION:GeoPoint{lat=52.512779,lon=13.327197,alt=0.00} (at simulation time 59.602,800,000 s)
2023-07-08 13:17:30,561 INFO  - VEHICLE:veh_3 (at simulation time 59.702,300,000 s)
2023-07-08 13:17:30,561 INFO  - GEOLOCATION:GeoPoint{lat=52.512825,lon=13.327197,alt=0.00} (at simulation time 59.702,300,000 s)
2023-07-08 13:17:30,561 INFO  - VEHICLE:veh_6 (at simulation time 59.702,800,000 s)
2023-07-08 13:17:30,561 INFO  - GEOLOCATION:GeoPoint{lat=52.512802,lon=13.327423,alt=0.00} (at simulation time 59.702,800,000 s)
2023-07-08 13:17:30,561 INFO  - VEHICLE:veh_6 (at simulation time 59.702,800,000 s)
2023-07-08 13:17:30,561 INFO  - GEOLOCATION:GeoPoint{lat=52.512829,lon=13.327197,alt=0.00} (at simulation time 59.702,800,000 s)
2023-07-08 13:17:30,561 INFO  - VEHICLE:veh_4 (at simulation time 59.703,300,000 s)
2023-07-08 13:17:30,561 INFO  - GEOLOCATION:GeoPoint{lat=52.512749,lon=13.327197,alt=0.00} (at simulation time 59.703,300,000 s)
2023-07-08 13:17:30,562 INFO  - VEHICLE:veh_5 (at simulation time 59.801,800,000 s)
2023-07-08 13:17:30,562 INFO  - GEOLOCATION:GeoPoint{lat=52.512792,lon=13.327279,alt=0.00} (at simulation time 59.801,800,000 s)
2023-07-08 13:17:30,562 INFO  - VEHICLE:veh_2 (at simulation time 59.802,300,000 s)
2023-07-08 13:17:30,562 INFO  - GEOLOCATION:GeoPoint{lat=52.512808,lon=13.327197,alt=0.00} (at simulation time 59.802,300,000 s)
2023-07-08 13:17:30,562 INFO  - VEHICLE:veh_2 (at simulation time 59.802,800,000 s)
2023-07-08 13:17:30,562 INFO  - GEOLOCATION:GeoPoint{lat=52.512765,lon=13.327197,alt=0.00} (at simulation time 59.802,800,000 s)
2023-07-08 13:17:30,562 INFO  - VEHICLE:veh_5 (at simulation time 59.802,800,000 s)
2023-07-08 13:17:30,562 INFO  - GEOLOCATION:GeoPoint{lat=52.512829,lon=13.327197,alt=0.00} (at simulation time 59.802,800,000 s)
2023-07-08 13:17:30,563 INFO  - VEHICLE:veh_6 (at simulation time 59.902,300,000 s)
2023-07-08 13:17:30,563 INFO  - GEOLOCATION:GeoPoint{lat=52.512809,lon=13.327197,alt=0.00} (at simulation time 59.902,300,000 s)
2023-07-08 13:17:30,563 INFO  - VEHICLE:veh_3 (at simulation time 59.902,800,000 s)
2023-07-08 13:17:30,563 INFO  - GEOLOCATION:GeoPoint{lat=52.512764,lon=13.327197,alt=0.00} (at simulation time 59.902,800,000 s)
2023-07-08 13:17:30,563 INFO  - VEHICLE:veh_2 (at simulation time 59.902,800,000 s)
2023-07-08 13:17:30,563 INFO  - GEOLOCATION:GeoPoint{lat=52.512829,lon=13.327197,alt=0.00} (at simulation time 59.902,800,000 s)
2023-07-08 13:17:30,563 INFO  - VEHICLE:veh_2 (at simulation time 59.903,300,000 s)
2023-07-08 13:17:30,563 INFO  - GEOLOCATION:GeoPoint{lat=52.512798,lon=13.327295,alt=0.00} (at simulation time 59.903,300,000 s)
2023-07-08 13:17:30,569 INFO  - VEHICLE:veh_2 (at simulation time 60.002,800,000 s)
2023-07-08 13:17:30,569 INFO  - GEOLOCATION:GeoPoint{lat=52.512803,lon=13.327351,alt=0.00} (at simulation time 60.002,800,000 s)
2023-07-08 13:17:30,569 INFO  - VEHICLE:veh_2 (at simulation time 60.003,300,000 s)
2023-07-08 13:17:30,569 INFO  - GEOLOCATION:GeoPoint{lat=52.512841,lon=13.327546,alt=0.00} (at simulation time 60.003,300,000 s)
2023-07-08 13:17:30,569 INFO  - VEHICLE:veh_4 (at simulation time 60.003,300,000 s)
2023-07-08 13:17:30,569 INFO  - GEOLOCATION:GeoPoint{lat=52.512793,lon=13.327351,alt=0.00} (at simulation time 60.003,300,000 s)
2023-07-08 13:17:30,569 INFO  - VEHICLE:veh_3 (at simulation time 60.004,300,000 s)
2023-07-08 13:17:30,570 INFO  - GEOLOCATION:GeoPoint{lat=52.512840,lon=13.327351,alt=0.00} (at simulation time 60.004,300,000 s)
2023-07-08 13:17:30,570 INFO  - VEHICLE:veh_5 (at simulation time 60.102,800,000 s)
2023-07-08 13:17:30,570 INFO  - GEOLOCATION:GeoPoint{lat=52.512840,lon=13.327351,alt=0.00} (at simulation time 60.102,800,000 s)
2023-07-08 13:17:30,570 INFO  - VEHICLE:veh_3 (at simulation time 60.103,800,000 s)
2023-07-08 13:17:30,571 INFO  - GEOLOCATION:GeoPoint{lat=52.512816,lon=13.327571,alt=0.00} (at simulation time 60.103,800,000 s)
2023-07-08 13:17:30,571 INFO  - VEHICLE:veh_6 (at simulation time 60.103,800,000 s)
2023-07-08 13:17:30,571 INFO  - GEOLOCATION:GeoPoint{lat=52.512810,lon=13.327351,alt=0.00} (at simulation time 60.103,800,000 s)
2023-07-08 13:17:30,571 INFO  - VEHICLE:veh_3 (at simulation time 60.103,800,000 s)
2023-07-08 13:17:30,571 INFO  - GEOLOCATION:GeoPoint{lat=52.512786,lon=13.327351,alt=0.00} (at simulation time 60.103,800,000 s)
2023-07-08 13:17:30,571 INFO  - VEHICLE:veh_3 (at simulation time 60.200,800,000 s)
2023-07-08 13:17:30,571 INFO  - GEOLOCATION:GeoPoint{lat=52.512799,lon=13.327662,alt=0.00} (at simulation time 60.200,800,000 s)
2023-07-08 13:17:30,571 INFO  - VEHICLE:veh_4 (at simulation time 60.200,800,000 s)
2023-07-08 13:17:30,571 INFO  - GEOLOCATION:GeoPoint{lat=52.512821,lon=13.327351,alt=0.00} (at simulation time 60.200,800,000 s)
2023-07-08 13:17:30,571 INFO  - VEHICLE:veh_5 (at simulation time 60.202,300,000 s)
2023-07-08 13:17:30,572 INFO  - GEOLOCATION:GeoPoint{lat=52.512774,lon=13.327351,alt=0.00} (at simulation time 60.202,300,000 s)
2023-07-08 13:17:30,572 INFO  - VEHICLE:veh_5 (at simulation time 60.202,800,000 s)
2023-07-08 13:17:30,572 INFO  - GEOLOCATION:GeoPoint{lat=52.512840,lon=13.327351,alt=0.00} (at simulation time 60.202,800,000 s)
2023-07-08 13:17:30,572 INFO  - VEHICLE:veh_3 (at simulation time 60.303,300,000 s)
2023-07-08 13:17:30,572 INFO  - GEOLOCATION:GeoPoint{lat=52.512805,lon=13.327524,alt=0.00} (at simulation time 60.303,300,000 s)
2023-07-08 13:17:30,572 INFO  - VEHICLE:veh_5 (at simulation time 60.303,300,000 s)
2023-07-08 13:17:30,572 INFO  - GEOLOCATION:GeoPoint{lat=52.512840,lon=13.327351,alt=0.00} (at simulation time 60.303,300,000 s)
2023-07-08 13:17:30,572 INFO  - VEHICLE:veh_2 (at simulation time 60.304,800,000 s)
2023-07-08 13:17:30,572 INFO  - GEOLOCATION:GeoPoint{lat=52.512835,lon=13.327351,alt=0.00} (at simulation time 60.304,800,000 s)
2023-07-08 13:17:30,572 INFO  - VEHICLE:veh_2 (at simulation time 60.304,800,000 s)
2023-07-08 13:17:30,573 INFO  - GEOLOCATION:GeoPoint{lat=52.512761,lon=13.327351,alt=0.00} (at simulation time 60.304,800,000 s)
2023-07-08 13:17:30,573 INFO  - VEHICLE:veh_4 (at simulation time 60.401,800,000 s)
2023-07-08 13:17:30,573 INFO  - GEOLOCATION:GeoPoint{lat=52.512761,lon=13.327351,alt=0.00} (at simulation time 60.401,800,000 s)
2023-07-08 13:17:30,573 INFO  - VEHICLE:veh_6 (at simulation time 60.402,800,000 s)
2023-07-08 13:17:30,573 INFO  - GEOLOCATION:GeoPoint{lat=52.512840,lon=13.327351,alt=0.00} (at simulation time 60.402,800,000 s)
2023-07-08 13:17:30,573 INFO  - VEHICLE:veh_4 (at simulation time 60.403,300,000 s)
2023-07-08 13:17:30,573 INFO  - GEOLOCATION:GeoPoint{lat=52.512835,lon=13.327351,alt=0.00} (at simulation time 60.403,300,000 s)
2023-07-08 13:17:30,573 INFO  - VEHICLE:veh_6 (at simulation time 60.403,800,000 s)
2023-07-08 13:17:30,573 INFO  - GEOLOCATION:GeoPoint{lat=52.512813,lon=13.327348,alt=0.00} (at simulation time 60.403,800,000 s)
2023-07-08 13:17:30,574 INFO  - VEHICLE:veh_5 (at simulation time 60.501,300,000 s)
2023-07-08 13:17:30,574 INFO  - GEOLOCATION:GeoPoint{lat=52.512830,lon=13.327820,alt=0.00} (at simulation time 60.501,300,000 s)
2023-07-08 13:17:30,574 INFO  - VEHICLE:veh_2 (at simulation time 60.501,300,000 s)
2023-07-08 13:17:30,574 INFO  - GEOLOCATION:GeoPoint{lat=52.512838,lon=13.327351,alt=0.00} (at simulation time 60.501,300,000 s)
2023-07-08 13:17:30,574 INFO  - VEHICLE:veh_4 (at simulation time 60.501,300,000 s)
2023-07-08 13:17:30,574 INFO  - GEOLOCATION:GeoPoint{lat=52.512758,lon=13.327351,alt=0.00} (at simulation time 60.501,300,000 s)
2023-07-08 13:17:30,574 INFO  - VEHICLE:veh_4 (at simulation time 60.501,800,000 s)
2023-07-08 13:17:30,574 INFO  - GEOLOCATION:GeoPoint{lat=52.512840,lon=13.327351,alt=0.00} (at simulation time 60.501,800,000 s)
2023-07-08 13:17:30,575 INFO  - VEHICLE:veh_4 (at simulation time 60.602,800,000 s)
2023-07-08 13:17:30,575 INFO  - GEOLOCATION:GeoPoint{lat=52.512823,lon=13.327443,alt=0.00} (at simulation time 60.602,800,000 s)
2023-07-08 13:17:30,575 INFO  - VEHICLE:veh_2 (at simulation time 60.602,800,000 s)
2023-07-08 13:17:30,575 INFO  - GEOLOCATION:GeoPoint{lat=52.512781,lon=13.327351,alt=0.00} (at simulation time 60.602,800,000 s)
2023-07-08 13:17:30,575 INFO  - VEHICLE:veh_4 (at simulation time 60.603,800,000 s)
2023-07-08 13:17:30,575 INFO  - GEOLOCATION:GeoPoint{lat=52.512840,lon=13.327351,alt=0.00} (at simulation time 60.603,800,000 s)
2023-07-08 13:17:30,575 INFO  - VEHICLE:veh_5 (at simulation time 60.604,300,000 s)
2023-07-08 13:17:30,575 INFO  - GEOLOCATION:GeoPoint{lat=52.512814,lon=13.327351,alt=0.00} (at simulation time 60.604,300,000 s)
2023-07-08 13:17:30,576 INFO  - VEHICLE:veh_5 (at simulation time 60.701,800,000 s)
2023-07-08 13:17:30,576 INFO  - GEOLOCATION:GeoPoint{lat=52.512813,lon=13.327351,alt=0.00} (at simulation time 60.701,800,000 s)
2023-07-08 13:17:30,576 INFO  - VEHICLE:veh_3 (at simulation time 60.702,300,000 s)
2023-07-08 13:17:30,576 INFO  - GEOLOCATION:GeoPoint{lat=52.512833,lon=13.327534,alt=0.00} (at simulation time 60.702,300,000 s)
2023-07-08 13:17:30,576 INFO  - VEHICLE:veh_4 (at simulation time 60.702,800,000 s)
2023-07-08 13:17:30,576 INFO  - GEOLOCATION:GeoPoint{lat=52.512783,lon=13.327351,alt=0.00} (at simulation time 60.702,800,000 s)
2023-07-08 13:17:30,576 INFO  - VEHICLE:veh_2 (at simulation time 60.703,300,000 s)
2023-07-08 13:17:30,576 INFO  - GEOLOCATION:GeoPoint{lat=52.512840,lon=13.327351,alt=0.00} (at simulation time 60.703,300,000 s)
2023-07-08 13:17:30,577 INFO  - VEHICLE:veh_3 (at simulation time 60.801,300,000 s)
2023-07-08 13:17:30,577 INFO  - GEOLOCATION:GeoPoint{lat=52.512811,lon=13.327511,alt=0.00} (at simulation time 60.801,300,000 s)
2023-07-08 13:17:30,577 INFO  - VEHICLE:veh_5 (at simulation time 60.802,300,000 s)
2023-07-08 13:17:30,577 INFO  - GEOLOCATION:GeoPoint{lat=52.512840,lon=13.327351,alt=0.00} (at simulation time 60.802,300,000 s)
2023-07-08 13:17:30,577 INFO  - VEHICLE:veh_4 (at simulation time 60.803,300,000 s)
2023-07-08 13:17:30,577 INFO  - GEOLOCATION:GeoPoint{lat=52.512826,lon=13.327351,alt=0.00} (at simulation time 60.803,300,000 s)
2023-07-08 13:17:30,577 INFO  - VEHICLE:veh_6 (at simulation time 60.803,300,000 s)
2023-07-08 13:17:30,577 INFO  - GEOLOCATION:GeoPoint{lat=52.512770,lon=13.327351,alt=0.00} (at simulation time 60.803,300,000 s)
2023-07-08 13:17:30,578 INFO  - VEHICLE:veh_2 (at simulation time 60.902,300,000 s)
2023-07-08 13:17:30,578 INFO  - GEOLOCATION:GeoPoint{lat=52.512838,lon=13.327623,alt=0.00} (at simulation time 60.902,300,000 s)
2023-07-08 13:17:30,578 INFO  - VEHICLE:veh_3 (at simulation time 60.902,300,000 s)
2023-07-08 13:17:30,578 INFO  - GEOLOCATION:GeoPoint{lat=52.512758,lon=13.327351,alt=0.00} (at simulation time 60.902,300,000 s)
2023-07-08 13:17:30,578 INFO  - VEHICLE:veh_5 (at simulation time 60.903,300,000 s)
2023-07-08 13:17:30,578 INFO  - GEOLOCATION:GeoPoint{lat=52.512838,lon=13.327351,alt=0.00} (at simulation time 60.903,300,000 s)
2023-07-08 13:17:30,578 INFO  - VEHICLE:veh_4 (at simulation time 60.904,300,000 s)
2023-07-08 13:17:30,578 INFO  - GEOLOCATION:GeoPoint{lat=52.512840,lon=13.327351,alt=0.00} (at simulation time 60.904,300,000 s)
2023-07-08 13:17:30,581 INFO  - VEHICLE:veh_4 (at simulation time 61.001,800,000 s)
2023-07-08 13:17:30,581 INFO  - GEOLOCATION:GeoPoint{lat=52.512827,lon=13.327753,alt=0.00} (at simulation time 61.001,800,000 s)
2023-07-08 13:17:30,581 INFO  - VEHICLE:veh_4 (at simulation time 61.002,300,000 s)
2023-07-08 13:17:30,581 INFO  - GEOLOCATION:GeoPoint{lat=52.512838,lon=13.327516,alt=0.00} (at simulation time 61.002,300,000 s)
2023-07-08 13:17:30,581 INFO  - VEHICLE:veh_6 (at simulation time 61.003,300,000 s)
2023-07-08 13:17:30,581 INFO  - GEOLOCATION:GeoPoint{lat=52.512784,lon=13.327516,alt=0.00} (at simulation time 61.003,300,000 s)
2023-07-08 13:17:30,581 INFO  - VEHICLE:veh_3 (at simulation time 61.003,800,000 s)
2023-07-08 13:17:30,581 INFO  - GEOLOCATION:GeoPoint{lat=52.512853,lon=13.327516,alt=0.00} (at simulation time 61.003,800,000 s)
2023-07-08 13:17:30,581 INFO  - VEHICLE:veh_4 (at simulation time 61.101,300,000 s)
2023-07-08 13:17:30,581 INFO  - GEOLOCATION:GeoPoint{lat=52.512815,lon=13.327883,alt=0.00} (at simulation time 61.101,300,000 s)
2023-07-08 13:17:30,582 INFO  - VEHICLE:veh_2 (at simulation time 61.101,300,000 s)
2023-07-08 13:17:30,582 INFO  - GEOLOCATION:GeoPoint{lat=52.512853,lon=13.327516,alt=0.00} (at simulation time 61.101,300,000 s)
2023-07-08 13:17:30,582 INFO  - VEHICLE:veh_4 (at simulation time 61.101,800,000 s)
2023-07-08 13:17:30,582 INFO  - GEOLOCATION:GeoPoint{lat=52.512833,lon=13.327516,alt=0.00} (at simulation time 61.101,800,000 s)
2023-07-08 13:17:30,582 INFO  - VEHICLE:veh_4 (at simulation time 61.102,300,000 s)
2023-07-08 13:17:30,582 INFO  - GEOLOCATION:GeoPoint{lat=52.512789,lon=13.327516,alt=0.00} (at simulation time 61.102,300,000 s)
2023-07-08 13:17:30,582 INFO  - VEHICLE:veh_3 (at simulation time 61.202,800,000 s)
2023-07-08 13:17:30,582 INFO  - GEOLOCATION:GeoPoint{lat=52.512807,lon=13.327516,alt=0.00} (at simulation time 61.202,800,000 s)
2023-07-08 13:17:30,582 INFO  - VEHICLE:veh_3 (at simulation time 61.203,300,000 s)
2023-07-08 13:17:30,582 INFO  - GEOLOCATION:GeoPoint{lat=52.512853,lon=13.327516,alt=0.00} (at simulation time 61.203,300,000 s)
2023-07-08 13:17:30,582 INFO  - VEHICLE:veh_4 (at simulation time 61.203,800,000 s)
2023-07-08 13:17:30,582 INFO  - GEOLOCATION:GeoPoint{lat=52.512856,lon=13.327966,alt=0.00} (at simulation time 61.203,800,000 s)
2023-07-08 13:17:30,582 INFO  - VEHICLE:veh_5 (at simulation time 61.204,800,000 s)
2023-07-08 13:17:30,582 INFO  - GEOLOCATION:GeoPoint{lat=52.512815,lon=13.327516,alt=0.00} (at simulation time 61.204,800,000 s)
2023-07-08 13:17:30,583 INFO  - VEHICLE:veh_2 (at simulation time 61.301,300,000 s)
2023-07-08 13:17:30,583 INFO  - GEOLOCATION:GeoPoint{lat=52.512827,lon=13.327776,alt=0.00} (at simulation time 61.301,300,000 s)
2023-07-08 13:17:30,583 INFO  - VEHICLE:veh_2 (at simulation time 61.301,300,000 s)
2023-07-08 13:17:30,583 INFO  - GEOLOCATION:GeoPoint{lat=52.512776,lon=13.327516,alt=0.00} (at simulation time 61.301,300,000 s)
2023-07-08 13:17:30,583 INFO  - VEHICLE:veh_4 (at simulation time 61.301,800,000 s)
2023-07-08 13:17:30,583 INFO  - GEOLOCATION:GeoPoint{lat=52.512853,lon=13.327516,alt=0.00} (at simulation time 61.301,800,000 s)
2023-07-08 13:17:30,583 INFO  - VEHICLE:veh_4 (at simulation time 61.303,300,000 s)
2023-07-08 13:17:30,583 INFO  - GEOLOCATION:GeoPoint{lat=52.512846,lon=13.327516,alt=0.00} (at simulation time 61.303,300,000 s)
2023-07-08 13:17:30,584 INFO  - VEHICLE:veh_4 (at simulation time 61.401,300,000 s)
2023-07-08 13:17:30,584 INFO  - GEOLOCATION:GeoPoint{lat=52.512809,lon=13.327516,alt=0.00} (at simulation time 61.401,300,000 s)
2023-07-08 13:17:30,584 INFO  - VEHICLE:veh_3 (at simulation time 61.403,300,000 s)
2023-07-08 13:17:30,584 INFO  - GEOLOCATION:GeoPoint{lat=52.512831,lon=13.327345,alt=0.00} (at simulation time 61.403,300,000 s)
2023-07-08 13:17:30,584 INFO  - VEHICLE:veh_5 (at simulation time 61.403,300,000 s)
2023-07-08 13:17:30,584 INFO  - GEOLOCATION:GeoPoint{lat=52.512813,lon=13.327516,alt=0.00} (at simulation time 61.403,300,000 s)
2023-07-08 13:17:30,584 INFO  - VEHICLE:veh_3 (at simulation time 61.403,300,000 s)
2023-07-08 13:17:30,584 INFO  - GEOLOCATION:GeoPoint{lat=52.512853,lon=13.327516,alt=0.00} (at simulation time 61.403,300,000 s)
2023-07-08 13:17:30,585 INFO  - VEHICLE:veh_2 (at simulation time 61.502,800,000 s)
2023-07-08 13:17:30,585 INFO  - GEOLOCATION:GeoPoint{lat=52.512857,lon=13.327516,alt=0.00} (at simulation time 61.502,800,000 s)
2023-07-08 13:17:30,585 INFO  - VEHICLE:veh_4 (at simulation time 61.502,800,000 s)
2023-07-08 13:17:30,585 INFO  - GEOLOCATION:GeoPoint{lat=52.512853,lon=13.327516,alt=0.00} (at simulation time 61.502,800,000 s)
2023-07-08 13:17:30,585 INFO  - VEHICLE:veh_4 (at simulation time 61.503,800,000 s)
2023-07-08 13:17:30,585 INFO  - GEOLOCATION:GeoPoint{lat=52.512830,lon=13.327843,alt=0.00} (at simulation time 61.503,800,000 s)
2023-07-08 13:17:30,585 INFO  - VEHICLE:veh_4 (at simulation time 61.503,800,000 s)
2023-07-08 13:17:30,585 INFO  - GEOLOCATION:GeoPoint{lat=52.512765,lon=13.327516,alt=0.00} (at simulation time 61.503,800,000 s)
2023-07-08 13:17:30,586 INFO  - VEHICLE:veh_6 (at simulation time 61.602,800,000 s)
2023-07-08 13:17:30,586 INFO  - GEOLOCATION:GeoPoint{lat=52.512856,lon=13.327524,alt=0.00} (at simulation time 61.602,800,000 s)
2023-07-08 13:17:30,586 INFO  - VEHICLE:veh_3 (at simulation time 61.603,300,000 s)
2023-07-08 13:17:30,586 INFO  - GEOLOCATION:GeoPoint{lat=52.512849,lon=13.327516,alt=0.00} (at simulation time 61.603,300,000 s)
2023-07-08 13:17:30,586 INFO  - VEHICLE:veh_3 (at simulation time 61.603,800,000 s)
2023-07-08 13:17:30,586 INFO  - GEOLOCATION:GeoPoint{lat=52.512853,lon=13.327516,alt=0.00} (at simulation time 61.603,800,000 s)
2023-07-08 13:17:30,586 INFO  - VEHICLE:veh_3 (at simulation time 61.604,300,000 s)
2023-07-08 13:17:30,586 INFO  - GEOLOCATION:GeoPoint{lat=52.512773,lon=13.327516,alt=0.00} (at simulation time 61.604,300,000 s)
2023-07-08 13:17:30,587 INFO  - VEHICLE:veh_3 (at simulation time 61.702,300,000 s)
2023-07-08 13:17:30,587 INFO  - GEOLOCATION:GeoPoint{lat=52.512821,lon=13.327516,alt=0.00} (at simulation time 61.702,300,000 s)
2023-07-08 13:17:30,587 INFO  - VEHICLE:veh_3 (at simulation time 61.702,300,000 s)
2023-07-08 13:17:30,587 INFO  - GEOLOCATION:GeoPoint{lat=52.512801,lon=13.327516,alt=0.00} (at simulation time 61.702,300,000 s)
2023-07-08 13:17:30,587 INFO  - VEHICLE:veh_2 (at simulation time 61.703,800,000 s)
2023-07-08 13:17:30,587 INFO  - GEOLOCATION:GeoPoint{lat=52.512842,lon=13.327467,alt=0.00} (at simulation time 61.703,800,000 s)
2023-07-08 13:17:30,587 INFO  - VEHICLE:veh_2 (at simulation time 61.703,800,000 s)
2023-07-08 13:17:30,587 INFO  - GEOLOCATION:GeoPoint{lat=52.512853,lon=13.327516,alt=0.00} (at simulation time 61.703,800,000 s)
2023-07-08 13:17:30,587 INFO  - VEHICLE:veh_4 (at simulation time 61.800,800,000 s)
2023-07-08 13:17:30,587 INFO  - GEOLOCATION:GeoPoint{lat=52.512852,lon=13.327516,alt=0.00} (at simulation time 61.800,800,000 s)
2023-07-08 13:17:30,588 INFO  - VEHICLE:veh_4 (at simulation time 61.802,300,000 s)
2023-07-08 13:17:30,588 INFO  - GEOLOCATION:GeoPoint{lat=52.512770,lon=13.327516,alt=0.00} (at simulation time 61.802,300,000 s)
2023-07-08 13:17:30,588 INFO  - VEHICLE:veh_6 (at simulation time 61.802,300,000 s)
2023-07-08 13:17:30,588 INFO  - GEOLOCATION:GeoPoint{lat=52.512853,lon=13.327516,alt=0.00} (at simulation time 61.802,300,000 s)
2023-07-08 13:17:30,588 INFO  - VEHICLE:veh_3 (at simulation time 61.802,800,000 s)
2023-07-08 13:17:30,588 INFO  - GEOLOCATION:GeoPoint{lat=52.512829,lon=13.327378,alt=0.00} (at simulation time 61.802,800,000 s)
2023-07-08 13:17:30,588 INFO  - VEHICLE:veh_2 (at simulation time 61.903,300,000 s)
2023-07-08 13:17:30,588 INFO  - GEOLOCATION:GeoPoint{lat=52.512841,lon=13.327516,alt=0.00} (at simulation time 61.903,300,000 s)
2023-07-08 13:17:30,588 INFO  - VEHICLE:veh_4 (at simulation time 61.903,800,000 s)
2023-07-08 13:17:30,588 INFO  - GEOLOCATION:GeoPoint{lat=52.512781,lon=13.327516,alt=0.00} (at simulation time 61.903,800,000 s)
2023-07-08 13:17:30,588 INFO  - VEHICLE:veh_5 (at simulation time 61.904,300,000 s)
2023-07-08 13:17:30,588 INFO  - GEOLOCATION:GeoPoint{lat=52.512845,lon=13.327343,alt=0.00} (at simulation time 61.904,300,000 s)
2023-07-08 13:17:30,588 INFO  - VEHICLE:veh_6 (at simulation time 61.904,300,000 s)
2023-07-08 13:17:30,588 INFO  - GEOLOCATION:GeoPoint{lat=52.512853,lon=13.327516,alt=0.00} (at simulation time 61.904,300,000 s)
2023-07-08 13:17:30,590 INFO  - VEHICLE:veh_3 (at simulation time 62.003,800,000 s)
2023-07-08 13:17:30,590 INFO  - GEOLOCATION:GeoPoint{lat=52.512817,lon=13.327701,alt=0.00} (at simulation time 62.003,800,000 s)
2023-07-08 13:17:30,590 INFO  - VEHICLE:veh_6 (at simulation time 62.004,300,000 s)
2023-07-08 13:17:30,590 INFO  - GEOLOCATION:GeoPoint{lat=52.512826,lon=13.327557,alt=0.00} (at simulation time 62.004,300,000 s)
2023-07-08 13:17:30,590 INFO  - VEHICLE:veh_2 (at simulation time 62.004,300,000 s)
2023-07-08 13:17:30,590 INFO  - GEOLOCATION:GeoPoint{lat=52.512835,lon=13.327701,alt=0.00} (at simulation time 62.004,300,000 s)
2023-07-08 13:17:30,590 INFO  - VEHICLE:veh_5 (at simulation time 62.004,300,000 s)
2023-07-08 13:17:30,590 INFO  - GEOLOCATION:GeoPoint{lat=52.512868,lon=13.327701,alt=0.00} (at simulation time 62.004,300,000 s)
2023-07-08 13:17:30,591 INFO  - VEHICLE:veh_6 (at simulation time 62.101,800,000 s)
2023-07-08 13:17:30,591 INFO  - GEOLOCATION:GeoPoint{lat=52.512816,lon=13.327701,alt=0.00} (at simulation time 62.101,800,000 s)
2023-07-08 13:17:30,591 INFO  - VEHICLE:veh_4 (at simulation time 62.102,300,000 s)
2023-07-08 13:17:30,591 INFO  - GEOLOCATION:GeoPoint{lat=52.512835,lon=13.327701,alt=0.00} (at simulation time 62.102,300,000 s)
2023-07-08 13:17:30,591 INFO  - VEHICLE:veh_6 (at simulation time 62.102,300,000 s)
2023-07-08 13:17:30,591 INFO  - GEOLOCATION:GeoPoint{lat=52.512868,lon=13.327701,alt=0.00} (at simulation time 62.102,300,000 s)
2023-07-08 13:17:30,591 INFO  - VEHICLE:veh_5 (at simulation time 62.102,800,000 s)
2023-07-08 13:17:30,591 INFO  - GEOLOCATION:GeoPoint{lat=52.512862,lon=13.327602,alt=0.00} (at simulation time 62.102,800,000 s)
2023-07-08 13:17:30,592 INFO  - VEHICLE:veh_2 (at simulation time 62.200,800,000 s)
2023-07-08 13:17:30,592 INFO  - GEOLOCATION:GeoPoint{lat=52.512800,lon=13.327701,alt=0.00} (at simulation time 62.200,800,000 s)
2023-07-08 13:17:30,592 INFO  - VEHICLE:veh_2 (at simulation time 62.201,300,000 s)
2023-07-08 13:17:30,592 INFO  - GEOLOCATION:GeoPoint{lat=52.512870,lon=13.327572,alt=0.00} (at simulation time 62.201,300,000 s)
2023-07-08 13:17:30,592 INFO  - VEHICLE:veh_2 (at simulation time 62.202,800,000 s)
2023-07-08 13:17:30,592 INFO  - GEOLOCATION:GeoPoint{lat=52.512851,lon=13.327701,alt=0.00} (at simulation time 62.202,800,000 s)
2023-07-08 13:17:30,592 INFO  - VEHICLE:veh_5 (at simulation time 62.202,800,000 s)
2023-07-08 13:17:30,592 INFO  - GEOLOCATION:GeoPoint{lat=52.512868,lon=13.327701,alt=0.00} (at simulation time 62.202,800,000 s)
2023-07-08 13:17:30,592 INFO  - VEHICLE:veh_2 (at simulation time 62.300,800,000 s)
2023-07-08 13:17:30,592 INFO  - GEOLOCATION:GeoPoint{lat=52.512868,lon=13.327701,alt=0.00} (at simulation time 62.300,800,000 s)
2023-07-08 13:17:30,592 INFO  - VEHICLE:veh_5 (at simulation time 62.301,800,000 s)
2023-07-08 13:17:30,592 INFO  - GEOLOCATION:GeoPoint{lat=52.512863,lon=13.327571,alt=0.00} (at simulation time 62.301,800,000 s)
2023-07-08 13:17:30,593 INFO  - VEHICLE:veh_5 (at simulation time 62.302,800,000 s)
2023-07-08 13:17:30,593 INFO  - GEOLOCATION:GeoPoint{lat=52.512831,lon=13.327701,alt=0.00} (at simulation time 62.302,800,000 s)
2023-07-08 13:17:30,593 INFO  - VEHICLE:veh_3 (at simulation time 62.302,800,000 s)
2023-07-08 13:17:30,593 INFO  - GEOLOCATION:GeoPoint{lat=52.512820,lon=13.327701,alt=0.00} (at simulation time 62.302,800,000 s)
2023-07-08 13:17:30,593 INFO  - VEHICLE:veh_3 (at simulation time 62.403,300,000 s)
2023-07-08 13:17:30,593 INFO  - GEOLOCATION:GeoPoint{lat=52.512855,lon=13.327993,alt=0.00} (at simulation time 62.403,300,000 s)
2023-07-08 13:17:30,593 INFO  - VEHICLE:veh_4 (at simulation time 62.403,300,000 s)
2023-07-08 13:17:30,593 INFO  - GEOLOCATION:GeoPoint{lat=52.512865,lon=13.327701,alt=0.00} (at simulation time 62.403,300,000 s)
2023-07-08 13:17:30,593 INFO  - VEHICLE:veh_5 (at simulation time 62.403,300,000 s)
2023-07-08 13:17:30,593 INFO  - GEOLOCATION:GeoPoint{lat=52.512786,lon=13.327701,alt=0.00} (at simulation time 62.403,300,000 s)
2023-07-08 13:17:30,593 INFO  - VEHICLE:veh_3 (at simulation time 62.403,800,000 s)
2023-07-08 13:17:30,593 INFO  - GEOLOCATION:GeoPoint{lat=52.512868,lon=13.327701,alt=0.00} (at simulation time 62.403,800,000 s)
2023-07-08 13:17:30,594 INFO  - VEHICLE:veh_6 (at simulation time 62.501,300,000 s)
2023-07-08 13:17:30,594 INFO  - GEOLOCATION:GeoPoint{lat=52.512846,lon=13.327701,alt=0.00} (at simulation time 62.501,300,000 s)
2023-07-08 13:17:30,594 INFO  - VEHICLE:veh_6 (at simulation time 62.501,800,000 s)
2023-07-08 13:17:30,594 INFO  - GEOLOCATION:GeoPoint{lat=52.512805,lon=13.327701,alt=0.00} (at simulation time 62.501,800,000 s)
2023-07-08 13:17:30,594 INFO  - VEHICLE:veh_4 (at simulation time 62.502,800,000 s)
2023-07-08 13:17:30,594 INFO  - GEOLOCATION:GeoPoint{lat=52.512863,lon=13.327914,alt=0.00} (at simulation time 62.502,800,000 s)
2023-07-08 13:17:30,594 INFO  - VEHICLE:veh_5 (at simulation time 62.502,800,000 s)
2023-07-08 13:17:30,594 INFO  - GEOLOCATION:GeoPoint{lat=52.512868,lon=13.327701,alt=0.00} (at simulation time 62.502,800,000 s)
2023-07-08 13:17:30,594 INFO  - VEHICLE:veh_2 (at simulation time 62.603,800,000 s)
2023-07-08 13:17:30,594 INFO  - GEOLOCATION:GeoPoint{lat=52.512851,lon=13.327791,alt=0.00} (at simulation time 62.603,800,000 s)
2023-07-08 13:17:30,594 INFO  - VEHICLE:veh_6 (at simulation time 62.604,300,000 s)
2023-07-08 13:17:30,594 INFO  - GEOLOCATION:GeoPoint{lat=52.512873,lon=13.327701,alt=0.00} (at simulation time 62.604,300,000 s)
2023-07-08 13:17:30,594 INFO  - VEHICLE:veh_4 (at simulation time 62.604,300,000 s)
2023-07-08 13:17:30,594 INFO  - GEOLOCATION:GeoPoint{lat=52.512868,lon=13.327701,alt=0.00} (at simulation time 62.604,300,000 s)
2023-07-08 13:17:30,594 INFO  - VEHICLE:veh_4 (at simulation time 62.604,800,000 s)
2023-07-08 13:17:30,594 INFO  - GEOLOCATION:GeoPoint{lat=52.512778,lon=13.327701,alt=0.00} (at simulation time 62.604,800,000 s)
2023-07-08 13:17:30,595 INFO  - VEHICLE:veh_6 (at simulation time 62.701,800,000 s)
2023-07-08 13:17:30,595 INFO  - GEOLOCATION:GeoPoint{lat=52.512868,lon=13.327701,alt=0.00} (at simulation time 62.701,800,000 s)
2023-07-08 13:17:30,595 INFO  - VEHICLE:veh_4 (at simulation time 62.702,800,000 s)
2023-07-08 13:17:30,595 INFO  - GEOLOCATION:GeoPoint{lat=52.512860,lon=13.327795,alt=0.00} (at simulation time 62.702,800,000 s)
2023-07-08 13:17:30,595 INFO  - VEHICLE:veh_6 (at simulation time 62.702,800,000 s)
2023-07-08 13:17:30,595 INFO  - GEOLOCATION:GeoPoint{lat=52.512855,lon=13.327701,alt=0.00} (at simulation time 62.702,800,000 s)
2023-07-08 13:17:30,595 INFO  - VEHICLE:veh_5 (at simulation time 62.703,300,000 s)
2023-07-08 13:17:30,595 INFO  - GEOLOCATION:GeoPoint{lat=52.512796,lon=13.327701,alt=0.00} (at simulation time 62.703,300,000 s)
2023-07-08 13:17:30,595 INFO  - VEHICLE:veh_4 (at simulation time 62.801,300,000 s)
2023-07-08 13:17:30,595 INFO  - GEOLOCATION:GeoPoint{lat=52.512831,lon=13.328143,alt=0.00} (at simulation time 62.801,300,000 s)
2023-07-08 13:17:30,595 INFO  - VEHICLE:veh_4 (at simulation time 62.802,300,000 s)
2023-07-08 13:17:30,595 INFO  - GEOLOCATION:GeoPoint{lat=52.512868,lon=13.327701,alt=0.00} (at simulation time 62.802,300,000 s)
2023-07-08 13:17:30,595 INFO  - VEHICLE:veh_4 (at simulation time 62.802,800,000 s)
2023-07-08 13:17:30,595 INFO  - GEOLOCATION:GeoPoint{lat=52.512861,lon=13.327701,alt=0.00} (at simulation time 62.802,800,000 s)
2023-07-08 13:17:30,596 INFO  - VEHICLE:veh_6 (at simulation time 62.803,300,000 s)
2023-07-08 13:17:30,596 INFO  - GEOLOCATION:GeoPoint{lat=52.512790,lon=13.327701,alt=0.00} (at simulation time 62.803,300,000 s)
2023-07-08 13:17:30,596 INFO  - VEHICLE:veh_2 (at simulation time 62.901,300,000 s)
2023-07-08 13:17:30,596 INFO  - GEOLOCATION:GeoPoint{lat=52.512797,lon=13.327701,alt=0.00} (at simulation time 62.901,300,000 s)
2023-07-08 13:17:30,596 INFO  - VEHICLE:veh_4 (at simulation time 62.901,800,000 s)
2023-07-08 13:17:30,596 INFO  - GEOLOCATION:GeoPoint{lat=52.512872,lon=13.327675,alt=0.00} (at simulation time 62.901,800,000 s)
2023-07-08 13:17:30,596 INFO  - VEHICLE:veh_4 (at simulation time 62.901,800,000 s)
2023-07-08 13:17:30,596 INFO  - GEOLOCATION:GeoPoint{lat=52.512854,lon=13.327701,alt=0.00} (at simulation time 62.901,800,000 s)
2023-07-08 13:17:30,596 INFO  - VEHICLE:veh_4 (at simulation time 62.901,800,000 s)
2023-07-08 13:17:30,596 INFO  - GEOLOCATION:GeoPoint{lat=52.512868,lon=13.327701,alt=0.00} (at simulation time 62.901,800,000 s)
2023-07-08 13:17:30,606 INFO  - VEHICLE:veh_3 (at simulation time 63.002,300,000 s)
2023-07-08 13:17:30,606 INFO  - GEOLOCATION:GeoPoint{lat=52.512883,lon=13.327897,alt=0.00} (at simulation time 63.002,300,000 s)
2023-07-08 13:17:30,606 INFO  - VEHICLE:veh_3 (at simulation time 63.002,800,000 s)
2023-07-08 13:17:30,606 INFO  - GEOLOCATION:GeoPoint{lat=52.512879,lon=13.327840,alt=0.00} (at simulation time 63.002,800,000 s)
2023-07-08 13:17:30,606 INFO  - VEHICLE:veh_6 (at simulation time 63.003,300,000 s)
2023-07-08 13:17:30,606 INFO  - GEOLOCATION:GeoPoint{lat=52.512894,lon=13.327897,alt=0.00} (at simulation time 63.003,300,000 s)
2023-07-08 13:17:30,606 INFO  - VEHICLE:veh_2 (at simulation time 63.003,800,000 s)
2023-07-08 13:17:30,606 INFO  - GEOLOCATION:GeoPoint{lat=52.512788,lon=13.327897,alt=0.00} (at simulation time 63.003,800,000 s)
2023-07-08 13:17:30,606 INFO  - VEHICLE:veh_6 (at simulation time 63.102,300,000 s)
2023-07-08 13:17:30,606 INFO  - GEOLOCATION:GeoPoint{lat=52.512825,lon=13.327897,alt=0.00} (at simulation time 63.102,300,000 s)
2023-07-08 13:17:30,606 INFO  - VEHICLE:veh_4 (at simulation time 63.103,300,000 s)
2023-07-08 13:17:30,606 INFO  - GEOLOCATION:GeoPoint{lat=52.512857,lon=13.327897,alt=0.00} (at simulation time 63.103,300,000 s)
2023-07-08 13:17:30,606 INFO  - VEHICLE:veh_4 (at simulation time 63.103,300,000 s)
2023-07-08 13:17:30,606 INFO  - GEOLOCATION:GeoPoint{lat=52.512883,lon=13.327897,alt=0.00} (at simulation time 63.103,300,000 s)
2023-07-08 13:17:30,606 INFO  - VEHICLE:veh_3 (at simulation time 63.104,300,000 s)
2023-07-08 13:17:30,606 INFO  - GEOLOCATION:GeoPoint{lat=52.512872,lon=13.327903,alt=0.00} (at simulation time 63.104,300,000 s)
2023-07-08 13:17:30,607 INFO  - VEHICLE:veh_6 (at simulation time 63.203,300,000 s)
2023-07-08 13:17:30,607 INFO  - GEOLOCATION:GeoPoint{lat=52.512861,lon=13.327897,alt=0.00} (at simulation time 63.203,300,000 s)
2023-07-08 13:17:30,607 INFO  - VEHICLE:veh_2 (at simulation time 63.203,300,000 s)
2023-07-08 13:17:30,607 INFO  - GEOLOCATION:GeoPoint{lat=52.512883,lon=13.327897,alt=0.00} (at simulation time 63.203,300,000 s)
2023-07-08 13:17:30,607 INFO  - VEHICLE:veh_4 (at simulation time 63.203,800,000 s)
2023-07-08 13:17:30,607 INFO  - GEOLOCATION:GeoPoint{lat=52.512858,lon=13.328097,alt=0.00} (at simulation time 63.203,800,000 s)
2023-07-08 13:17:30,607 INFO  - VEHICLE:veh_3 (at simulation time 63.204,300,000 s)
2023-07-08 13:17:30,607 INFO  - GEOLOCATION:GeoPoint{lat=52.512821,lon=13.327897,alt=0.00} (at simulation time 63.204,300,000 s)
2023-07-08 13:17:30,607 INFO  - VEHICLE:veh_5 (at simulation time 63.303,300,000 s)
2023-07-08 13:17:30,607 INFO  - GEOLOCATION:GeoPoint{lat=52.512847,lon=13.327897,alt=0.00} (at simulation time 63.303,300,000 s)
2023-07-08 13:17:30,607 INFO  - VEHICLE:veh_3 (at simulation time 63.303,800,000 s)
2023-07-08 13:17:30,607 INFO  - GEOLOCATION:GeoPoint{lat=52.512891,lon=13.328180,alt=0.00} (at simulation time 63.303,800,000 s)
2023-07-08 13:17:30,607 INFO  - VEHICLE:veh_5 (at simulation time 63.304,800,000 s)
2023-07-08 13:17:30,607 INFO  - GEOLOCATION:GeoPoint{lat=52.512835,lon=13.327897,alt=0.00} (at simulation time 63.304,800,000 s)
2023-07-08 13:17:30,607 INFO  - VEHICLE:veh_5 (at simulation time 63.304,800,000 s)
2023-07-08 13:17:30,607 INFO  - GEOLOCATION:GeoPoint{lat=52.512883,lon=13.327897,alt=0.00} (at simulation time 63.304,800,000 s)
2023-07-08 13:17:30,608 INFO  - VEHICLE:veh_3 (at simulation time 63.403,800,000 s)
2023-07-08 13:17:30,608 INFO  - GEOLOCATION:GeoPoint{lat=52.512880,lon=13.327897,alt=0.00} (at simulation time 63.403,800,000 s)
2023-07-08 13:17:30,608 INFO  - VEHICLE:veh_2 (at simulation time 63.404,300,000 s)
2023-07-08 13:17:30,608 INFO  - GEOLOCATION:GeoPoint{lat=52.512882,lon=13.328225,alt=0.00} (at simulation time 63.404,300,000 s)
2023-07-08 13:17:30,608 INFO  - VEHICLE:veh_2 (at simulation time 63.404,300,000 s)
2023-07-08 13:17:30,608 INFO  - GEOLOCATION:GeoPoint{lat=52.512802,lon=13.327897,alt=0.00} (at simulation time 63.404,300,000 s)
2023-07-08 13:17:30,608 INFO  - VEHICLE:veh_5 (at simulation time 63.404,300,000 s)
2023-07-08 13:17:30,608 INFO  - GEOLOCATION:GeoPoint{lat=52.512883,lon=13.327897,alt=0.00} (at simulation time 63.404,300,000 s)
2023-07-08 13:17:30,608 INFO  - VEHICLE:veh_6 (at simulation time 63.502,300,000 s)
2023-07-08 13:17:30,608 INFO  - GEOLOCATION:GeoPoint{lat=52.512809,lon=13.327897,alt=0.00} (at simulation time 63.502,300,000 s)
2023-07-08 13:17:30,608 INFO  - VEHICLE:veh_2 (at simulation time 63.502,800,000 s)
2023-07-08 13:17:30,608 INFO  - GEOLOCATION:GeoPoint{lat=52.512879,lon=13.328200,alt=0.00} (at simulation time 63.502,800,000 s)
2023-07-08 13:17:30,608 INFO  - VEHICLE:veh_4 (at simulation time 63.502,800,000 s)
2023-07-08 13:17:30,608 INFO  - GEOLOCATION:GeoPoint{lat=52.512873,lon=13.327897,alt=0.00} (at simulation time 63.502,800,000 s)
2023-07-08 13:17:30,608 INFO  - VEHICLE:veh_4 (at simulation time 63.502,800,000 s)
2023-07-08 13:17:30,608 INFO  - GEOLOCATION:GeoPoint{lat=52.512883,lon=13.327897,alt=0.00} (at simulation time 63.502,800,000 s)
2023-07-08 13:17:30,609 INFO  - VEHICLE:veh_4 (at simulation time 63.600,800,000 s)
2023-07-08 13:17:30,609 INFO  - GEOLOCATION:GeoPoint{lat=52.512867,lon=13.327897,alt=0.00} (at simulation time 63.600,800,000 s)
2023-07-08 13:17:30,609 INFO  - VEHICLE:veh_2 (at simulation time 63.602,300,000 s)
2023-07-08 13:17:30,609 INFO  - GEOLOCATION:GeoPoint{lat=52.512883,lon=13.327897,alt=0.00} (at simulation time 63.602,300,000 s)
2023-07-08 13:17:30,609 INFO  - VEHICLE:veh_4 (at simulation time 63.602,800,000 s)
2023-07-08 13:17:30,609 INFO  - GEOLOCATION:GeoPoint{lat=52.512888,lon=13.328013,alt=0.00} (at simulation time 63.602,800,000 s)
2023-07-08 13:17:30,609 INFO  - VEHICLE:veh_2 (at simulation time 63.602,800,000 s)
2023-07-08 13:17:30,609 INFO  - GEOLOCATION:GeoPoint{lat=52.512815,lon=13.327897,alt=0.00} (at simulation time 63.602,800,000 s)
2023-07-08 13:17:30,609 INFO  - VEHICLE:veh_6 (at simulation time 63.701,800,000 s)
2023-07-08 13:17:30,609 INFO  - GEOLOCATION:GeoPoint{lat=52.512865,lon=13.327797,alt=0.00} (at simulation time 63.701,800,000 s)
2023-07-08 13:17:30,609 INFO  - VEHICLE:veh_6 (at simulation time 63.701,800,000 s)
2023-07-08 13:17:30,609 INFO  - GEOLOCATION:GeoPoint{lat=52.512883,lon=13.327897,alt=0.00} (at simulation time 63.701,800,000 s)
2023-07-08 13:17:30,609 INFO  - VEHICLE:veh_5 (at simulation time 63.702,800,000 s)
2023-07-08 13:17:30,609 INFO  - GEOLOCATION:GeoPoint{lat=52.512811,lon=13.327897,alt=0.00} (at simulation time 63.702,800,000 s)
2023-07-08 13:17:30,609 INFO  - VEHICLE:veh_3 (at simulation time 63.703,300,000 s)
2023-07-08 13:17:30,609 INFO  - GEOLOCATION:GeoPoint{lat=52.512871,lon=13.327897,alt=0.00} (at simulation time 63.703,300,000 s)
2023-07-08 13:17:30,610 INFO  - VEHICLE:veh_5 (at simulation time 63.803,300,000 s)
2023-07-08 13:17:30,610 INFO  - GEOLOCATION:GeoPoint{lat=52.512799,lon=13.327897,alt=0.00} (at simulation time 63.803,300,000 s)
2023-07-08 13:17:30,610 INFO  - VEHICLE:veh_6 (at simulation time 63.803,800,000 s)
2023-07-08 13:17:30,610 INFO  - GEOLOCATION:GeoPoint{lat=52.512883,lon=13.327897,alt=0.00} (at simulation time 63.803,800,000 s)
2023-07-08 13:17:30,610 INFO  - VEHICLE:veh_6 (at simulation time 63.804,300,000 s)
2023-07-08 13:17:30,610 INFO  - GEOLOCATION:GeoPoint{lat=52.512871,lon=13.327734,alt=0.00} (at simulation time 63.804,300,000 s)
2023-07-08 13:17:30,610 INFO  - VEHICLE:veh_6 (at simulation time 63.804,300,000 s)
2023-07-08 13:17:30,610 INFO  - GEOLOCATION:GeoPoint{lat=52.512883,lon=13.327897,alt=0.00} (at simulation time 63.804,300,000 s)
2023-07-08 13:17:30,610 INFO  - VEHICLE:veh_5 (at simulation time 63.902,800,000 s)
2023-07-08 13:17:30,610 INFO  - GEOLOCATION:GeoPoint{lat=52.512858,lon=13.327731,alt=0.00} (at simulation time 63.902,800,000 s)
2023-07-08 13:17:30,610 INFO  - VEHICLE:veh_5 (at simulation time 63.904,300,000 s)
2023-07-08 13:17:30,610 INFO  - GEOLOCATION:GeoPoint{lat=52.512879,lon=13.327897,alt=0.00} (at simulation time 63.904,300,000 s)
2023-07-08 13:17:30,610 INFO  - VEHICLE:veh_5 (at simulation time 63.904,800,000 s)
2023-07-08 13:17:30,610 INFO  - GEOLOCATION:GeoPoint{lat=52.512803,lon=13.327897,alt=0.00} (at simulation time 63.904,800,000 s)
2023-07-08 13:17:30,610 INFO  - VEHICLE:veh_6 (at simulation time 63.904,800,000 s)
2023-07-08 13:17:30,610 INFO  - GEOLOCATION:GeoPoint{lat=52.512883,lon=13.327897,alt=0.00} (at simulation time 63.904,800,000 s)
2023-07-08 13:17:30,612 INFO  - VEHICLE:veh_5 (at simulation time 64.002,300,000 s)
2023-07-08 13:17:30,612 INFO  - GEOLOCATION:GeoPoint{lat=52.512871,lon=13.328234,alt=0.00} (at simulation time 64.002,300,000 s)
2023-07-08 13:17:30,612 INFO  - VEHICLE:veh_3 (at simulation time 64.002,300,000 s)
2023-07-08 13:17:30,612 INFO  - GEOLOCATION:GeoPoint{lat=52.512912,lon=13.328094,alt=0.00} (at simulation time 64.002,300,000 s)
2023-07-08 13:17:30,612 INFO  - VEHICLE:veh_3 (at simulation time 64.002,300,000 s)
2023-07-08 13:17:30,612 INFO  - GEOLOCATION:GeoPoint{lat=52.512899,lon=13.328094,alt=0.00} (at simulation time 64.002,300,000 s)
2023-07-08 13:17:30,612 INFO  - VEHICLE:veh_2 (at simulation time 64.003,800,000 s)
2023-07-08 13:17:30,612 INFO  - GEOLOCATION:GeoPoint{lat=52.512801,lon=13.328094,alt=0.00} (at simulation time 64.003,800,000 s)
2023-07-08 13:17:30,613 INFO  - VEHICLE:veh_4 (at simulation time 64.102,300,000 s)
2023-07-08 13:17:30,613 INFO  - GEOLOCATION:GeoPoint{lat=52.512898,lon=13.328381,alt=0.00} (at simulation time 64.102,300,000 s)
2023-07-08 13:17:30,613 INFO  - VEHICLE:veh_5 (at simulation time 64.102,300,000 s)
2023-07-08 13:17:30,613 INFO  - GEOLOCATION:GeoPoint{lat=52.512806,lon=13.328094,alt=0.00} (at simulation time 64.102,300,000 s)
2023-07-08 13:17:30,613 INFO  - VEHICLE:veh_6 (at simulation time 64.103,300,000 s)
2023-07-08 13:17:30,613 INFO  - GEOLOCATION:GeoPoint{lat=52.512899,lon=13.328094,alt=0.00} (at simulation time 64.103,300,000 s)
2023-07-08 13:17:30,613 INFO  - VEHICLE:veh_5 (at simulation time 64.103,800,000 s)
2023-07-08 13:17:30,613 INFO  - GEOLOCATION:GeoPoint{lat=52.512907,lon=13.328094,alt=0.00} (at simulation time 64.103,800,000 s)
2023-07-08 13:17:30,613 INFO  - VEHICLE:veh_6 (at simulation time 64.200,800,000 s)
2023-07-08 13:17:30,613 INFO  - GEOLOCATION:GeoPoint{lat=52.512882,lon=13.328094,alt=0.00} (at simulation time 64.200,800,000 s)
2023-07-08 13:17:30,613 INFO  - VEHICLE:veh_5 (at simulation time 64.200,800,000 s)
2023-07-08 13:17:30,613 INFO  - GEOLOCATION:GeoPoint{lat=52.512831,lon=13.328094,alt=0.00} (at simulation time 64.200,800,000 s)
2023-07-08 13:17:30,613 INFO  - VEHICLE:veh_5 (at simulation time 64.201,800,000 s)
2023-07-08 13:17:30,613 INFO  - GEOLOCATION:GeoPoint{lat=52.512911,lon=13.327990,alt=0.00} (at simulation time 64.201,800,000 s)
2023-07-08 13:17:30,613 INFO  - VEHICLE:veh_4 (at simulation time 64.201,800,000 s)
2023-07-08 13:17:30,613 INFO  - GEOLOCATION:GeoPoint{lat=52.512899,lon=13.328094,alt=0.00} (at simulation time 64.201,800,000 s)
2023-07-08 13:17:30,614 INFO  - VEHICLE:veh_6 (at simulation time 64.302,800,000 s)
2023-07-08 13:17:30,614 INFO  - GEOLOCATION:GeoPoint{lat=52.512899,lon=13.328094,alt=0.00} (at simulation time 64.302,800,000 s)
2023-07-08 13:17:30,614 INFO  - VEHICLE:veh_3 (at simulation time 64.303,300,000 s)
2023-07-08 13:17:30,614 INFO  - GEOLOCATION:GeoPoint{lat=52.512810,lon=13.328094,alt=0.00} (at simulation time 64.303,300,000 s)
2023-07-08 13:17:30,614 INFO  - VEHICLE:veh_4 (at simulation time 64.303,800,000 s)
2023-07-08 13:17:30,614 INFO  - GEOLOCATION:GeoPoint{lat=52.512912,lon=13.328543,alt=0.00} (at simulation time 64.303,800,000 s)
2023-07-08 13:17:30,614 INFO  - VEHICLE:veh_4 (at simulation time 64.303,800,000 s)
2023-07-08 13:17:30,614 INFO  - GEOLOCATION:GeoPoint{lat=52.512903,lon=13.328094,alt=0.00} (at simulation time 64.303,800,000 s)
2023-07-08 13:17:30,614 INFO  - VEHICLE:veh_3 (at simulation time 64.402,800,000 s)
2023-07-08 13:17:30,614 INFO  - GEOLOCATION:GeoPoint{lat=52.512859,lon=13.328094,alt=0.00} (at simulation time 64.402,800,000 s)
2023-07-08 13:17:30,614 INFO  - VEHICLE:veh_5 (at simulation time 64.402,800,000 s)
2023-07-08 13:17:30,614 INFO  - GEOLOCATION:GeoPoint{lat=52.512899,lon=13.328094,alt=0.00} (at simulation time 64.402,800,000 s)
2023-07-08 13:17:30,614 INFO  - VEHICLE:veh_3 (at simulation time 64.403,300,000 s)
2023-07-08 13:17:30,615 INFO  - GEOLOCATION:GeoPoint{lat=52.512854,lon=13.328094,alt=0.00} (at simulation time 64.403,300,000 s)
2023-07-08 13:17:30,615 INFO  - VEHICLE:veh_3 (at simulation time 64.404,800,000 s)
2023-07-08 13:17:30,615 INFO  - GEOLOCATION:GeoPoint{lat=52.512875,lon=13.328302,alt=0.00} (at simulation time 64.404,800,000 s)
2023-07-08 13:17:30,615 INFO  - VEHICLE:veh_6 (at simulation time 64.501,300,000 s)
2023-07-08 13:17:30,615 INFO  - GEOLOCATION:GeoPoint{lat=52.512829,lon=13.328094,alt=0.00} (at simulation time 64.501,300,000 s)
2023-07-08 13:17:30,615 INFO  - VEHICLE:veh_6 (at simulation time 64.501,300,000 s)
2023-07-08 13:17:30,615 INFO  - GEOLOCATION:GeoPoint{lat=52.512899,lon=13.328094,alt=0.00} (at simulation time 64.501,300,000 s)
2023-07-08 13:17:30,615 INFO  - VEHICLE:veh_3 (at simulation time 64.502,800,000 s)
2023-07-08 13:17:30,615 INFO  - GEOLOCATION:GeoPoint{lat=52.512877,lon=13.328504,alt=0.00} (at simulation time 64.502,800,000 s)
2023-07-08 13:17:30,615 INFO  - VEHICLE:veh_3 (at simulation time 64.502,800,000 s)
2023-07-08 13:17:30,615 INFO  - GEOLOCATION:GeoPoint{lat=52.512884,lon=13.328094,alt=0.00} (at simulation time 64.502,800,000 s)
2023-07-08 13:17:30,615 INFO  - VEHICLE:veh_6 (at simulation time 64.600,800,000 s)
2023-07-08 13:17:30,615 INFO  - GEOLOCATION:GeoPoint{lat=52.512859,lon=13.328116,alt=0.00} (at simulation time 64.600,800,000 s)
2023-07-08 13:17:30,616 INFO  - VEHICLE:veh_3 (at simulation time 64.601,800,000 s)
2023-07-08 13:17:30,616 INFO  - GEOLOCATION:GeoPoint{lat=52.512899,lon=13.328094,alt=0.00} (at simulation time 64.601,800,000 s)
2023-07-08 13:17:30,616 INFO  - VEHICLE:veh_5 (at simulation time 64.602,300,000 s)
2023-07-08 13:17:30,616 INFO  - GEOLOCATION:GeoPoint{lat=52.512868,lon=13.328094,alt=0.00} (at simulation time 64.602,300,000 s)
2023-07-08 13:17:30,616 INFO  - VEHICLE:veh_4 (at simulation time 64.602,300,000 s)
2023-07-08 13:17:30,616 INFO  - GEOLOCATION:GeoPoint{lat=52.512845,lon=13.328094,alt=0.00} (at simulation time 64.602,300,000 s)
2023-07-08 13:17:30,616 INFO  - VEHICLE:veh_3 (at simulation time 64.701,800,000 s)
2023-07-08 13:17:30,616 INFO  - GEOLOCATION:GeoPoint{lat=52.512801,lon=13.328094,alt=0.00} (at simulation time 64.701,800,000 s)
2023-07-08 13:17:30,616 INFO  - VEHICLE:veh_4 (at simulation time 64.702,300,000 s)
2023-07-08 13:17:30,616 INFO  - GEOLOCATION:GeoPoint{lat=52.512882,lon=13.328601,alt=0.00} (at simulation time 64.702,300,000 s)
2023-07-08 13:17:30,616 INFO  - VEHICLE:veh_4 (at simulation time 64.702,800,000 s)
2023-07-08 13:17:30,616 INFO  - GEOLOCATION:GeoPoint{lat=52.512912,lon=13.328094,alt=0.00} (at simulation time 64.702,800,000 s)
2023-07-08 13:17:30,616 INFO  - VEHICLE:veh_3 (at simulation time 64.703,300,000 s)
2023-07-08 13:17:30,616 INFO  - GEOLOCATION:GeoPoint{lat=52.512899,lon=13.328094,alt=0.00} (at simulation time 64.703,300,000 s)
2023-07-08 13:17:30,616 INFO  - VEHICLE:veh_2 (at simulation time 64.801,800,000 s)
2023-07-08 13:17:30,616 INFO  - GEOLOCATION:GeoPoint{lat=52.512878,lon=13.328525,alt=0.00} (at simulation time 64.801,800,000 s)
2023-07-08 13:17:30,616 INFO  - VEHICLE:veh_3 (at simulation time 64.801,800,000 s)
2023-07-08 13:17:30,617 INFO  - GEOLOCATION:GeoPoint{lat=52.512899,lon=13.328094,alt=0.00} (at simulation time 64.801,800,000 s)
2023-07-08 13:17:30,617 INFO  - VEHICLE:veh_5 (at simulation time 64.802,800,000 s)
2023-07-08 13:17:30,617 INFO  - GEOLOCATION:GeoPoint{lat=52.512902,lon=13.328094,alt=0.00} (at simulation time 64.802,800,000 s)
2023-07-08 13:17:30,617 INFO  - VEHICLE:veh_6 (at simulation time 64.802,800,000 s)
2023-07-08 13:17:30,617 INFO  - GEOLOCATION:GeoPoint{lat=52.512811,lon=13.328094,alt=0.00} (at simulation time 64.802,800,000 s)
2023-07-08 13:17:30,617 INFO  - VEHICLE:veh_5 (at simulation time 64.903,800,000 s)
2023-07-08 13:17:30,617 INFO  - GEOLOCATION:GeoPoint{lat=52.512904,lon=13.328007,alt=0.00} (at simulation time 64.903,800,000 s)
2023-07-08 13:17:30,617 INFO  - VEHICLE:veh_2 (at simulation time 64.903,800,000 s)
2023-07-08 13:17:30,617 INFO  - GEOLOCATION:GeoPoint{lat=52.512811,lon=13.328094,alt=0.00} (at simulation time 64.903,800,000 s)
2023-07-08 13:17:30,617 INFO  - VEHICLE:veh_4 (at simulation time 64.903,800,000 s)
2023-07-08 13:17:30,617 INFO  - GEOLOCATION:GeoPoint{lat=52.512899,lon=13.328094,alt=0.00} (at simulation time 64.903,800,000 s)
2023-07-08 13:17:30,617 INFO  - VEHICLE:veh_5 (at simulation time 64.904,300,000 s)
2023-07-08 13:17:30,617 INFO  - GEOLOCATION:GeoPoint{lat=52.512902,lon=13.328094,alt=0.00} (at simulation time 64.904,300,000 s)
2023-07-08 13:17:30,623 INFO  - VEHICLE:veh_2 (at simulation time 65.001,800,000 s)
2023-07-08 13:17:30,623 INFO  - GEOLOCATION:GeoPoint{lat=52.512914,lon=13.328289,alt=0.00} (at simulation time 65.001,800,000 s)
2023-07-08 13:17:30,623 INFO  - VEHICLE:veh_2 (at simulation time 65.003,300,000 s)
2023-07-08 13:17:30,623 INFO  - GEOLOCATION:GeoPoint{lat=52.512838,lon=13.328289,alt=0.00} (at simulation time 65.003,300,000 s)
2023-07-08 13:17:30,624 INFO  - VEHICLE:veh_2 (at simulation time 65.103,800,000 s)
2023-07-08 13:17:30,624 INFO  - GEOLOCATION:GeoPoint{lat=52.512912,lon=13.328520,alt=0.00} (at simulation time 65.103,800,000 s)
2023-07-08 13:17:30,624 INFO  - VEHICLE:veh_2 (at simulation time 65.103,800,000 s)
2023-07-08 13:17:30,624 INFO  - GEOLOCATION:GeoPoint{lat=52.512827,lon=13.328289,alt=0.00} (at simulation time 65.103,800,000 s)
2023-07-08 13:17:30,624 INFO  - VEHICLE:veh_2 (at simulation time 65.201,800,000 s)
2023-07-08 13:17:30,624 INFO  - GEOLOCATION:GeoPoint{lat=52.512872,lon=13.328551,alt=0.00} (at simulation time 65.201,800,000 s)
2023-07-08 13:17:30,624 INFO  - VEHICLE:veh_2 (at simulation time 65.201,800,000 s)
2023-07-08 13:17:30,624 INFO  - GEOLOCATION:GeoPoint{lat=52.512820,lon=13.328289,alt=0.00} (at simulation time 65.201,800,000 s)
2023-07-08 13:17:30,625 INFO  - VEHICLE:veh_2 (at simulation time 65.302,800,000 s)
2023-07-08 13:17:30,625 INFO  - GEOLOCATION:GeoPoint{lat=52.512927,lon=13.328289,alt=0.00} (at simulation time 65.302,800,000 s)
2023-07-08 13:17:30,625 INFO  - VEHICLE:veh_2 (at simulation time 65.302,800,000 s)
2023-07-08 13:17:30,625 INFO  - GEOLOCATION:GeoPoint{lat=52.512817,lon=13.328289,alt=0.00} (at simulation time 65.302,800,000 s)
2023-07-08 13:17:30,625 INFO  - VEHICLE:veh_6 (at simulation time 65.401,300,000 s)
2023-07-08 13:17:30,625 INFO  - GEOLOCATION:GeoPoint{lat=52.512856,lon=13.328289,alt=0.00} (at simulation time 65.401,300,000 s)
2023-07-08 13:17:30,625 INFO  - VEHICLE:veh_6 (at simulation time 65.402,800,000 s)
2023-07-08 13:17:30,625 INFO  - GEOLOCATION:GeoPoint{lat=52.512896,lon=13.328366,alt=0.00} (at simulation time 65.402,800,000 s)
2023-07-08 13:17:30,626 INFO  - VEHICLE:veh_6 (at simulation time 65.501,800,000 s)
2023-07-08 13:17:30,626 INFO  - GEOLOCATION:GeoPoint{lat=52.512875,lon=13.328289,alt=0.00} (at simulation time 65.501,800,000 s)
2023-07-08 13:17:30,626 INFO  - VEHICLE:veh_2 (at simulation time 65.703,300,000 s)
2023-07-08 13:17:30,626 INFO  - GEOLOCATION:GeoPoint{lat=52.512920,lon=13.328289,alt=0.00} (at simulation time 65.703,300,000 s)
2023-07-08 13:17:30,627 INFO  - VEHICLE:veh_2 (at simulation time 65.801,800,000 s)
2023-07-08 13:17:30,627 INFO  - GEOLOCATION:GeoPoint{lat=52.512917,lon=13.328289,alt=0.00} (at simulation time 65.801,800,000 s)
2023-07-08 13:17:30,627 INFO  - VEHICLE:veh_6 (at simulation time 65.802,300,000 s)
2023-07-08 13:17:30,627 INFO  - GEOLOCATION:GeoPoint{lat=52.512914,lon=13.328289,alt=0.00} (at simulation time 65.802,300,000 s)
2023-07-08 13:17:30,627 INFO  - VEHICLE:veh_6 (at simulation time 65.802,800,000 s)
2023-07-08 13:17:30,627 INFO  - GEOLOCATION:GeoPoint{lat=52.512874,lon=13.328402,alt=0.00} (at simulation time 65.802,800,000 s)
2023-07-08 13:17:30,627 INFO  - VEHICLE:veh_6 (at simulation time 65.902,800,000 s)
2023-07-08 13:17:30,627 INFO  - GEOLOCATION:GeoPoint{lat=52.512882,lon=13.328289,alt=0.00} (at simulation time 65.902,800,000 s)
2023-07-08 13:17:30,627 INFO  - VEHICLE:veh_6 (at simulation time 65.902,800,000 s)
2023-07-08 13:17:30,627 INFO  - GEOLOCATION:GeoPoint{lat=52.512914,lon=13.328289,alt=0.00} (at simulation time 65.902,800,000 s)
2023-07-08 13:17:30,627 INFO  - VEHICLE:veh_2 (at simulation time 65.903,800,000 s)
2023-07-08 13:17:30,627 INFO  - GEOLOCATION:GeoPoint{lat=52.512902,lon=13.328393,alt=0.00} (at simulation time 65.903,800,000 s)
2023-07-08 13:17:30,916 INFO  - Shutdown application (at simulation time 140.000,000,000 s)
