2023-07-08 13:13:59,924 INFO  - Initialize application (at simulation time 2.000,000,000 s)
2023-07-08 13:13:59,928 INFO  - Activated WLAN Module (at simulation time 2.000,000,000 s)
2023-07-08 13:14:00,057 INFO  - VEHICLE:veh_2 (at simulation time 59.002,300,000 s)
2023-07-08 13:14:00,057 INFO  - GEOLOCATION:GeoPoint{lat=52.512833,lon=13.327197,alt=0.00} (at simulation time 59.002,300,000 s)
2023-07-08 13:14:00,057 INFO  - VEHICLE:veh_3 (at simulation time 59.002,800,000 s)
2023-07-08 13:14:00,057 INFO  - GEOLOCATION:GeoPoint{lat=52.512741,lon=13.327197,alt=0.00} (at simulation time 59.002,800,000 s)
2023-07-08 13:14:00,063 INFO  - VEHICLE:veh_5 (at simulation time 59.103,800,000 s)
2023-07-08 13:14:00,063 INFO  - GEOLOCATION:GeoPoint{lat=52.512741,lon=13.327197,alt=0.00} (at simulation time 59.103,800,000 s)
2023-07-08 13:14:00,063 INFO  - VEHICLE:veh_4 (at simulation time 59.104,300,000 s)
2023-07-08 13:14:00,063 INFO  - GEOLOCATION:GeoPoint{lat=52.512833,lon=13.327197,alt=0.00} (at simulation time 59.104,300,000 s)
2023-07-08 13:14:00,066 INFO  - VEHICLE:veh_6 (at simulation time 59.202,300,000 s)
2023-07-08 13:14:00,066 INFO  - GEOLOCATION:GeoPoint{lat=52.512833,lon=13.327197,alt=0.00} (at simulation time 59.202,300,000 s)
2023-07-08 13:14:00,066 INFO  - VEHICLE:veh_2 (at simulation time 59.203,300,000 s)
2023-07-08 13:14:00,066 INFO  - GEOLOCATION:GeoPoint{lat=52.512741,lon=13.327197,alt=0.00} (at simulation time 59.203,300,000 s)
2023-07-08 13:14:00,067 INFO  - VEHICLE:veh_2 (at simulation time 59.303,300,000 s)
2023-07-08 13:14:00,067 INFO  - GEOLOCATION:GeoPoint{lat=52.512741,lon=13.327197,alt=0.00} (at simulation time 59.303,300,000 s)
2023-07-08 13:14:00,067 INFO  - VEHICLE:veh_6 (at simulation time 59.304,300,000 s)
2023-07-08 13:14:00,067 INFO  - GEOLOCATION:GeoPoint{lat=52.512833,lon=13.327197,alt=0.00} (at simulation time 59.304,300,000 s)
2023-07-08 13:14:00,068 INFO  - VEHICLE:veh_4 (at simulation time 59.402,300,000 s)
2023-07-08 13:14:00,068 INFO  - GEOLOCATION:GeoPoint{lat=52.512833,lon=13.327197,alt=0.00} (at simulation time 59.402,300,000 s)
2023-07-08 13:14:00,068 INFO  - VEHICLE:veh_2 (at simulation time 59.403,800,000 s)
2023-07-08 13:14:00,068 INFO  - GEOLOCATION:GeoPoint{lat=52.512741,lon=13.327197,alt=0.00} (at simulation time 59.403,800,000 s)
2023-07-08 13:14:00,069 INFO  - VEHICLE:veh_2 (at simulation time 59.502,300,000 s)
2023-07-08 13:14:00,069 INFO  - GEOLOCATION:GeoPoint{lat=52.512741,lon=13.327197,alt=0.00} (at simulation time 59.502,300,000 s)
2023-07-08 13:14:00,069 INFO  - VEHICLE:veh_6 (at simulation time 59.503,800,000 s)
2023-07-08 13:14:00,069 INFO  - GEOLOCATION:GeoPoint{lat=52.512833,lon=13.327197,alt=0.00} (at simulation time 59.503,800,000 s)
2023-07-08 13:14:00,070 INFO  - VEHICLE:veh_4 (at simulation time 59.602,800,000 s)
2023-07-08 13:14:00,070 INFO  - GEOLOCATION:GeoPoint{lat=52.512833,lon=13.327197,alt=0.00} (at simulation time 59.602,800,000 s)
2023-07-08 13:14:00,070 INFO  - VEHICLE:veh_6 (at simulation time 59.603,300,000 s)
2023-07-08 13:14:00,070 INFO  - GEOLOCATION:GeoPoint{lat=52.512741,lon=13.327197,alt=0.00} (at simulation time 59.603,300,000 s)
2023-07-08 13:14:00,070 INFO  - VEHICLE:veh_5 (at simulation time 59.702,300,000 s)
2023-07-08 13:14:00,070 INFO  - GEOLOCATION:GeoPoint{lat=52.512833,lon=13.327197,alt=0.00} (at simulation time 59.702,300,000 s)
2023-07-08 13:14:00,070 INFO  - VEHICLE:veh_5 (at simulation time 59.702,300,000 s)
2023-07-08 13:14:00,070 INFO  - GEOLOCATION:GeoPoint{lat=52.512741,lon=13.327197,alt=0.00} (at simulation time 59.702,300,000 s)
2023-07-08 13:14:00,071 INFO  - VEHICLE:veh_6 (at simulation time 59.803,800,000 s)
2023-07-08 13:14:00,071 INFO  - GEOLOCATION:GeoPoint{lat=52.512833,lon=13.327197,alt=0.00} (at simulation time 59.803,800,000 s)
2023-07-08 13:14:00,071 INFO  - VEHICLE:veh_2 (at simulation time 59.804,300,000 s)
2023-07-08 13:14:00,071 INFO  - GEOLOCATION:GeoPoint{lat=52.512741,lon=13.327197,alt=0.00} (at simulation time 59.804,300,000 s)
2023-07-08 13:14:00,072 INFO  - VEHICLE:veh_5 (at simulation time 59.902,300,000 s)
2023-07-08 13:14:00,072 INFO  - GEOLOCATION:GeoPoint{lat=52.512833,lon=13.327197,alt=0.00} (at simulation time 59.902,300,000 s)
2023-07-08 13:14:00,072 INFO  - VEHICLE:veh_6 (at simulation time 59.902,800,000 s)
2023-07-08 13:14:00,072 INFO  - GEOLOCATION:GeoPoint{lat=52.512741,lon=13.327197,alt=0.00} (at simulation time 59.902,800,000 s)
2023-07-08 13:14:00,078 INFO  - VEHICLE:veh_2 (at simulation time 60.002,300,000 s)
2023-07-08 13:14:00,079 INFO  - GEOLOCATION:GeoPoint{lat=52.512752,lon=13.327351,alt=0.00} (at simulation time 60.002,300,000 s)
2023-07-08 13:14:00,079 INFO  - VEHICLE:veh_3 (at simulation time 60.003,300,000 s)
2023-07-08 13:14:00,079 INFO  - GEOLOCATION:GeoPoint{lat=52.512843,lon=13.327351,alt=0.00} (at simulation time 60.003,300,000 s)
2023-07-08 13:14:00,079 INFO  - VEHICLE:veh_6 (at simulation time 60.103,300,000 s)
2023-07-08 13:14:00,079 INFO  - GEOLOCATION:GeoPoint{lat=52.512752,lon=13.327351,alt=0.00} (at simulation time 60.103,300,000 s)
2023-07-08 13:14:00,079 INFO  - VEHICLE:veh_3 (at simulation time 60.103,800,000 s)
2023-07-08 13:14:00,079 INFO  - GEOLOCATION:GeoPoint{lat=52.512843,lon=13.327351,alt=0.00} (at simulation time 60.103,800,000 s)
2023-07-08 13:14:00,080 INFO  - VEHICLE:veh_3 (at simulation time 60.203,300,000 s)
2023-07-08 13:14:00,080 INFO  - GEOLOCATION:GeoPoint{lat=52.512843,lon=13.327351,alt=0.00} (at simulation time 60.203,300,000 s)
2023-07-08 13:14:00,080 INFO  - VEHICLE:veh_4 (at simulation time 60.204,800,000 s)
2023-07-08 13:14:00,080 INFO  - GEOLOCATION:GeoPoint{lat=52.512752,lon=13.327351,alt=0.00} (at simulation time 60.204,800,000 s)
2023-07-08 13:14:00,081 INFO  - VEHICLE:veh_2 (at simulation time 60.302,800,000 s)
2023-07-08 13:14:00,081 INFO  - GEOLOCATION:GeoPoint{lat=52.512752,lon=13.327351,alt=0.00} (at simulation time 60.302,800,000 s)
2023-07-08 13:14:00,081 INFO  - VEHICLE:veh_2 (at simulation time 60.303,300,000 s)
2023-07-08 13:14:00,081 INFO  - GEOLOCATION:GeoPoint{lat=52.512843,lon=13.327351,alt=0.00} (at simulation time 60.303,300,000 s)
2023-07-08 13:14:00,082 INFO  - VEHICLE:veh_2 (at simulation time 60.401,800,000 s)
2023-07-08 13:14:00,082 INFO  - GEOLOCATION:GeoPoint{lat=52.512752,lon=13.327351,alt=0.00} (at simulation time 60.401,800,000 s)
2023-07-08 13:14:00,082 INFO  - VEHICLE:veh_2 (at simulation time 60.403,300,000 s)
2023-07-08 13:14:00,082 INFO  - GEOLOCATION:GeoPoint{lat=52.512843,lon=13.327351,alt=0.00} (at simulation time 60.403,300,000 s)
2023-07-08 13:14:00,082 INFO  - VEHICLE:veh_3 (at simulation time 60.502,300,000 s)
2023-07-08 13:14:00,082 INFO  - GEOLOCATION:GeoPoint{lat=52.512752,lon=13.327351,alt=0.00} (at simulation time 60.502,300,000 s)
2023-07-08 13:14:00,082 INFO  - VEHICLE:veh_2 (at simulation time 60.503,800,000 s)
2023-07-08 13:14:00,082 INFO  - GEOLOCATION:GeoPoint{lat=52.512843,lon=13.327351,alt=0.00} (at simulation time 60.503,800,000 s)
2023-07-08 13:14:00,083 INFO  - VEHICLE:veh_5 (at simulation time 60.601,800,000 s)
2023-07-08 13:14:00,083 INFO  - GEOLOCATION:GeoPoint{lat=52.512843,lon=13.327351,alt=0.00} (at simulation time 60.601,800,000 s)
2023-07-08 13:14:00,083 INFO  - VEHICLE:veh_3 (at simulation time 60.601,800,000 s)
2023-07-08 13:14:00,083 INFO  - GEOLOCATION:GeoPoint{lat=52.512752,lon=13.327351,alt=0.00} (at simulation time 60.601,800,000 s)
2023-07-08 13:14:00,084 INFO  - VEHICLE:veh_3 (at simulation time 60.702,800,000 s)
2023-07-08 13:14:00,084 INFO  - GEOLOCATION:GeoPoint{lat=52.512843,lon=13.327351,alt=0.00} (at simulation time 60.702,800,000 s)
2023-07-08 13:14:00,084 INFO  - VEHICLE:veh_3 (at simulation time 60.703,300,000 s)
2023-07-08 13:14:00,084 INFO  - GEOLOCATION:GeoPoint{lat=52.512752,lon=13.327351,alt=0.00} (at simulation time 60.703,300,000 s)
2023-07-08 13:14:00,085 INFO  - VEHICLE:veh_3 (at simulation time 60.802,300,000 s)
2023-07-08 13:14:00,085 INFO  - GEOLOCATION:GeoPoint{lat=52.512752,lon=13.327351,alt=0.00} (at simulation time 60.802,300,000 s)
2023-07-08 13:14:00,085 INFO  - VEHICLE:veh_4 (at simulation time 60.803,300,000 s)
2023-07-08 13:14:00,085 INFO  - GEOLOCATION:GeoPoint{lat=52.512843,lon=13.327351,alt=0.00} (at simulation time 60.803,300,000 s)
2023-07-08 13:14:00,085 INFO  - VEHICLE:veh_4 (at simulation time 60.902,300,000 s)
2023-07-08 13:14:00,086 INFO  - GEOLOCATION:GeoPoint{lat=52.512752,lon=13.327351,alt=0.00} (at simulation time 60.902,300,000 s)
2023-07-08 13:14:00,086 INFO  - VEHICLE:veh_4 (at simulation time 60.902,800,000 s)
2023-07-08 13:14:00,086 INFO  - GEOLOCATION:GeoPoint{lat=52.512843,lon=13.327351,alt=0.00} (at simulation time 60.902,800,000 s)
2023-07-08 13:14:00,088 INFO  - VEHICLE:veh_5 (at simulation time 61.001,800,000 s)
2023-07-08 13:14:00,089 INFO  - GEOLOCATION:GeoPoint{lat=52.512857,lon=13.327516,alt=0.00} (at simulation time 61.001,800,000 s)
2023-07-08 13:14:00,089 INFO  - VEHICLE:veh_6 (at simulation time 61.003,800,000 s)
2023-07-08 13:14:00,089 INFO  - GEOLOCATION:GeoPoint{lat=52.512765,lon=13.327516,alt=0.00} (at simulation time 61.003,800,000 s)
2023-07-08 13:14:00,089 INFO  - VEHICLE:veh_5 (at simulation time 61.102,800,000 s)
2023-07-08 13:14:00,089 INFO  - GEOLOCATION:GeoPoint{lat=52.512765,lon=13.327516,alt=0.00} (at simulation time 61.102,800,000 s)
2023-07-08 13:14:00,089 INFO  - VEHICLE:veh_6 (at simulation time 61.103,800,000 s)
2023-07-08 13:14:00,090 INFO  - GEOLOCATION:GeoPoint{lat=52.512857,lon=13.327516,alt=0.00} (at simulation time 61.103,800,000 s)
2023-07-08 13:14:00,090 INFO  - VEHICLE:veh_4 (at simulation time 61.201,300,000 s)
2023-07-08 13:14:00,090 INFO  - GEOLOCATION:GeoPoint{lat=52.512857,lon=13.327516,alt=0.00} (at simulation time 61.201,300,000 s)
2023-07-08 13:14:00,090 INFO  - VEHICLE:veh_3 (at simulation time 61.201,300,000 s)
2023-07-08 13:14:00,090 INFO  - GEOLOCATION:GeoPoint{lat=52.512765,lon=13.327516,alt=0.00} (at simulation time 61.201,300,000 s)
2023-07-08 13:14:00,091 INFO  - VEHICLE:veh_3 (at simulation time 61.300,800,000 s)
2023-07-08 13:14:00,091 INFO  - GEOLOCATION:GeoPoint{lat=52.512765,lon=13.327516,alt=0.00} (at simulation time 61.300,800,000 s)
2023-07-08 13:14:00,091 INFO  - VEHICLE:veh_4 (at simulation time 61.302,300,000 s)
2023-07-08 13:14:00,091 INFO  - GEOLOCATION:GeoPoint{lat=52.512857,lon=13.327516,alt=0.00} (at simulation time 61.302,300,000 s)
2023-07-08 13:14:00,092 INFO  - VEHICLE:veh_5 (at simulation time 61.401,800,000 s)
2023-07-08 13:14:00,092 INFO  - GEOLOCATION:GeoPoint{lat=52.512857,lon=13.327516,alt=0.00} (at simulation time 61.401,800,000 s)
2023-07-08 13:14:00,092 INFO  - VEHICLE:veh_5 (at simulation time 61.402,800,000 s)
2023-07-08 13:14:00,092 INFO  - GEOLOCATION:GeoPoint{lat=52.512765,lon=13.327516,alt=0.00} (at simulation time 61.402,800,000 s)
2023-07-08 13:14:00,092 INFO  - VEHICLE:veh_4 (at simulation time 61.502,800,000 s)
2023-07-08 13:14:00,092 INFO  - GEOLOCATION:GeoPoint{lat=52.512857,lon=13.327516,alt=0.00} (at simulation time 61.502,800,000 s)
2023-07-08 13:14:00,092 INFO  - VEHICLE:veh_5 (at simulation time 61.503,300,000 s)
2023-07-08 13:14:00,092 INFO  - GEOLOCATION:GeoPoint{lat=52.512765,lon=13.327516,alt=0.00} (at simulation time 61.503,300,000 s)
2023-07-08 13:14:00,093 INFO  - VEHICLE:veh_2 (at simulation time 61.603,300,000 s)
2023-07-08 13:14:00,093 INFO  - GEOLOCATION:GeoPoint{lat=52.512857,lon=13.327516,alt=0.00} (at simulation time 61.603,300,000 s)
2023-07-08 13:14:00,093 INFO  - VEHICLE:veh_4 (at simulation time 61.603,300,000 s)
2023-07-08 13:14:00,093 INFO  - GEOLOCATION:GeoPoint{lat=52.512765,lon=13.327516,alt=0.00} (at simulation time 61.603,300,000 s)
2023-07-08 13:14:00,094 INFO  - VEHICLE:veh_5 (at simulation time 61.702,300,000 s)
2023-07-08 13:14:00,094 INFO  - GEOLOCATION:GeoPoint{lat=52.512857,lon=13.327516,alt=0.00} (at simulation time 61.702,300,000 s)
2023-07-08 13:14:00,094 INFO  - VEHICLE:veh_6 (at simulation time 61.702,800,000 s)
2023-07-08 13:14:00,094 INFO  - GEOLOCATION:GeoPoint{lat=52.512765,lon=13.327516,alt=0.00} (at simulation time 61.702,800,000 s)
2023-07-08 13:14:00,095 INFO  - VEHICLE:veh_6 (at simulation time 61.801,300,000 s)
2023-07-08 13:14:00,095 INFO  - GEOLOCATION:GeoPoint{lat=52.512765,lon=13.327516,alt=0.00} (at simulation time 61.801,300,000 s)
2023-07-08 13:14:00,095 INFO  - VEHICLE:veh_5 (at simulation time 61.802,800,000 s)
2023-07-08 13:14:00,095 INFO  - GEOLOCATION:GeoPoint{lat=52.512857,lon=13.327516,alt=0.00} (at simulation time 61.802,800,000 s)
2023-07-08 13:14:00,095 INFO  - VEHICLE:veh_3 (at simulation time 61.903,800,000 s)
2023-07-08 13:14:00,095 INFO  - GEOLOCATION:GeoPoint{lat=52.512765,lon=13.327516,alt=0.00} (at simulation time 61.903,800,000 s)
2023-07-08 13:14:00,095 INFO  - VEHICLE:veh_4 (at simulation time 61.904,300,000 s)
2023-07-08 13:14:00,096 INFO  - GEOLOCATION:GeoPoint{lat=52.512857,lon=13.327516,alt=0.00} (at simulation time 61.904,300,000 s)
2023-07-08 13:14:00,098 INFO  - VEHICLE:veh_4 (at simulation time 62.002,800,000 s)
2023-07-08 13:14:00,098 INFO  - GEOLOCATION:GeoPoint{lat=52.512875,lon=13.327701,alt=0.00} (at simulation time 62.002,800,000 s)
2023-07-08 13:14:00,098 INFO  - VEHICLE:veh_6 (at simulation time 62.002,800,000 s)
2023-07-08 13:14:00,098 INFO  - GEOLOCATION:GeoPoint{lat=52.512776,lon=13.327701,alt=0.00} (at simulation time 62.002,800,000 s)
2023-07-08 13:14:00,099 INFO  - VEHICLE:veh_2 (at simulation time 62.102,800,000 s)
2023-07-08 13:14:00,099 INFO  - GEOLOCATION:GeoPoint{lat=52.512776,lon=13.327701,alt=0.00} (at simulation time 62.102,800,000 s)
2023-07-08 13:14:00,099 INFO  - VEHICLE:veh_3 (at simulation time 62.103,300,000 s)
2023-07-08 13:14:00,099 INFO  - GEOLOCATION:GeoPoint{lat=52.512875,lon=13.327701,alt=0.00} (at simulation time 62.103,300,000 s)
2023-07-08 13:14:00,099 INFO  - VEHICLE:veh_6 (at simulation time 62.202,800,000 s)
2023-07-08 13:14:00,099 INFO  - GEOLOCATION:GeoPoint{lat=52.512776,lon=13.327701,alt=0.00} (at simulation time 62.202,800,000 s)
2023-07-08 13:14:00,099 INFO  - VEHICLE:veh_3 (at simulation time 62.203,300,000 s)
2023-07-08 13:14:00,099 INFO  - GEOLOCATION:GeoPoint{lat=52.512875,lon=13.327701,alt=0.00} (at simulation time 62.203,300,000 s)
2023-07-08 13:14:00,100 INFO  - VEHICLE:veh_2 (at simulation time 62.302,800,000 s)
2023-07-08 13:14:00,100 INFO  - GEOLOCATION:GeoPoint{lat=52.512776,lon=13.327701,alt=0.00} (at simulation time 62.302,800,000 s)
2023-07-08 13:14:00,100 INFO  - VEHICLE:veh_5 (at simulation time 62.303,800,000 s)
2023-07-08 13:14:00,100 INFO  - GEOLOCATION:GeoPoint{lat=52.512875,lon=13.327701,alt=0.00} (at simulation time 62.303,800,000 s)
2023-07-08 13:14:00,101 INFO  - VEHICLE:veh_6 (at simulation time 62.401,800,000 s)
2023-07-08 13:14:00,101 INFO  - GEOLOCATION:GeoPoint{lat=52.512776,lon=13.327701,alt=0.00} (at simulation time 62.401,800,000 s)
2023-07-08 13:14:00,101 INFO  - VEHICLE:veh_2 (at simulation time 62.402,300,000 s)
2023-07-08 13:14:00,101 INFO  - GEOLOCATION:GeoPoint{lat=52.512875,lon=13.327701,alt=0.00} (at simulation time 62.402,300,000 s)
2023-07-08 13:14:00,101 INFO  - VEHICLE:veh_6 (at simulation time 62.501,300,000 s)
2023-07-08 13:14:00,101 INFO  - GEOLOCATION:GeoPoint{lat=52.512776,lon=13.327701,alt=0.00} (at simulation time 62.501,300,000 s)
2023-07-08 13:14:00,101 INFO  - VEHICLE:veh_5 (at simulation time 62.503,300,000 s)
2023-07-08 13:14:00,102 INFO  - GEOLOCATION:GeoPoint{lat=52.512875,lon=13.327701,alt=0.00} (at simulation time 62.503,300,000 s)
2023-07-08 13:14:00,102 INFO  - VEHICLE:veh_6 (at simulation time 62.601,800,000 s)
2023-07-08 13:14:00,102 INFO  - GEOLOCATION:GeoPoint{lat=52.512875,lon=13.327701,alt=0.00} (at simulation time 62.601,800,000 s)
2023-07-08 13:14:00,102 INFO  - VEHICLE:veh_6 (at simulation time 62.602,300,000 s)
2023-07-08 13:14:00,102 INFO  - GEOLOCATION:GeoPoint{lat=52.512776,lon=13.327701,alt=0.00} (at simulation time 62.602,300,000 s)
2023-07-08 13:14:00,103 INFO  - VEHICLE:veh_2 (at simulation time 62.702,800,000 s)
2023-07-08 13:14:00,103 INFO  - GEOLOCATION:GeoPoint{lat=52.512875,lon=13.327701,alt=0.00} (at simulation time 62.702,800,000 s)
2023-07-08 13:14:00,103 INFO  - VEHICLE:veh_3 (at simulation time 62.703,300,000 s)
2023-07-08 13:14:00,103 INFO  - GEOLOCATION:GeoPoint{lat=52.512776,lon=13.327701,alt=0.00} (at simulation time 62.703,300,000 s)
2023-07-08 13:14:00,103 INFO  - VEHICLE:veh_6 (at simulation time 62.802,300,000 s)
2023-07-08 13:14:00,103 INFO  - GEOLOCATION:GeoPoint{lat=52.512776,lon=13.327701,alt=0.00} (at simulation time 62.802,300,000 s)
2023-07-08 13:14:00,103 INFO  - VEHICLE:veh_3 (at simulation time 62.803,800,000 s)
2023-07-08 13:14:00,103 INFO  - GEOLOCATION:GeoPoint{lat=52.512875,lon=13.327701,alt=0.00} (at simulation time 62.803,800,000 s)
2023-07-08 13:14:00,104 INFO  - VEHICLE:veh_5 (at simulation time 62.902,800,000 s)
2023-07-08 13:14:00,104 INFO  - GEOLOCATION:GeoPoint{lat=52.512776,lon=13.327701,alt=0.00} (at simulation time 62.902,800,000 s)
2023-07-08 13:14:00,104 INFO  - VEHICLE:veh_4 (at simulation time 62.904,800,000 s)
2023-07-08 13:14:00,104 INFO  - GEOLOCATION:GeoPoint{lat=52.512875,lon=13.327701,alt=0.00} (at simulation time 62.904,800,000 s)
2023-07-08 13:14:00,107 INFO  - VEHICLE:veh_4 (at simulation time 63.001,800,000 s)
2023-07-08 13:14:00,107 INFO  - GEOLOCATION:GeoPoint{lat=52.512896,lon=13.327897,alt=0.00} (at simulation time 63.001,800,000 s)
2023-07-08 13:14:00,107 INFO  - VEHICLE:veh_5 (at simulation time 63.002,800,000 s)
2023-07-08 13:14:00,107 INFO  - GEOLOCATION:GeoPoint{lat=52.512786,lon=13.327897,alt=0.00} (at simulation time 63.002,800,000 s)
2023-07-08 13:14:00,108 INFO  - VEHICLE:veh_3 (at simulation time 63.104,300,000 s)
2023-07-08 13:14:00,108 INFO  - GEOLOCATION:GeoPoint{lat=52.512896,lon=13.327897,alt=0.00} (at simulation time 63.104,300,000 s)
2023-07-08 13:14:00,108 INFO  - VEHICLE:veh_5 (at simulation time 63.104,300,000 s)
2023-07-08 13:14:00,108 INFO  - GEOLOCATION:GeoPoint{lat=52.512786,lon=13.327897,alt=0.00} (at simulation time 63.104,300,000 s)
2023-07-08 13:14:00,108 INFO  - VEHICLE:veh_3 (at simulation time 63.203,300,000 s)
2023-07-08 13:14:00,108 INFO  - GEOLOCATION:GeoPoint{lat=52.512896,lon=13.327897,alt=0.00} (at simulation time 63.203,300,000 s)
2023-07-08 13:14:00,108 INFO  - VEHICLE:veh_6 (at simulation time 63.204,300,000 s)
2023-07-08 13:14:00,108 INFO  - GEOLOCATION:GeoPoint{lat=52.512786,lon=13.327897,alt=0.00} (at simulation time 63.204,300,000 s)
2023-07-08 13:14:00,109 INFO  - VEHICLE:veh_5 (at simulation time 63.303,800,000 s)
2023-07-08 13:14:00,109 INFO  - GEOLOCATION:GeoPoint{lat=52.512896,lon=13.327897,alt=0.00} (at simulation time 63.303,800,000 s)
2023-07-08 13:14:00,109 INFO  - VEHICLE:veh_2 (at simulation time 63.304,300,000 s)
2023-07-08 13:14:00,109 INFO  - GEOLOCATION:GeoPoint{lat=52.512786,lon=13.327897,alt=0.00} (at simulation time 63.304,300,000 s)
2023-07-08 13:14:00,109 INFO  - VEHICLE:veh_3 (at simulation time 63.402,300,000 s)
2023-07-08 13:14:00,109 INFO  - GEOLOCATION:GeoPoint{lat=52.512896,lon=13.327897,alt=0.00} (at simulation time 63.402,300,000 s)
2023-07-08 13:14:00,109 INFO  - VEHICLE:veh_3 (at simulation time 63.403,800,000 s)
2023-07-08 13:14:00,109 INFO  - GEOLOCATION:GeoPoint{lat=52.512786,lon=13.327897,alt=0.00} (at simulation time 63.403,800,000 s)
2023-07-08 13:14:00,109 INFO  - VEHICLE:veh_5 (at simulation time 63.500,800,000 s)
2023-07-08 13:14:00,109 INFO  - GEOLOCATION:GeoPoint{lat=52.512896,lon=13.327897,alt=0.00} (at simulation time 63.500,800,000 s)
2023-07-08 13:14:00,110 INFO  - VEHICLE:veh_4 (at simulation time 63.502,800,000 s)
2023-07-08 13:14:00,110 INFO  - GEOLOCATION:GeoPoint{lat=52.512786,lon=13.327897,alt=0.00} (at simulation time 63.502,800,000 s)
2023-07-08 13:14:00,110 INFO  - VEHICLE:veh_4 (at simulation time 63.604,300,000 s)
2023-07-08 13:14:00,110 INFO  - GEOLOCATION:GeoPoint{lat=52.512896,lon=13.327897,alt=0.00} (at simulation time 63.604,300,000 s)
2023-07-08 13:14:00,110 INFO  - VEHICLE:veh_4 (at simulation time 63.604,300,000 s)
2023-07-08 13:14:00,110 INFO  - GEOLOCATION:GeoPoint{lat=52.512786,lon=13.327897,alt=0.00} (at simulation time 63.604,300,000 s)
2023-07-08 13:14:00,110 INFO  - VEHICLE:veh_2 (at simulation time 63.702,800,000 s)
2023-07-08 13:14:00,110 INFO  - GEOLOCATION:GeoPoint{lat=52.512786,lon=13.327897,alt=0.00} (at simulation time 63.702,800,000 s)
2023-07-08 13:14:00,110 INFO  - VEHICLE:veh_3 (at simulation time 63.703,800,000 s)
2023-07-08 13:14:00,110 INFO  - GEOLOCATION:GeoPoint{lat=52.512896,lon=13.327897,alt=0.00} (at simulation time 63.703,800,000 s)
2023-07-08 13:14:00,111 INFO  - VEHICLE:veh_2 (at simulation time 63.801,800,000 s)
2023-07-08 13:14:00,111 INFO  - GEOLOCATION:GeoPoint{lat=52.512786,lon=13.327897,alt=0.00} (at simulation time 63.801,800,000 s)
2023-07-08 13:14:00,111 INFO  - VEHICLE:veh_4 (at simulation time 63.802,300,000 s)
2023-07-08 13:14:00,111 INFO  - GEOLOCATION:GeoPoint{lat=52.512896,lon=13.327897,alt=0.00} (at simulation time 63.802,300,000 s)
2023-07-08 13:14:00,111 INFO  - VEHICLE:veh_4 (at simulation time 63.901,800,000 s)
2023-07-08 13:14:00,111 INFO  - GEOLOCATION:GeoPoint{lat=52.512896,lon=13.327897,alt=0.00} (at simulation time 63.901,800,000 s)
2023-07-08 13:14:00,111 INFO  - VEHICLE:veh_5 (at simulation time 63.902,300,000 s)
2023-07-08 13:14:00,111 INFO  - GEOLOCATION:GeoPoint{lat=52.512786,lon=13.327897,alt=0.00} (at simulation time 63.902,300,000 s)
2023-07-08 13:14:00,113 INFO  - VEHICLE:veh_2 (at simulation time 64.002,800,000 s)
2023-07-08 13:14:00,113 INFO  - GEOLOCATION:GeoPoint{lat=52.512914,lon=13.328094,alt=0.00} (at simulation time 64.002,800,000 s)
2023-07-08 13:14:00,113 INFO  - VEHICLE:veh_6 (at simulation time 64.002,800,000 s)
2023-07-08 13:14:00,113 INFO  - GEOLOCATION:GeoPoint{lat=52.512799,lon=13.328094,alt=0.00} (at simulation time 64.002,800,000 s)
2023-07-08 13:14:00,113 INFO  - VEHICLE:veh_6 (at simulation time 64.102,300,000 s)
2023-07-08 13:14:00,113 INFO  - GEOLOCATION:GeoPoint{lat=52.512799,lon=13.328094,alt=0.00} (at simulation time 64.102,300,000 s)
2023-07-08 13:14:00,113 INFO  - VEHICLE:veh_2 (at simulation time 64.201,800,000 s)
2023-07-08 13:14:00,114 INFO  - GEOLOCATION:GeoPoint{lat=52.512799,lon=13.328094,alt=0.00} (at simulation time 64.201,800,000 s)
2023-07-08 13:14:00,114 INFO  - VEHICLE:veh_2 (at simulation time 64.202,300,000 s)
2023-07-08 13:14:00,114 INFO  - GEOLOCATION:GeoPoint{lat=52.512914,lon=13.328094,alt=0.00} (at simulation time 64.202,300,000 s)
2023-07-08 13:14:00,114 INFO  - VEHICLE:veh_6 (at simulation time 64.302,800,000 s)
2023-07-08 13:14:00,114 INFO  - GEOLOCATION:GeoPoint{lat=52.512799,lon=13.328094,alt=0.00} (at simulation time 64.302,800,000 s)
2023-07-08 13:14:00,114 INFO  - VEHICLE:veh_6 (at simulation time 64.402,300,000 s)
2023-07-08 13:14:00,114 INFO  - GEOLOCATION:GeoPoint{lat=52.512799,lon=13.328094,alt=0.00} (at simulation time 64.402,300,000 s)
2023-07-08 13:14:00,115 INFO  - VEHICLE:veh_2 (at simulation time 64.603,300,000 s)
2023-07-08 13:14:00,115 INFO  - GEOLOCATION:GeoPoint{lat=52.512914,lon=13.328094,alt=0.00} (at simulation time 64.603,300,000 s)
2023-07-08 13:14:00,115 INFO  - VEHICLE:veh_4 (at simulation time 64.702,300,000 s)
2023-07-08 13:14:00,115 INFO  - GEOLOCATION:GeoPoint{lat=52.512799,lon=13.328094,alt=0.00} (at simulation time 64.702,300,000 s)
2023-07-08 13:14:00,116 INFO  - VEHICLE:veh_6 (at simulation time 64.802,800,000 s)
2023-07-08 13:14:00,116 INFO  - GEOLOCATION:GeoPoint{lat=52.512799,lon=13.328094,alt=0.00} (at simulation time 64.802,800,000 s)
2023-07-08 13:14:00,116 INFO  - VEHICLE:veh_6 (at simulation time 64.803,800,000 s)
2023-07-08 13:14:00,116 INFO  - GEOLOCATION:GeoPoint{lat=52.512914,lon=13.328094,alt=0.00} (at simulation time 64.803,800,000 s)
2023-07-08 13:14:00,116 INFO  - VEHICLE:veh_6 (at simulation time 64.904,800,000 s)
2023-07-08 13:14:00,116 INFO  - GEOLOCATION:GeoPoint{lat=52.512914,lon=13.328094,alt=0.00} (at simulation time 64.904,800,000 s)
2023-07-08 13:14:00,346 INFO  - Shutdown application (at simulation time 140.000,000,000 s)
