2023-07-08 13:13:57,861 INFO  ROOT - Running Eclipse MOSAIC 23.0 on Java JRE v11.0.19 (Ubuntu)
2023-07-08 13:13:58,019 INFO  MosaicStarter - Federate sumo: No port given. Using free port: 40645
2023-07-08 13:13:58,032 INFO  FederationManagement - Start federation with id 'Tiergarten'
2023-07-08 13:13:58,033 INFO  FederationManagement - Add ambassador/federate with id 'application'
2023-07-08 13:13:58,034 INFO  FederationManagement - Add ambassador/federate with id 'environment'
2023-07-08 13:13:58,034 INFO  FederationManagement - Add ambassador/federate with id 'mapping'
2023-07-08 13:13:58,034 INFO  FederationManagement - Add ambassador/federate with id 'sns'
2023-07-08 13:13:58,034 INFO  FederationManagement - Add ambassador/federate with id 'sumo'
2023-07-08 13:13:58,034 INFO  FederationManagement - Deploying federate 'sumo' locally in ./tmp/sumo
2023-07-08 13:13:58,037 INFO  FederationManagement - Starting federate 'sumo' locally in ./tmp/sumo
2023-07-08 13:13:58,038 INFO  FederationManagement - Add ambassador/federate with id 'output'
2023-07-08 13:13:58,038 INFO  OutputAmbassador - Initialize configuration of OutputAmbassador
2023-07-08 13:13:58,599 INFO  OutputAmbassador - Registered output generator 'websocket' for messages [RsuRegistration, VehicleRegistration, VehicleUpdates, V2xMessageReception, V2xMessageTransmission]. Update interval=1
2023-07-08 13:13:58,600 INFO  OutputAmbassador - Registered output generator 'fileoutput' for messages [TrafficLightRegistration, RsuRegistration, VehicleRegistration, VehicleUpdates, V2xMessageTransmission, V2xMessageReception]. Update interval=5
2023-07-08 13:13:58,660 WARN  SQLiteReader - No roundabouts were found in the scenario database. Note that roundabouts in this scenario may be treated as ordinary crossings.
2023-07-08 13:14:00,370 INFO  SequentialTimeManagement - Simulation ended after 140s of 140s (100%)
2023-07-08 13:14:00,370 INFO  SequentialTimeManagement - Started: 2023-07-08 13:13:58
2023-07-08 13:14:00,370 INFO  SequentialTimeManagement - Ended: 2023-07-08 13:14:00
2023-07-08 13:14:00,371 INFO  SequentialTimeManagement - Duration: 00h 00m 01.585s (RTF: 88.00)
2023-07-08 13:14:00,371 INFO  SequentialTimeManagement - 
2023-07-08 13:14:00,371 INFO  SequentialTimeManagement - Simulation finished: 101
