2023-07-08 13:14:48,273 INFO  - Initialize application (at simulation time 2.000,000,000 s)
2023-07-08 13:14:48,276 INFO  - Activated WLAN Module (at simulation time 2.000,000,000 s)
2023-07-08 13:14:48,374 INFO  - VEHICLE:veh_2 (at simulation time 59.002,800,000 s)
2023-07-08 13:14:48,374 INFO  - GEOLOCATION:GeoPoint{lat=52.512829,lon=13.327197,alt=0.00} (at simulation time 59.002,800,000 s)
2023-07-08 13:14:48,377 INFO  - VEHICLE:veh_3 (at simulation time 59.104,300,000 s)
2023-07-08 13:14:48,377 INFO  - GEOLOCATION:GeoPoint{lat=52.512829,lon=13.327197,alt=0.00} (at simulation time 59.104,300,000 s)
2023-07-08 13:14:48,379 INFO  - VEHICLE:veh_4 (at simulation time 59.203,300,000 s)
2023-07-08 13:14:48,379 INFO  - GEOLOCATION:GeoPoint{lat=52.512829,lon=13.327197,alt=0.00} (at simulation time 59.203,300,000 s)
2023-07-08 13:14:48,380 INFO  - VEHICLE:veh_5 (at simulation time 59.301,800,000 s)
2023-07-08 13:14:48,380 INFO  - GEOLOCATION:GeoPoint{lat=52.512829,lon=13.327197,alt=0.00} (at simulation time 59.301,800,000 s)
2023-07-08 13:14:48,382 INFO  - VEHICLE:veh_6 (at simulation time 59.402,300,000 s)
2023-07-08 13:14:48,382 INFO  - GEOLOCATION:GeoPoint{lat=52.512829,lon=13.327197,alt=0.00} (at simulation time 59.402,300,000 s)
2023-07-08 13:14:48,383 INFO  - VEHICLE:veh_2 (at simulation time 59.503,300,000 s)
2023-07-08 13:14:48,383 INFO  - GEOLOCATION:GeoPoint{lat=52.512829,lon=13.327197,alt=0.00} (at simulation time 59.503,300,000 s)
2023-07-08 13:14:48,383 INFO  - VEHICLE:veh_4 (at simulation time 59.602,800,000 s)
2023-07-08 13:14:48,383 INFO  - GEOLOCATION:GeoPoint{lat=52.512829,lon=13.327197,alt=0.00} (at simulation time 59.602,800,000 s)
2023-07-08 13:14:48,384 INFO  - VEHICLE:veh_5 (at simulation time 59.703,300,000 s)
2023-07-08 13:14:48,384 INFO  - GEOLOCATION:GeoPoint{lat=52.512829,lon=13.327197,alt=0.00} (at simulation time 59.703,300,000 s)
2023-07-08 13:14:48,384 INFO  - VEHICLE:veh_5 (at simulation time 59.802,300,000 s)
2023-07-08 13:14:48,384 INFO  - GEOLOCATION:GeoPoint{lat=52.512829,lon=13.327197,alt=0.00} (at simulation time 59.802,300,000 s)
2023-07-08 13:14:48,385 INFO  - VEHICLE:veh_6 (at simulation time 59.901,800,000 s)
2023-07-08 13:14:48,385 INFO  - GEOLOCATION:GeoPoint{lat=52.512829,lon=13.327197,alt=0.00} (at simulation time 59.901,800,000 s)
2023-07-08 13:14:48,389 INFO  - VEHICLE:veh_3 (at simulation time 60.002,300,000 s)
2023-07-08 13:14:48,389 INFO  - GEOLOCATION:GeoPoint{lat=52.512840,lon=13.327351,alt=0.00} (at simulation time 60.002,300,000 s)
2023-07-08 13:14:48,389 INFO  - VEHICLE:veh_3 (at simulation time 60.103,300,000 s)
2023-07-08 13:14:48,389 INFO  - GEOLOCATION:GeoPoint{lat=52.512840,lon=13.327351,alt=0.00} (at simulation time 60.103,300,000 s)
2023-07-08 13:14:48,389 INFO  - VEHICLE:veh_5 (at simulation time 60.203,800,000 s)
2023-07-08 13:14:48,390 INFO  - GEOLOCATION:GeoPoint{lat=52.512840,lon=13.327351,alt=0.00} (at simulation time 60.203,800,000 s)
2023-07-08 13:14:48,390 INFO  - VEHICLE:veh_6 (at simulation time 60.302,800,000 s)
2023-07-08 13:14:48,390 INFO  - GEOLOCATION:GeoPoint{lat=52.512840,lon=13.327351,alt=0.00} (at simulation time 60.302,800,000 s)
2023-07-08 13:14:48,390 INFO  - VEHICLE:veh_5 (at simulation time 60.401,300,000 s)
2023-07-08 13:14:48,390 INFO  - GEOLOCATION:GeoPoint{lat=52.512840,lon=13.327351,alt=0.00} (at simulation time 60.401,300,000 s)
2023-07-08 13:14:48,391 INFO  - VEHICLE:veh_5 (at simulation time 60.501,800,000 s)
2023-07-08 13:14:48,391 INFO  - GEOLOCATION:GeoPoint{lat=52.512840,lon=13.327351,alt=0.00} (at simulation time 60.501,800,000 s)
2023-07-08 13:14:48,391 INFO  - VEHICLE:veh_2 (at simulation time 60.602,300,000 s)
2023-07-08 13:14:48,391 INFO  - GEOLOCATION:GeoPoint{lat=52.512840,lon=13.327351,alt=0.00} (at simulation time 60.602,300,000 s)
2023-07-08 13:14:48,392 INFO  - VEHICLE:veh_3 (at simulation time 60.704,800,000 s)
2023-07-08 13:14:48,392 INFO  - GEOLOCATION:GeoPoint{lat=52.512840,lon=13.327351,alt=0.00} (at simulation time 60.704,800,000 s)
2023-07-08 13:14:48,392 INFO  - VEHICLE:veh_5 (at simulation time 60.803,300,000 s)
2023-07-08 13:14:48,392 INFO  - GEOLOCATION:GeoPoint{lat=52.512840,lon=13.327351,alt=0.00} (at simulation time 60.803,300,000 s)
2023-07-08 13:14:48,392 INFO  - VEHICLE:veh_5 (at simulation time 60.901,300,000 s)
2023-07-08 13:14:48,392 INFO  - GEOLOCATION:GeoPoint{lat=52.512840,lon=13.327351,alt=0.00} (at simulation time 60.901,300,000 s)
2023-07-08 13:14:48,394 INFO  - VEHICLE:veh_2 (at simulation time 61.002,800,000 s)
2023-07-08 13:14:48,394 INFO  - GEOLOCATION:GeoPoint{lat=52.512853,lon=13.327516,alt=0.00} (at simulation time 61.002,800,000 s)
2023-07-08 13:14:48,395 INFO  - VEHICLE:veh_3 (at simulation time 61.104,300,000 s)
2023-07-08 13:14:48,395 INFO  - GEOLOCATION:GeoPoint{lat=52.512853,lon=13.327516,alt=0.00} (at simulation time 61.104,300,000 s)
2023-07-08 13:14:48,395 INFO  - VEHICLE:veh_6 (at simulation time 61.201,800,000 s)
2023-07-08 13:14:48,395 INFO  - GEOLOCATION:GeoPoint{lat=52.512853,lon=13.327516,alt=0.00} (at simulation time 61.201,800,000 s)
2023-07-08 13:14:48,396 INFO  - VEHICLE:veh_6 (at simulation time 61.303,300,000 s)
2023-07-08 13:14:48,396 INFO  - GEOLOCATION:GeoPoint{lat=52.512853,lon=13.327516,alt=0.00} (at simulation time 61.303,300,000 s)
2023-07-08 13:14:48,396 INFO  - VEHICLE:veh_6 (at simulation time 61.402,300,000 s)
2023-07-08 13:14:48,396 INFO  - GEOLOCATION:GeoPoint{lat=52.512853,lon=13.327516,alt=0.00} (at simulation time 61.402,300,000 s)
2023-07-08 13:14:48,397 INFO  - VEHICLE:veh_4 (at simulation time 61.501,300,000 s)
2023-07-08 13:14:48,397 INFO  - GEOLOCATION:GeoPoint{lat=52.512853,lon=13.327516,alt=0.00} (at simulation time 61.501,300,000 s)
2023-07-08 13:14:48,397 INFO  - VEHICLE:veh_4 (at simulation time 61.602,300,000 s)
2023-07-08 13:14:48,397 INFO  - GEOLOCATION:GeoPoint{lat=52.512853,lon=13.327516,alt=0.00} (at simulation time 61.602,300,000 s)
2023-07-08 13:14:48,397 INFO  - VEHICLE:veh_5 (at simulation time 61.703,300,000 s)
2023-07-08 13:14:48,397 INFO  - GEOLOCATION:GeoPoint{lat=52.512853,lon=13.327516,alt=0.00} (at simulation time 61.703,300,000 s)
2023-07-08 13:14:48,398 INFO  - VEHICLE:veh_6 (at simulation time 61.801,800,000 s)
2023-07-08 13:14:48,398 INFO  - GEOLOCATION:GeoPoint{lat=52.512853,lon=13.327516,alt=0.00} (at simulation time 61.801,800,000 s)
2023-07-08 13:14:48,398 INFO  - VEHICLE:veh_5 (at simulation time 61.904,300,000 s)
2023-07-08 13:14:48,398 INFO  - GEOLOCATION:GeoPoint{lat=52.512853,lon=13.327516,alt=0.00} (at simulation time 61.904,300,000 s)
2023-07-08 13:14:48,400 INFO  - VEHICLE:veh_2 (at simulation time 62.003,800,000 s)
2023-07-08 13:14:48,400 INFO  - GEOLOCATION:GeoPoint{lat=52.512868,lon=13.327701,alt=0.00} (at simulation time 62.003,800,000 s)
2023-07-08 13:14:48,400 INFO  - VEHICLE:veh_2 (at simulation time 62.104,800,000 s)
2023-07-08 13:14:48,400 INFO  - GEOLOCATION:GeoPoint{lat=52.512868,lon=13.327701,alt=0.00} (at simulation time 62.104,800,000 s)
2023-07-08 13:14:48,401 INFO  - VEHICLE:veh_6 (at simulation time 62.203,300,000 s)
2023-07-08 13:14:48,401 INFO  - GEOLOCATION:GeoPoint{lat=52.512868,lon=13.327701,alt=0.00} (at simulation time 62.203,300,000 s)
2023-07-08 13:14:48,401 INFO  - VEHICLE:veh_3 (at simulation time 62.302,300,000 s)
2023-07-08 13:14:48,401 INFO  - GEOLOCATION:GeoPoint{lat=52.512868,lon=13.327701,alt=0.00} (at simulation time 62.302,300,000 s)
2023-07-08 13:14:48,401 INFO  - VEHICLE:veh_3 (at simulation time 62.404,300,000 s)
2023-07-08 13:14:48,401 INFO  - GEOLOCATION:GeoPoint{lat=52.512868,lon=13.327701,alt=0.00} (at simulation time 62.404,300,000 s)
2023-07-08 13:14:48,402 INFO  - VEHICLE:veh_5 (at simulation time 62.503,800,000 s)
2023-07-08 13:14:48,402 INFO  - GEOLOCATION:GeoPoint{lat=52.512868,lon=13.327701,alt=0.00} (at simulation time 62.503,800,000 s)
2023-07-08 13:14:48,402 INFO  - VEHICLE:veh_6 (at simulation time 62.601,800,000 s)
2023-07-08 13:14:48,402 INFO  - GEOLOCATION:GeoPoint{lat=52.512868,lon=13.327701,alt=0.00} (at simulation time 62.601,800,000 s)
2023-07-08 13:14:48,402 INFO  - VEHICLE:veh_5 (at simulation time 62.701,800,000 s)
2023-07-08 13:14:48,403 INFO  - GEOLOCATION:GeoPoint{lat=52.512868,lon=13.327701,alt=0.00} (at simulation time 62.701,800,000 s)
2023-07-08 13:14:48,403 INFO  - VEHICLE:veh_6 (at simulation time 62.802,800,000 s)
2023-07-08 13:14:48,403 INFO  - GEOLOCATION:GeoPoint{lat=52.512868,lon=13.327701,alt=0.00} (at simulation time 62.802,800,000 s)
2023-07-08 13:14:48,403 INFO  - VEHICLE:veh_3 (at simulation time 62.902,800,000 s)
2023-07-08 13:14:48,403 INFO  - GEOLOCATION:GeoPoint{lat=52.512868,lon=13.327701,alt=0.00} (at simulation time 62.902,800,000 s)
2023-07-08 13:14:48,405 INFO  - VEHICLE:veh_3 (at simulation time 63.002,300,000 s)
2023-07-08 13:14:48,405 INFO  - GEOLOCATION:GeoPoint{lat=52.512883,lon=13.327897,alt=0.00} (at simulation time 63.002,300,000 s)
2023-07-08 13:14:48,405 INFO  - VEHICLE:veh_3 (at simulation time 63.104,300,000 s)
2023-07-08 13:14:48,405 INFO  - GEOLOCATION:GeoPoint{lat=52.512883,lon=13.327897,alt=0.00} (at simulation time 63.104,300,000 s)
2023-07-08 13:14:48,405 INFO  - VEHICLE:veh_6 (at simulation time 63.201,300,000 s)
2023-07-08 13:14:48,406 INFO  - GEOLOCATION:GeoPoint{lat=52.512883,lon=13.327897,alt=0.00} (at simulation time 63.201,300,000 s)
2023-07-08 13:14:48,406 INFO  - VEHICLE:veh_3 (at simulation time 63.302,800,000 s)
2023-07-08 13:14:48,406 INFO  - GEOLOCATION:GeoPoint{lat=52.512883,lon=13.327897,alt=0.00} (at simulation time 63.302,800,000 s)
2023-07-08 13:14:48,406 INFO  - VEHICLE:veh_5 (at simulation time 63.403,300,000 s)
2023-07-08 13:14:48,406 INFO  - GEOLOCATION:GeoPoint{lat=52.512883,lon=13.327897,alt=0.00} (at simulation time 63.403,300,000 s)
2023-07-08 13:14:48,407 INFO  - VEHICLE:veh_5 (at simulation time 63.501,800,000 s)
2023-07-08 13:14:48,407 INFO  - GEOLOCATION:GeoPoint{lat=52.512883,lon=13.327897,alt=0.00} (at simulation time 63.501,800,000 s)
2023-07-08 13:14:48,407 INFO  - VEHICLE:veh_3 (at simulation time 63.601,300,000 s)
2023-07-08 13:14:48,407 INFO  - GEOLOCATION:GeoPoint{lat=52.512883,lon=13.327897,alt=0.00} (at simulation time 63.601,300,000 s)
2023-07-08 13:14:48,407 INFO  - VEHICLE:veh_4 (at simulation time 63.702,300,000 s)
2023-07-08 13:14:48,407 INFO  - GEOLOCATION:GeoPoint{lat=52.512883,lon=13.327897,alt=0.00} (at simulation time 63.702,300,000 s)
2023-07-08 13:14:48,408 INFO  - VEHICLE:veh_2 (at simulation time 63.803,300,000 s)
2023-07-08 13:14:48,408 INFO  - GEOLOCATION:GeoPoint{lat=52.512883,lon=13.327897,alt=0.00} (at simulation time 63.803,300,000 s)
2023-07-08 13:14:48,408 INFO  - VEHICLE:veh_3 (at simulation time 63.902,800,000 s)
2023-07-08 13:14:48,408 INFO  - GEOLOCATION:GeoPoint{lat=52.512883,lon=13.327897,alt=0.00} (at simulation time 63.902,800,000 s)
2023-07-08 13:14:48,410 INFO  - VEHICLE:veh_6 (at simulation time 64.003,800,000 s)
2023-07-08 13:14:48,410 INFO  - GEOLOCATION:GeoPoint{lat=52.512899,lon=13.328094,alt=0.00} (at simulation time 64.003,800,000 s)
2023-07-08 13:14:48,410 INFO  - VEHICLE:veh_6 (at simulation time 64.101,800,000 s)
2023-07-08 13:14:48,410 INFO  - GEOLOCATION:GeoPoint{lat=52.512899,lon=13.328094,alt=0.00} (at simulation time 64.101,800,000 s)
2023-07-08 13:14:48,411 INFO  - VEHICLE:veh_2 (at simulation time 64.202,800,000 s)
2023-07-08 13:14:48,411 INFO  - GEOLOCATION:GeoPoint{lat=52.512899,lon=13.328094,alt=0.00} (at simulation time 64.202,800,000 s)
2023-07-08 13:14:48,411 INFO  - VEHICLE:veh_3 (at simulation time 64.303,800,000 s)
2023-07-08 13:14:48,411 INFO  - GEOLOCATION:GeoPoint{lat=52.512899,lon=13.328094,alt=0.00} (at simulation time 64.303,800,000 s)
2023-07-08 13:14:48,411 INFO  - VEHICLE:veh_2 (at simulation time 64.402,800,000 s)
2023-07-08 13:14:48,411 INFO  - GEOLOCATION:GeoPoint{lat=52.512899,lon=13.328094,alt=0.00} (at simulation time 64.402,800,000 s)
2023-07-08 13:14:48,412 INFO  - VEHICLE:veh_5 (at simulation time 64.502,300,000 s)
2023-07-08 13:14:48,412 INFO  - GEOLOCATION:GeoPoint{lat=52.512899,lon=13.328094,alt=0.00} (at simulation time 64.502,300,000 s)
2023-07-08 13:14:48,412 INFO  - VEHICLE:veh_5 (at simulation time 64.603,300,000 s)
2023-07-08 13:14:48,412 INFO  - GEOLOCATION:GeoPoint{lat=52.512899,lon=13.328094,alt=0.00} (at simulation time 64.603,300,000 s)
2023-07-08 13:14:48,413 INFO  - VEHICLE:veh_2 (at simulation time 64.702,300,000 s)
2023-07-08 13:14:48,413 INFO  - GEOLOCATION:GeoPoint{lat=52.512899,lon=13.328094,alt=0.00} (at simulation time 64.702,300,000 s)
2023-07-08 13:14:48,413 INFO  - VEHICLE:veh_3 (at simulation time 64.804,300,000 s)
2023-07-08 13:14:48,413 INFO  - GEOLOCATION:GeoPoint{lat=52.512899,lon=13.328094,alt=0.00} (at simulation time 64.804,300,000 s)
2023-07-08 13:14:48,413 INFO  - VEHICLE:veh_5 (at simulation time 64.904,800,000 s)
2023-07-08 13:14:48,413 INFO  - GEOLOCATION:GeoPoint{lat=52.512899,lon=13.328094,alt=0.00} (at simulation time 64.904,800,000 s)
2023-07-08 13:14:48,593 INFO  - Shutdown application (at simulation time 140.000,000,000 s)
