2023-07-08 13:15:43,975 INFO  - Initialize application (at simulation time 2.000,000,000 s)
2023-07-08 13:15:43,978 INFO  - Activated WLAN Module (at simulation time 2.000,000,000 s)
2023-07-08 13:15:44,087 INFO  - VEHICLE:veh_4 (at simulation time 59.001,300,000 s)
2023-07-08 13:15:44,088 INFO  - GEOLOCATION:GeoPoint{lat=52.512741,lon=13.327197,alt=0.00} (at simulation time 59.001,300,000 s)
2023-07-08 13:15:44,088 INFO  - VEHICLE:veh_5 (at simulation time 59.001,300,000 s)
2023-07-08 13:15:44,088 INFO  - GEOLOCATION:GeoPoint{lat=52.512829,lon=13.327197,alt=0.00} (at simulation time 59.001,300,000 s)
2023-07-08 13:15:44,088 INFO  - VEHICLE:veh_3 (at simulation time 59.002,300,000 s)
2023-07-08 13:15:44,088 INFO  - GEOLOCATION:GeoPoint{lat=52.512833,lon=13.327197,alt=0.00} (at simulation time 59.002,300,000 s)
2023-07-08 13:15:44,088 INFO  - VEHICLE:veh_2 (at simulation time 59.002,800,000 s)
2023-07-08 13:15:44,088 INFO  - GEOLOCATION:GeoPoint{lat=52.512833,lon=13.327736,alt=0.00} (at simulation time 59.002,800,000 s)
2023-07-08 13:15:44,091 INFO  - VEHICLE:veh_5 (at simulation time 59.102,800,000 s)
2023-07-08 13:15:44,091 INFO  - GEOLOCATION:GeoPoint{lat=52.512833,lon=13.327197,alt=0.00} (at simulation time 59.102,800,000 s)
2023-07-08 13:15:44,091 INFO  - VEHICLE:veh_6 (at simulation time 59.103,300,000 s)
2023-07-08 13:15:44,091 INFO  - GEOLOCATION:GeoPoint{lat=52.512833,lon=13.327736,alt=0.00} (at simulation time 59.103,300,000 s)
2023-07-08 13:15:44,091 INFO  - VEHICLE:veh_6 (at simulation time 59.104,300,000 s)
2023-07-08 13:15:44,091 INFO  - GEOLOCATION:GeoPoint{lat=52.512829,lon=13.327197,alt=0.00} (at simulation time 59.104,300,000 s)
2023-07-08 13:15:44,091 INFO  - VEHICLE:veh_4 (at simulation time 59.104,800,000 s)
2023-07-08 13:15:44,091 INFO  - GEOLOCATION:GeoPoint{lat=52.512741,lon=13.327197,alt=0.00} (at simulation time 59.104,800,000 s)
2023-07-08 13:15:44,092 INFO  - VEHICLE:veh_2 (at simulation time 59.203,300,000 s)
2023-07-08 13:15:44,092 INFO  - GEOLOCATION:GeoPoint{lat=52.512833,lon=13.327736,alt=0.00} (at simulation time 59.203,300,000 s)
2023-07-08 13:15:44,092 INFO  - VEHICLE:veh_6 (at simulation time 59.203,300,000 s)
2023-07-08 13:15:44,092 INFO  - GEOLOCATION:GeoPoint{lat=52.512833,lon=13.327197,alt=0.00} (at simulation time 59.203,300,000 s)
2023-07-08 13:15:44,092 INFO  - VEHICLE:veh_4 (at simulation time 59.204,300,000 s)
2023-07-08 13:15:44,092 INFO  - GEOLOCATION:GeoPoint{lat=52.512741,lon=13.327197,alt=0.00} (at simulation time 59.204,300,000 s)
2023-07-08 13:15:44,092 INFO  - VEHICLE:veh_5 (at simulation time 59.204,300,000 s)
2023-07-08 13:15:44,092 INFO  - GEOLOCATION:GeoPoint{lat=52.512829,lon=13.327197,alt=0.00} (at simulation time 59.204,300,000 s)
2023-07-08 13:15:44,093 INFO  - VEHICLE:veh_6 (at simulation time 59.301,300,000 s)
2023-07-08 13:15:44,093 INFO  - GEOLOCATION:GeoPoint{lat=52.512833,lon=13.327736,alt=0.00} (at simulation time 59.301,300,000 s)
2023-07-08 13:15:44,093 INFO  - VEHICLE:veh_3 (at simulation time 59.301,300,000 s)
2023-07-08 13:15:44,093 INFO  - GEOLOCATION:GeoPoint{lat=52.512741,lon=13.327197,alt=0.00} (at simulation time 59.301,300,000 s)
2023-07-08 13:15:44,093 INFO  - VEHICLE:veh_2 (at simulation time 59.302,300,000 s)
2023-07-08 13:15:44,093 INFO  - GEOLOCATION:GeoPoint{lat=52.512829,lon=13.327197,alt=0.00} (at simulation time 59.302,300,000 s)
2023-07-08 13:15:44,094 INFO  - VEHICLE:veh_3 (at simulation time 59.302,800,000 s)
2023-07-08 13:15:44,094 INFO  - GEOLOCATION:GeoPoint{lat=52.512833,lon=13.327197,alt=0.00} (at simulation time 59.302,800,000 s)
2023-07-08 13:15:44,094 INFO  - VEHICLE:veh_5 (at simulation time 59.401,300,000 s)
2023-07-08 13:15:44,094 INFO  - GEOLOCATION:GeoPoint{lat=52.512829,lon=13.327197,alt=0.00} (at simulation time 59.401,300,000 s)
2023-07-08 13:15:44,094 INFO  - VEHICLE:veh_2 (at simulation time 59.401,800,000 s)
2023-07-08 13:15:44,094 INFO  - GEOLOCATION:GeoPoint{lat=52.512833,lon=13.327736,alt=0.00} (at simulation time 59.401,800,000 s)
2023-07-08 13:15:44,094 INFO  - VEHICLE:veh_3 (at simulation time 59.402,800,000 s)
2023-07-08 13:15:44,095 INFO  - GEOLOCATION:GeoPoint{lat=52.512833,lon=13.327197,alt=0.00} (at simulation time 59.402,800,000 s)
2023-07-08 13:15:44,095 INFO  - VEHICLE:veh_3 (at simulation time 59.402,800,000 s)
2023-07-08 13:15:44,095 INFO  - GEOLOCATION:GeoPoint{lat=52.512741,lon=13.327197,alt=0.00} (at simulation time 59.402,800,000 s)
2023-07-08 13:15:44,095 INFO  - VEHICLE:veh_6 (at simulation time 59.501,800,000 s)
2023-07-08 13:15:44,095 INFO  - GEOLOCATION:GeoPoint{lat=52.512741,lon=13.327197,alt=0.00} (at simulation time 59.501,800,000 s)
2023-07-08 13:15:44,095 INFO  - VEHICLE:veh_6 (at simulation time 59.502,300,000 s)
2023-07-08 13:15:44,095 INFO  - GEOLOCATION:GeoPoint{lat=52.512833,lon=13.327736,alt=0.00} (at simulation time 59.502,300,000 s)
2023-07-08 13:15:44,095 INFO  - VEHICLE:veh_2 (at simulation time 59.502,300,000 s)
2023-07-08 13:15:44,096 INFO  - GEOLOCATION:GeoPoint{lat=52.512829,lon=13.327197,alt=0.00} (at simulation time 59.502,300,000 s)
2023-07-08 13:15:44,096 INFO  - VEHICLE:veh_6 (at simulation time 59.502,800,000 s)
2023-07-08 13:15:44,096 INFO  - GEOLOCATION:GeoPoint{lat=52.512833,lon=13.327197,alt=0.00} (at simulation time 59.502,800,000 s)
2023-07-08 13:15:44,096 INFO  - VEHICLE:veh_2 (at simulation time 59.600,800,000 s)
2023-07-08 13:15:44,096 INFO  - GEOLOCATION:GeoPoint{lat=52.512833,lon=13.327197,alt=0.00} (at simulation time 59.600,800,000 s)
2023-07-08 13:15:44,096 INFO  - VEHICLE:veh_5 (at simulation time 59.600,800,000 s)
2023-07-08 13:15:44,096 INFO  - GEOLOCATION:GeoPoint{lat=52.512829,lon=13.327197,alt=0.00} (at simulation time 59.600,800,000 s)
2023-07-08 13:15:44,096 INFO  - VEHICLE:veh_6 (at simulation time 59.601,800,000 s)
2023-07-08 13:15:44,096 INFO  - GEOLOCATION:GeoPoint{lat=52.512833,lon=13.327736,alt=0.00} (at simulation time 59.601,800,000 s)
2023-07-08 13:15:44,097 INFO  - VEHICLE:veh_5 (at simulation time 59.602,800,000 s)
2023-07-08 13:15:44,097 INFO  - GEOLOCATION:GeoPoint{lat=52.512741,lon=13.327197,alt=0.00} (at simulation time 59.602,800,000 s)
2023-07-08 13:15:44,097 INFO  - VEHICLE:veh_6 (at simulation time 59.702,800,000 s)
2023-07-08 13:15:44,097 INFO  - GEOLOCATION:GeoPoint{lat=52.512833,lon=13.327197,alt=0.00} (at simulation time 59.702,800,000 s)
2023-07-08 13:15:44,097 INFO  - VEHICLE:veh_6 (at simulation time 59.702,800,000 s)
2023-07-08 13:15:44,097 INFO  - GEOLOCATION:GeoPoint{lat=52.512829,lon=13.327197,alt=0.00} (at simulation time 59.702,800,000 s)
2023-07-08 13:15:44,097 INFO  - VEHICLE:veh_5 (at simulation time 59.703,800,000 s)
2023-07-08 13:15:44,098 INFO  - GEOLOCATION:GeoPoint{lat=52.512833,lon=13.327736,alt=0.00} (at simulation time 59.703,800,000 s)
2023-07-08 13:15:44,098 INFO  - VEHICLE:veh_6 (at simulation time 59.703,800,000 s)
2023-07-08 13:15:44,098 INFO  - GEOLOCATION:GeoPoint{lat=52.512741,lon=13.327197,alt=0.00} (at simulation time 59.703,800,000 s)
2023-07-08 13:15:44,099 INFO  - VEHICLE:veh_3 (at simulation time 59.802,300,000 s)
2023-07-08 13:15:44,099 INFO  - GEOLOCATION:GeoPoint{lat=52.512833,lon=13.327197,alt=0.00} (at simulation time 59.802,300,000 s)
2023-07-08 13:15:44,099 INFO  - VEHICLE:veh_6 (at simulation time 59.802,800,000 s)
2023-07-08 13:15:44,099 INFO  - GEOLOCATION:GeoPoint{lat=52.512833,lon=13.327736,alt=0.00} (at simulation time 59.802,800,000 s)
2023-07-08 13:15:44,099 INFO  - VEHICLE:veh_3 (at simulation time 59.802,800,000 s)
2023-07-08 13:15:44,099 INFO  - GEOLOCATION:GeoPoint{lat=52.512829,lon=13.327197,alt=0.00} (at simulation time 59.802,800,000 s)
2023-07-08 13:15:44,099 INFO  - VEHICLE:veh_6 (at simulation time 59.803,800,000 s)
2023-07-08 13:15:44,099 INFO  - GEOLOCATION:GeoPoint{lat=52.512741,lon=13.327197,alt=0.00} (at simulation time 59.803,800,000 s)
2023-07-08 13:15:44,100 INFO  - VEHICLE:veh_6 (at simulation time 59.902,300,000 s)
2023-07-08 13:15:44,100 INFO  - GEOLOCATION:GeoPoint{lat=52.512829,lon=13.327197,alt=0.00} (at simulation time 59.902,300,000 s)
2023-07-08 13:15:44,100 INFO  - VEHICLE:veh_6 (at simulation time 59.902,800,000 s)
2023-07-08 13:15:44,100 INFO  - GEOLOCATION:GeoPoint{lat=52.512833,lon=13.327736,alt=0.00} (at simulation time 59.902,800,000 s)
2023-07-08 13:15:44,100 INFO  - VEHICLE:veh_4 (at simulation time 59.902,800,000 s)
2023-07-08 13:15:44,100 INFO  - GEOLOCATION:GeoPoint{lat=52.512833,lon=13.327197,alt=0.00} (at simulation time 59.902,800,000 s)
2023-07-08 13:15:44,100 INFO  - VEHICLE:veh_2 (at simulation time 59.902,800,000 s)
2023-07-08 13:15:44,100 INFO  - GEOLOCATION:GeoPoint{lat=52.512741,lon=13.327197,alt=0.00} (at simulation time 59.902,800,000 s)
2023-07-08 13:15:44,108 INFO  - VEHICLE:veh_2 (at simulation time 60.002,800,000 s)
2023-07-08 13:15:44,108 INFO  - GEOLOCATION:GeoPoint{lat=52.512843,lon=13.327351,alt=0.00} (at simulation time 60.002,800,000 s)
2023-07-08 13:15:44,108 INFO  - VEHICLE:veh_2 (at simulation time 60.003,300,000 s)
2023-07-08 13:15:44,108 INFO  - GEOLOCATION:GeoPoint{lat=52.512843,lon=13.327872,alt=0.00} (at simulation time 60.003,300,000 s)
2023-07-08 13:15:44,108 INFO  - VEHICLE:veh_2 (at simulation time 60.003,300,000 s)
2023-07-08 13:15:44,108 INFO  - GEOLOCATION:GeoPoint{lat=52.512752,lon=13.327351,alt=0.00} (at simulation time 60.003,300,000 s)
2023-07-08 13:15:44,108 INFO  - VEHICLE:veh_2 (at simulation time 60.003,800,000 s)
2023-07-08 13:15:44,108 INFO  - GEOLOCATION:GeoPoint{lat=52.512840,lon=13.327351,alt=0.00} (at simulation time 60.003,800,000 s)
2023-07-08 13:15:44,109 INFO  - VEHICLE:veh_2 (at simulation time 60.101,800,000 s)
2023-07-08 13:15:44,109 INFO  - GEOLOCATION:GeoPoint{lat=52.512843,lon=13.327872,alt=0.00} (at simulation time 60.101,800,000 s)
2023-07-08 13:15:44,109 INFO  - VEHICLE:veh_6 (at simulation time 60.101,800,000 s)
2023-07-08 13:15:44,109 INFO  - GEOLOCATION:GeoPoint{lat=52.512840,lon=13.327351,alt=0.00} (at simulation time 60.101,800,000 s)
2023-07-08 13:15:44,109 INFO  - VEHICLE:veh_5 (at simulation time 60.102,800,000 s)
2023-07-08 13:15:44,109 INFO  - GEOLOCATION:GeoPoint{lat=52.512752,lon=13.327351,alt=0.00} (at simulation time 60.102,800,000 s)
2023-07-08 13:15:44,109 INFO  - VEHICLE:veh_2 (at simulation time 60.103,800,000 s)
2023-07-08 13:15:44,109 INFO  - GEOLOCATION:GeoPoint{lat=52.512843,lon=13.327351,alt=0.00} (at simulation time 60.103,800,000 s)
2023-07-08 13:15:44,110 INFO  - VEHICLE:veh_6 (at simulation time 60.200,800,000 s)
2023-07-08 13:15:44,110 INFO  - GEOLOCATION:GeoPoint{lat=52.512843,lon=13.327351,alt=0.00} (at simulation time 60.200,800,000 s)
2023-07-08 13:15:44,110 INFO  - VEHICLE:veh_3 (at simulation time 60.200,800,000 s)
2023-07-08 13:15:44,110 INFO  - GEOLOCATION:GeoPoint{lat=52.512752,lon=13.327351,alt=0.00} (at simulation time 60.200,800,000 s)
2023-07-08 13:15:44,110 INFO  - VEHICLE:veh_2 (at simulation time 60.200,800,000 s)
2023-07-08 13:15:44,110 INFO  - GEOLOCATION:GeoPoint{lat=52.512840,lon=13.327351,alt=0.00} (at simulation time 60.200,800,000 s)
2023-07-08 13:15:44,110 INFO  - VEHICLE:veh_3 (at simulation time 60.201,300,000 s)
2023-07-08 13:15:44,110 INFO  - GEOLOCATION:GeoPoint{lat=52.512843,lon=13.327872,alt=0.00} (at simulation time 60.201,300,000 s)
2023-07-08 13:15:44,111 INFO  - VEHICLE:veh_2 (at simulation time 60.303,300,000 s)
2023-07-08 13:15:44,111 INFO  - GEOLOCATION:GeoPoint{lat=52.512752,lon=13.327351,alt=0.00} (at simulation time 60.303,300,000 s)
2023-07-08 13:15:44,111 INFO  - VEHICLE:veh_3 (at simulation time 60.303,300,000 s)
2023-07-08 13:15:44,111 INFO  - GEOLOCATION:GeoPoint{lat=52.512840,lon=13.327351,alt=0.00} (at simulation time 60.303,300,000 s)
2023-07-08 13:15:44,111 INFO  - VEHICLE:veh_2 (at simulation time 60.304,300,000 s)
2023-07-08 13:15:44,111 INFO  - GEOLOCATION:GeoPoint{lat=52.512843,lon=13.327872,alt=0.00} (at simulation time 60.304,300,000 s)
2023-07-08 13:15:44,111 INFO  - VEHICLE:veh_5 (at simulation time 60.304,800,000 s)
2023-07-08 13:15:44,111 INFO  - GEOLOCATION:GeoPoint{lat=52.512843,lon=13.327351,alt=0.00} (at simulation time 60.304,800,000 s)
2023-07-08 13:15:44,112 INFO  - VEHICLE:veh_5 (at simulation time 60.400,800,000 s)
2023-07-08 13:15:44,112 INFO  - GEOLOCATION:GeoPoint{lat=52.512840,lon=13.327351,alt=0.00} (at simulation time 60.400,800,000 s)
2023-07-08 13:15:44,112 INFO  - VEHICLE:veh_6 (at simulation time 60.401,300,000 s)
2023-07-08 13:15:44,112 INFO  - GEOLOCATION:GeoPoint{lat=52.512843,lon=13.327872,alt=0.00} (at simulation time 60.401,300,000 s)
2023-07-08 13:15:44,112 INFO  - VEHICLE:veh_2 (at simulation time 60.401,300,000 s)
2023-07-08 13:15:44,112 INFO  - GEOLOCATION:GeoPoint{lat=52.512752,lon=13.327351,alt=0.00} (at simulation time 60.401,300,000 s)
2023-07-08 13:15:44,112 INFO  - VEHICLE:veh_2 (at simulation time 60.402,300,000 s)
2023-07-08 13:15:44,112 INFO  - GEOLOCATION:GeoPoint{lat=52.512843,lon=13.327351,alt=0.00} (at simulation time 60.402,300,000 s)
2023-07-08 13:15:44,113 INFO  - VEHICLE:veh_4 (at simulation time 60.501,800,000 s)
2023-07-08 13:15:44,113 INFO  - GEOLOCATION:GeoPoint{lat=52.512843,lon=13.327872,alt=0.00} (at simulation time 60.501,800,000 s)
2023-07-08 13:15:44,113 INFO  - VEHICLE:veh_3 (at simulation time 60.501,800,000 s)
2023-07-08 13:15:44,113 INFO  - GEOLOCATION:GeoPoint{lat=52.512752,lon=13.327351,alt=0.00} (at simulation time 60.501,800,000 s)
2023-07-08 13:15:44,113 INFO  - VEHICLE:veh_4 (at simulation time 60.501,800,000 s)
2023-07-08 13:15:44,113 INFO  - GEOLOCATION:GeoPoint{lat=52.512840,lon=13.327351,alt=0.00} (at simulation time 60.501,800,000 s)
2023-07-08 13:15:44,114 INFO  - VEHICLE:veh_5 (at simulation time 60.502,800,000 s)
2023-07-08 13:15:44,114 INFO  - GEOLOCATION:GeoPoint{lat=52.512843,lon=13.327351,alt=0.00} (at simulation time 60.502,800,000 s)
2023-07-08 13:15:44,114 INFO  - VEHICLE:veh_6 (at simulation time 60.601,300,000 s)
2023-07-08 13:15:44,114 INFO  - GEOLOCATION:GeoPoint{lat=52.512843,lon=13.327872,alt=0.00} (at simulation time 60.601,300,000 s)
2023-07-08 13:15:44,114 INFO  - VEHICLE:veh_6 (at simulation time 60.601,300,000 s)
2023-07-08 13:15:44,114 INFO  - GEOLOCATION:GeoPoint{lat=52.512752,lon=13.327351,alt=0.00} (at simulation time 60.601,300,000 s)
2023-07-08 13:15:44,115 INFO  - VEHICLE:veh_3 (at simulation time 60.601,800,000 s)
2023-07-08 13:15:44,115 INFO  - GEOLOCATION:GeoPoint{lat=52.512843,lon=13.327351,alt=0.00} (at simulation time 60.601,800,000 s)
2023-07-08 13:15:44,115 INFO  - VEHICLE:veh_3 (at simulation time 60.602,800,000 s)
2023-07-08 13:15:44,115 INFO  - GEOLOCATION:GeoPoint{lat=52.512840,lon=13.327351,alt=0.00} (at simulation time 60.602,800,000 s)
2023-07-08 13:15:44,115 INFO  - VEHICLE:veh_5 (at simulation time 60.702,300,000 s)
2023-07-08 13:15:44,115 INFO  - GEOLOCATION:GeoPoint{lat=52.512843,lon=13.327351,alt=0.00} (at simulation time 60.702,300,000 s)
2023-07-08 13:15:44,115 INFO  - VEHICLE:veh_5 (at simulation time 60.702,300,000 s)
2023-07-08 13:15:44,115 INFO  - GEOLOCATION:GeoPoint{lat=52.512840,lon=13.327351,alt=0.00} (at simulation time 60.702,300,000 s)
2023-07-08 13:15:44,115 INFO  - VEHICLE:veh_4 (at simulation time 60.702,800,000 s)
2023-07-08 13:15:44,115 INFO  - GEOLOCATION:GeoPoint{lat=52.512843,lon=13.327872,alt=0.00} (at simulation time 60.702,800,000 s)
2023-07-08 13:15:44,115 INFO  - VEHICLE:veh_5 (at simulation time 60.702,800,000 s)
2023-07-08 13:15:44,115 INFO  - GEOLOCATION:GeoPoint{lat=52.512752,lon=13.327351,alt=0.00} (at simulation time 60.702,800,000 s)
2023-07-08 13:15:44,116 INFO  - VEHICLE:veh_2 (at simulation time 60.802,300,000 s)
2023-07-08 13:15:44,116 INFO  - GEOLOCATION:GeoPoint{lat=52.512843,lon=13.327351,alt=0.00} (at simulation time 60.802,300,000 s)
2023-07-08 13:15:44,116 INFO  - VEHICLE:veh_5 (at simulation time 60.802,800,000 s)
2023-07-08 13:15:44,116 INFO  - GEOLOCATION:GeoPoint{lat=52.512843,lon=13.327872,alt=0.00} (at simulation time 60.802,800,000 s)
2023-07-08 13:15:44,116 INFO  - VEHICLE:veh_3 (at simulation time 60.803,800,000 s)
2023-07-08 13:15:44,116 INFO  - GEOLOCATION:GeoPoint{lat=52.512840,lon=13.327351,alt=0.00} (at simulation time 60.803,800,000 s)
2023-07-08 13:15:44,116 INFO  - VEHICLE:veh_5 (at simulation time 60.804,300,000 s)
2023-07-08 13:15:44,116 INFO  - GEOLOCATION:GeoPoint{lat=52.512752,lon=13.327351,alt=0.00} (at simulation time 60.804,300,000 s)
2023-07-08 13:15:44,117 INFO  - VEHICLE:veh_5 (at simulation time 60.903,300,000 s)
2023-07-08 13:15:44,117 INFO  - GEOLOCATION:GeoPoint{lat=52.512840,lon=13.327351,alt=0.00} (at simulation time 60.903,300,000 s)
2023-07-08 13:15:44,117 INFO  - VEHICLE:veh_5 (at simulation time 60.903,800,000 s)
2023-07-08 13:15:44,117 INFO  - GEOLOCATION:GeoPoint{lat=52.512843,lon=13.327872,alt=0.00} (at simulation time 60.903,800,000 s)
2023-07-08 13:15:44,117 INFO  - VEHICLE:veh_2 (at simulation time 60.903,800,000 s)
2023-07-08 13:15:44,117 INFO  - GEOLOCATION:GeoPoint{lat=52.512843,lon=13.327351,alt=0.00} (at simulation time 60.903,800,000 s)
2023-07-08 13:15:44,117 INFO  - VEHICLE:veh_3 (at simulation time 60.904,300,000 s)
2023-07-08 13:15:44,117 INFO  - GEOLOCATION:GeoPoint{lat=52.512752,lon=13.327351,alt=0.00} (at simulation time 60.904,300,000 s)
2023-07-08 13:15:44,119 INFO  - VEHICLE:veh_2 (at simulation time 61.001,300,000 s)
2023-07-08 13:15:44,119 INFO  - GEOLOCATION:GeoPoint{lat=52.512765,lon=13.327516,alt=0.00} (at simulation time 61.001,300,000 s)
2023-07-08 13:15:44,119 INFO  - VEHICLE:veh_3 (at simulation time 61.001,800,000 s)
2023-07-08 13:15:44,119 INFO  - GEOLOCATION:GeoPoint{lat=52.512857,lon=13.328016,alt=0.00} (at simulation time 61.001,800,000 s)
2023-07-08 13:15:44,119 INFO  - VEHICLE:veh_4 (at simulation time 61.002,300,000 s)
2023-07-08 13:15:44,119 INFO  - GEOLOCATION:GeoPoint{lat=52.512857,lon=13.327516,alt=0.00} (at simulation time 61.002,300,000 s)
2023-07-08 13:15:44,119 INFO  - VEHICLE:veh_3 (at simulation time 61.002,800,000 s)
2023-07-08 13:15:44,119 INFO  - GEOLOCATION:GeoPoint{lat=52.512853,lon=13.327516,alt=0.00} (at simulation time 61.002,800,000 s)
2023-07-08 13:15:44,120 INFO  - VEHICLE:veh_5 (at simulation time 61.103,300,000 s)
2023-07-08 13:15:44,120 INFO  - GEOLOCATION:GeoPoint{lat=52.512853,lon=13.327516,alt=0.00} (at simulation time 61.103,300,000 s)
2023-07-08 13:15:44,120 INFO  - VEHICLE:veh_4 (at simulation time 61.103,800,000 s)
2023-07-08 13:15:44,120 INFO  - GEOLOCATION:GeoPoint{lat=52.512857,lon=13.328016,alt=0.00} (at simulation time 61.103,800,000 s)
2023-07-08 13:15:44,120 INFO  - VEHICLE:veh_3 (at simulation time 61.103,800,000 s)
2023-07-08 13:15:44,120 INFO  - GEOLOCATION:GeoPoint{lat=52.512857,lon=13.327516,alt=0.00} (at simulation time 61.103,800,000 s)
2023-07-08 13:15:44,120 INFO  - VEHICLE:veh_6 (at simulation time 61.104,300,000 s)
2023-07-08 13:15:44,120 INFO  - GEOLOCATION:GeoPoint{lat=52.512765,lon=13.327516,alt=0.00} (at simulation time 61.104,300,000 s)
2023-07-08 13:15:44,121 INFO  - VEHICLE:veh_5 (at simulation time 61.202,800,000 s)
2023-07-08 13:15:44,121 INFO  - GEOLOCATION:GeoPoint{lat=52.512857,lon=13.328016,alt=0.00} (at simulation time 61.202,800,000 s)
2023-07-08 13:15:44,121 INFO  - VEHICLE:veh_3 (at simulation time 61.202,800,000 s)
2023-07-08 13:15:44,121 INFO  - GEOLOCATION:GeoPoint{lat=52.512853,lon=13.327516,alt=0.00} (at simulation time 61.202,800,000 s)
2023-07-08 13:15:44,121 INFO  - VEHICLE:veh_5 (at simulation time 61.203,300,000 s)
2023-07-08 13:15:44,122 INFO  - GEOLOCATION:GeoPoint{lat=52.512857,lon=13.327516,alt=0.00} (at simulation time 61.203,300,000 s)
2023-07-08 13:15:44,122 INFO  - VEHICLE:veh_6 (at simulation time 61.204,300,000 s)
2023-07-08 13:15:44,122 INFO  - GEOLOCATION:GeoPoint{lat=52.512765,lon=13.327516,alt=0.00} (at simulation time 61.204,300,000 s)
2023-07-08 13:15:44,123 INFO  - VEHICLE:veh_4 (at simulation time 61.301,800,000 s)
2023-07-08 13:15:44,123 INFO  - GEOLOCATION:GeoPoint{lat=52.512857,lon=13.328016,alt=0.00} (at simulation time 61.301,800,000 s)
2023-07-08 13:15:44,123 INFO  - VEHICLE:veh_2 (at simulation time 61.302,800,000 s)
2023-07-08 13:15:44,123 INFO  - GEOLOCATION:GeoPoint{lat=52.512857,lon=13.327516,alt=0.00} (at simulation time 61.302,800,000 s)
2023-07-08 13:15:44,123 INFO  - VEHICLE:veh_2 (at simulation time 61.302,800,000 s)
2023-07-08 13:15:44,123 INFO  - GEOLOCATION:GeoPoint{lat=52.512765,lon=13.327516,alt=0.00} (at simulation time 61.302,800,000 s)
2023-07-08 13:15:44,123 INFO  - VEHICLE:veh_4 (at simulation time 61.303,800,000 s)
2023-07-08 13:15:44,123 INFO  - GEOLOCATION:GeoPoint{lat=52.512853,lon=13.327516,alt=0.00} (at simulation time 61.303,800,000 s)
2023-07-08 13:15:44,124 INFO  - VEHICLE:veh_3 (at simulation time 61.400,800,000 s)
2023-07-08 13:15:44,124 INFO  - GEOLOCATION:GeoPoint{lat=52.512765,lon=13.327516,alt=0.00} (at simulation time 61.400,800,000 s)
2023-07-08 13:15:44,124 INFO  - VEHICLE:veh_3 (at simulation time 61.401,300,000 s)
2023-07-08 13:15:44,124 INFO  - GEOLOCATION:GeoPoint{lat=52.512857,lon=13.327516,alt=0.00} (at simulation time 61.401,300,000 s)
2023-07-08 13:15:44,124 INFO  - VEHICLE:veh_6 (at simulation time 61.401,800,000 s)
2023-07-08 13:15:44,124 INFO  - GEOLOCATION:GeoPoint{lat=52.512857,lon=13.328016,alt=0.00} (at simulation time 61.401,800,000 s)
2023-07-08 13:15:44,124 INFO  - VEHICLE:veh_4 (at simulation time 61.402,800,000 s)
2023-07-08 13:15:44,124 INFO  - GEOLOCATION:GeoPoint{lat=52.512853,lon=13.327516,alt=0.00} (at simulation time 61.402,800,000 s)
2023-07-08 13:15:44,124 INFO  - VEHICLE:veh_2 (at simulation time 61.501,800,000 s)
2023-07-08 13:15:44,125 INFO  - GEOLOCATION:GeoPoint{lat=52.512857,lon=13.328016,alt=0.00} (at simulation time 61.501,800,000 s)
2023-07-08 13:15:44,125 INFO  - VEHICLE:veh_4 (at simulation time 61.501,800,000 s)
2023-07-08 13:15:44,125 INFO  - GEOLOCATION:GeoPoint{lat=52.512765,lon=13.327516,alt=0.00} (at simulation time 61.501,800,000 s)
2023-07-08 13:15:44,125 INFO  - VEHICLE:veh_5 (at simulation time 61.503,800,000 s)
2023-07-08 13:15:44,125 INFO  - GEOLOCATION:GeoPoint{lat=52.512857,lon=13.327516,alt=0.00} (at simulation time 61.503,800,000 s)
2023-07-08 13:15:44,125 INFO  - VEHICLE:veh_4 (at simulation time 61.503,800,000 s)
2023-07-08 13:15:44,125 INFO  - GEOLOCATION:GeoPoint{lat=52.512853,lon=13.327516,alt=0.00} (at simulation time 61.503,800,000 s)
2023-07-08 13:15:44,125 INFO  - VEHICLE:veh_6 (at simulation time 61.601,300,000 s)
2023-07-08 13:15:44,125 INFO  - GEOLOCATION:GeoPoint{lat=52.512857,lon=13.328016,alt=0.00} (at simulation time 61.601,300,000 s)
2023-07-08 13:15:44,125 INFO  - VEHICLE:veh_2 (at simulation time 61.601,300,000 s)
2023-07-08 13:15:44,125 INFO  - GEOLOCATION:GeoPoint{lat=52.512857,lon=13.327516,alt=0.00} (at simulation time 61.601,300,000 s)
2023-07-08 13:15:44,125 INFO  - VEHICLE:veh_2 (at simulation time 61.602,800,000 s)
2023-07-08 13:15:44,125 INFO  - GEOLOCATION:GeoPoint{lat=52.512765,lon=13.327516,alt=0.00} (at simulation time 61.602,800,000 s)
2023-07-08 13:15:44,125 INFO  - VEHICLE:veh_6 (at simulation time 61.602,800,000 s)
2023-07-08 13:15:44,125 INFO  - GEOLOCATION:GeoPoint{lat=52.512853,lon=13.327516,alt=0.00} (at simulation time 61.602,800,000 s)
2023-07-08 13:15:44,126 INFO  - VEHICLE:veh_2 (at simulation time 61.701,300,000 s)
2023-07-08 13:15:44,126 INFO  - GEOLOCATION:GeoPoint{lat=52.512857,lon=13.328016,alt=0.00} (at simulation time 61.701,300,000 s)
2023-07-08 13:15:44,126 INFO  - VEHICLE:veh_3 (at simulation time 61.701,300,000 s)
2023-07-08 13:15:44,126 INFO  - GEOLOCATION:GeoPoint{lat=52.512765,lon=13.327516,alt=0.00} (at simulation time 61.701,300,000 s)
2023-07-08 13:15:44,126 INFO  - VEHICLE:veh_5 (at simulation time 61.701,800,000 s)
2023-07-08 13:15:44,126 INFO  - GEOLOCATION:GeoPoint{lat=52.512857,lon=13.327516,alt=0.00} (at simulation time 61.701,800,000 s)
2023-07-08 13:15:44,126 INFO  - VEHICLE:veh_3 (at simulation time 61.701,800,000 s)
2023-07-08 13:15:44,126 INFO  - GEOLOCATION:GeoPoint{lat=52.512853,lon=13.327516,alt=0.00} (at simulation time 61.701,800,000 s)
2023-07-08 13:15:44,127 INFO  - VEHICLE:veh_4 (at simulation time 61.801,800,000 s)
2023-07-08 13:15:44,127 INFO  - GEOLOCATION:GeoPoint{lat=52.512765,lon=13.327516,alt=0.00} (at simulation time 61.801,800,000 s)
2023-07-08 13:15:44,127 INFO  - VEHICLE:veh_2 (at simulation time 61.801,800,000 s)
2023-07-08 13:15:44,127 INFO  - GEOLOCATION:GeoPoint{lat=52.512853,lon=13.327516,alt=0.00} (at simulation time 61.801,800,000 s)
2023-07-08 13:15:44,127 INFO  - VEHICLE:veh_4 (at simulation time 61.802,300,000 s)
2023-07-08 13:15:44,127 INFO  - GEOLOCATION:GeoPoint{lat=52.512857,lon=13.328016,alt=0.00} (at simulation time 61.802,300,000 s)
2023-07-08 13:15:44,127 INFO  - VEHICLE:veh_4 (at simulation time 61.802,300,000 s)
2023-07-08 13:15:44,127 INFO  - GEOLOCATION:GeoPoint{lat=52.512857,lon=13.327516,alt=0.00} (at simulation time 61.802,300,000 s)
2023-07-08 13:15:44,128 INFO  - VEHICLE:veh_5 (at simulation time 61.901,300,000 s)
2023-07-08 13:15:44,128 INFO  - GEOLOCATION:GeoPoint{lat=52.512857,lon=13.328016,alt=0.00} (at simulation time 61.901,300,000 s)
2023-07-08 13:15:44,128 INFO  - VEHICLE:veh_6 (at simulation time 61.901,800,000 s)
2023-07-08 13:15:44,128 INFO  - GEOLOCATION:GeoPoint{lat=52.512765,lon=13.327516,alt=0.00} (at simulation time 61.901,800,000 s)
2023-07-08 13:15:44,128 INFO  - VEHICLE:veh_6 (at simulation time 61.902,300,000 s)
2023-07-08 13:15:44,128 INFO  - GEOLOCATION:GeoPoint{lat=52.512857,lon=13.327516,alt=0.00} (at simulation time 61.902,300,000 s)
2023-07-08 13:15:44,128 INFO  - VEHICLE:veh_3 (at simulation time 61.902,300,000 s)
2023-07-08 13:15:44,128 INFO  - GEOLOCATION:GeoPoint{lat=52.512853,lon=13.327516,alt=0.00} (at simulation time 61.902,300,000 s)
2023-07-08 13:15:44,131 INFO  - VEHICLE:veh_3 (at simulation time 62.002,800,000 s)
2023-07-08 13:15:44,131 INFO  - GEOLOCATION:GeoPoint{lat=52.512875,lon=13.327701,alt=0.00} (at simulation time 62.002,800,000 s)
2023-07-08 13:15:44,131 INFO  - VEHICLE:veh_4 (at simulation time 62.002,800,000 s)
2023-07-08 13:15:44,131 INFO  - GEOLOCATION:GeoPoint{lat=52.512776,lon=13.327701,alt=0.00} (at simulation time 62.002,800,000 s)
2023-07-08 13:15:44,131 INFO  - VEHICLE:veh_3 (at simulation time 62.003,800,000 s)
2023-07-08 13:15:44,131 INFO  - GEOLOCATION:GeoPoint{lat=52.512875,lon=13.328208,alt=0.00} (at simulation time 62.003,800,000 s)
2023-07-08 13:15:44,131 INFO  - VEHICLE:veh_2 (at simulation time 62.004,300,000 s)
2023-07-08 13:15:44,131 INFO  - GEOLOCATION:GeoPoint{lat=52.512868,lon=13.327701,alt=0.00} (at simulation time 62.004,300,000 s)
2023-07-08 13:15:44,132 INFO  - VEHICLE:veh_2 (at simulation time 62.101,800,000 s)
2023-07-08 13:15:44,132 INFO  - GEOLOCATION:GeoPoint{lat=52.512868,lon=13.327701,alt=0.00} (at simulation time 62.101,800,000 s)
2023-07-08 13:15:44,132 INFO  - VEHICLE:veh_4 (at simulation time 62.102,300,000 s)
2023-07-08 13:15:44,132 INFO  - GEOLOCATION:GeoPoint{lat=52.512875,lon=13.328208,alt=0.00} (at simulation time 62.102,300,000 s)
2023-07-08 13:15:44,132 INFO  - VEHICLE:veh_5 (at simulation time 62.102,300,000 s)
2023-07-08 13:15:44,132 INFO  - GEOLOCATION:GeoPoint{lat=52.512776,lon=13.327701,alt=0.00} (at simulation time 62.102,300,000 s)
2023-07-08 13:15:44,132 INFO  - VEHICLE:veh_4 (at simulation time 62.103,800,000 s)
2023-07-08 13:15:44,132 INFO  - GEOLOCATION:GeoPoint{lat=52.512875,lon=13.327701,alt=0.00} (at simulation time 62.103,800,000 s)
2023-07-08 13:15:44,133 INFO  - VEHICLE:veh_2 (at simulation time 62.201,800,000 s)
2023-07-08 13:15:44,133 INFO  - GEOLOCATION:GeoPoint{lat=52.512776,lon=13.327701,alt=0.00} (at simulation time 62.201,800,000 s)
2023-07-08 13:15:44,133 INFO  - VEHICLE:veh_5 (at simulation time 62.201,800,000 s)
2023-07-08 13:15:44,133 INFO  - GEOLOCATION:GeoPoint{lat=52.512868,lon=13.327701,alt=0.00} (at simulation time 62.201,800,000 s)
2023-07-08 13:15:44,133 INFO  - VEHICLE:veh_5 (at simulation time 62.202,300,000 s)
2023-07-08 13:15:44,133 INFO  - GEOLOCATION:GeoPoint{lat=52.512875,lon=13.328208,alt=0.00} (at simulation time 62.202,300,000 s)
2023-07-08 13:15:44,133 INFO  - VEHICLE:veh_3 (at simulation time 62.203,300,000 s)
2023-07-08 13:15:44,133 INFO  - GEOLOCATION:GeoPoint{lat=52.512875,lon=13.327701,alt=0.00} (at simulation time 62.203,300,000 s)
2023-07-08 13:15:44,133 INFO  - VEHICLE:veh_6 (at simulation time 62.301,800,000 s)
2023-07-08 13:15:44,134 INFO  - GEOLOCATION:GeoPoint{lat=52.512875,lon=13.328208,alt=0.00} (at simulation time 62.301,800,000 s)
2023-07-08 13:15:44,134 INFO  - VEHICLE:veh_6 (at simulation time 62.302,800,000 s)
2023-07-08 13:15:44,134 INFO  - GEOLOCATION:GeoPoint{lat=52.512776,lon=13.327701,alt=0.00} (at simulation time 62.302,800,000 s)
2023-07-08 13:15:44,134 INFO  - VEHICLE:veh_5 (at simulation time 62.303,300,000 s)
2023-07-08 13:15:44,134 INFO  - GEOLOCATION:GeoPoint{lat=52.512875,lon=13.327701,alt=0.00} (at simulation time 62.303,300,000 s)
2023-07-08 13:15:44,134 INFO  - VEHICLE:veh_4 (at simulation time 62.303,300,000 s)
2023-07-08 13:15:44,134 INFO  - GEOLOCATION:GeoPoint{lat=52.512868,lon=13.327701,alt=0.00} (at simulation time 62.303,300,000 s)
2023-07-08 13:15:44,134 INFO  - VEHICLE:veh_3 (at simulation time 62.402,300,000 s)
2023-07-08 13:15:44,134 INFO  - GEOLOCATION:GeoPoint{lat=52.512875,lon=13.328208,alt=0.00} (at simulation time 62.402,300,000 s)
2023-07-08 13:15:44,134 INFO  - VEHICLE:veh_5 (at simulation time 62.402,300,000 s)
2023-07-08 13:15:44,135 INFO  - GEOLOCATION:GeoPoint{lat=52.512875,lon=13.327701,alt=0.00} (at simulation time 62.402,300,000 s)
2023-07-08 13:15:44,135 INFO  - VEHICLE:veh_6 (at simulation time 62.402,800,000 s)
2023-07-08 13:15:44,135 INFO  - GEOLOCATION:GeoPoint{lat=52.512868,lon=13.327701,alt=0.00} (at simulation time 62.402,800,000 s)
2023-07-08 13:15:44,135 INFO  - VEHICLE:veh_5 (at simulation time 62.403,800,000 s)
2023-07-08 13:15:44,135 INFO  - GEOLOCATION:GeoPoint{lat=52.512776,lon=13.327701,alt=0.00} (at simulation time 62.403,800,000 s)
2023-07-08 13:15:44,135 INFO  - VEHICLE:veh_2 (at simulation time 62.502,800,000 s)
2023-07-08 13:15:44,135 INFO  - GEOLOCATION:GeoPoint{lat=52.512875,lon=13.327701,alt=0.00} (at simulation time 62.502,800,000 s)
2023-07-08 13:15:44,135 INFO  - VEHICLE:veh_3 (at simulation time 62.502,800,000 s)
2023-07-08 13:15:44,135 INFO  - GEOLOCATION:GeoPoint{lat=52.512868,lon=13.327701,alt=0.00} (at simulation time 62.502,800,000 s)
2023-07-08 13:15:44,135 INFO  - VEHICLE:veh_3 (at simulation time 62.503,300,000 s)
2023-07-08 13:15:44,135 INFO  - GEOLOCATION:GeoPoint{lat=52.512875,lon=13.328208,alt=0.00} (at simulation time 62.503,300,000 s)
2023-07-08 13:15:44,135 INFO  - VEHICLE:veh_2 (at simulation time 62.503,300,000 s)
2023-07-08 13:15:44,135 INFO  - GEOLOCATION:GeoPoint{lat=52.512776,lon=13.327701,alt=0.00} (at simulation time 62.503,300,000 s)
2023-07-08 13:15:44,136 INFO  - VEHICLE:veh_4 (at simulation time 62.603,800,000 s)
2023-07-08 13:15:44,136 INFO  - GEOLOCATION:GeoPoint{lat=52.512875,lon=13.327701,alt=0.00} (at simulation time 62.603,800,000 s)
2023-07-08 13:15:44,136 INFO  - VEHICLE:veh_6 (at simulation time 62.604,300,000 s)
2023-07-08 13:15:44,136 INFO  - GEOLOCATION:GeoPoint{lat=52.512875,lon=13.328208,alt=0.00} (at simulation time 62.604,300,000 s)
2023-07-08 13:15:44,136 INFO  - VEHICLE:veh_6 (at simulation time 62.604,300,000 s)
2023-07-08 13:15:44,136 INFO  - GEOLOCATION:GeoPoint{lat=52.512776,lon=13.327701,alt=0.00} (at simulation time 62.604,300,000 s)
2023-07-08 13:15:44,136 INFO  - VEHICLE:veh_3 (at simulation time 62.604,300,000 s)
2023-07-08 13:15:44,136 INFO  - GEOLOCATION:GeoPoint{lat=52.512868,lon=13.327701,alt=0.00} (at simulation time 62.604,300,000 s)
2023-07-08 13:15:44,137 INFO  - VEHICLE:veh_5 (at simulation time 62.702,300,000 s)
2023-07-08 13:15:44,137 INFO  - GEOLOCATION:GeoPoint{lat=52.512776,lon=13.327701,alt=0.00} (at simulation time 62.702,300,000 s)
2023-07-08 13:15:44,137 INFO  - VEHICLE:veh_4 (at simulation time 62.702,800,000 s)
2023-07-08 13:15:44,137 INFO  - GEOLOCATION:GeoPoint{lat=52.512875,lon=13.327701,alt=0.00} (at simulation time 62.702,800,000 s)
2023-07-08 13:15:44,137 INFO  - VEHICLE:veh_6 (at simulation time 62.702,800,000 s)
2023-07-08 13:15:44,137 INFO  - GEOLOCATION:GeoPoint{lat=52.512868,lon=13.327701,alt=0.00} (at simulation time 62.702,800,000 s)
2023-07-08 13:15:44,137 INFO  - VEHICLE:veh_6 (at simulation time 62.703,300,000 s)
2023-07-08 13:15:44,137 INFO  - GEOLOCATION:GeoPoint{lat=52.512875,lon=13.328208,alt=0.00} (at simulation time 62.703,300,000 s)
2023-07-08 13:15:44,138 INFO  - VEHICLE:veh_6 (at simulation time 62.802,800,000 s)
2023-07-08 13:15:44,138 INFO  - GEOLOCATION:GeoPoint{lat=52.512875,lon=13.327701,alt=0.00} (at simulation time 62.802,800,000 s)
2023-07-08 13:15:44,138 INFO  - VEHICLE:veh_5 (at simulation time 62.804,300,000 s)
2023-07-08 13:15:44,138 INFO  - GEOLOCATION:GeoPoint{lat=52.512776,lon=13.327701,alt=0.00} (at simulation time 62.804,300,000 s)
2023-07-08 13:15:44,138 INFO  - VEHICLE:veh_4 (at simulation time 62.804,800,000 s)
2023-07-08 13:15:44,138 INFO  - GEOLOCATION:GeoPoint{lat=52.512875,lon=13.328208,alt=0.00} (at simulation time 62.804,800,000 s)
2023-07-08 13:15:44,138 INFO  - VEHICLE:veh_6 (at simulation time 62.804,800,000 s)
2023-07-08 13:15:44,138 INFO  - GEOLOCATION:GeoPoint{lat=52.512868,lon=13.327701,alt=0.00} (at simulation time 62.804,800,000 s)
2023-07-08 13:15:44,139 INFO  - VEHICLE:veh_6 (at simulation time 62.903,300,000 s)
2023-07-08 13:15:44,139 INFO  - GEOLOCATION:GeoPoint{lat=52.512875,lon=13.328208,alt=0.00} (at simulation time 62.903,300,000 s)
2023-07-08 13:15:44,139 INFO  - VEHICLE:veh_4 (at simulation time 62.903,800,000 s)
2023-07-08 13:15:44,139 INFO  - GEOLOCATION:GeoPoint{lat=52.512776,lon=13.327701,alt=0.00} (at simulation time 62.903,800,000 s)
2023-07-08 13:15:44,139 INFO  - VEHICLE:veh_5 (at simulation time 62.903,800,000 s)
2023-07-08 13:15:44,139 INFO  - GEOLOCATION:GeoPoint{lat=52.512868,lon=13.327701,alt=0.00} (at simulation time 62.903,800,000 s)
2023-07-08 13:15:44,139 INFO  - VEHICLE:veh_2 (at simulation time 62.904,800,000 s)
2023-07-08 13:15:44,139 INFO  - GEOLOCATION:GeoPoint{lat=52.512875,lon=13.327701,alt=0.00} (at simulation time 62.904,800,000 s)
2023-07-08 13:15:44,141 INFO  - VEHICLE:veh_6 (at simulation time 63.000,800,000 s)
2023-07-08 13:15:44,141 INFO  - GEOLOCATION:GeoPoint{lat=52.512896,lon=13.327897,alt=0.00} (at simulation time 63.000,800,000 s)
2023-07-08 13:15:44,141 INFO  - VEHICLE:veh_6 (at simulation time 63.001,300,000 s)
2023-07-08 13:15:44,141 INFO  - GEOLOCATION:GeoPoint{lat=52.512786,lon=13.327897,alt=0.00} (at simulation time 63.001,300,000 s)
2023-07-08 13:15:44,141 INFO  - VEHICLE:veh_5 (at simulation time 63.001,800,000 s)
2023-07-08 13:15:44,141 INFO  - GEOLOCATION:GeoPoint{lat=52.512896,lon=13.328426,alt=0.00} (at simulation time 63.001,800,000 s)
2023-07-08 13:15:44,141 INFO  - VEHICLE:veh_3 (at simulation time 63.001,800,000 s)
2023-07-08 13:15:44,141 INFO  - GEOLOCATION:GeoPoint{lat=52.512883,lon=13.327897,alt=0.00} (at simulation time 63.001,800,000 s)
2023-07-08 13:15:44,150 INFO  - VEHICLE:veh_5 (at simulation time 63.102,300,000 s)
2023-07-08 13:15:44,150 INFO  - GEOLOCATION:GeoPoint{lat=52.512786,lon=13.327897,alt=0.00} (at simulation time 63.102,300,000 s)
2023-07-08 13:15:44,150 INFO  - VEHICLE:veh_2 (at simulation time 63.102,800,000 s)
2023-07-08 13:15:44,150 INFO  - GEOLOCATION:GeoPoint{lat=52.512896,lon=13.328426,alt=0.00} (at simulation time 63.102,800,000 s)
2023-07-08 13:15:44,150 INFO  - VEHICLE:veh_5 (at simulation time 63.103,300,000 s)
2023-07-08 13:15:44,150 INFO  - GEOLOCATION:GeoPoint{lat=52.512883,lon=13.327897,alt=0.00} (at simulation time 63.103,300,000 s)
2023-07-08 13:15:44,150 INFO  - VEHICLE:veh_6 (at simulation time 63.103,800,000 s)
2023-07-08 13:15:44,150 INFO  - GEOLOCATION:GeoPoint{lat=52.512896,lon=13.327897,alt=0.00} (at simulation time 63.103,800,000 s)
2023-07-08 13:15:44,151 INFO  - VEHICLE:veh_5 (at simulation time 63.200,800,000 s)
2023-07-08 13:15:44,151 INFO  - GEOLOCATION:GeoPoint{lat=52.512896,lon=13.328426,alt=0.00} (at simulation time 63.200,800,000 s)
2023-07-08 13:15:44,151 INFO  - VEHICLE:veh_6 (at simulation time 63.200,800,000 s)
2023-07-08 13:15:44,151 INFO  - GEOLOCATION:GeoPoint{lat=52.512896,lon=13.327897,alt=0.00} (at simulation time 63.200,800,000 s)
2023-07-08 13:15:44,151 INFO  - VEHICLE:veh_5 (at simulation time 63.202,300,000 s)
2023-07-08 13:15:44,151 INFO  - GEOLOCATION:GeoPoint{lat=52.512883,lon=13.327897,alt=0.00} (at simulation time 63.202,300,000 s)
2023-07-08 13:15:44,151 INFO  - VEHICLE:veh_3 (at simulation time 63.202,800,000 s)
2023-07-08 13:15:44,151 INFO  - GEOLOCATION:GeoPoint{lat=52.512786,lon=13.327897,alt=0.00} (at simulation time 63.202,800,000 s)
2023-07-08 13:15:44,152 INFO  - VEHICLE:veh_5 (at simulation time 63.303,300,000 s)
2023-07-08 13:15:44,152 INFO  - GEOLOCATION:GeoPoint{lat=52.512896,lon=13.328426,alt=0.00} (at simulation time 63.303,300,000 s)
2023-07-08 13:15:44,152 INFO  - VEHICLE:veh_2 (at simulation time 63.303,300,000 s)
2023-07-08 13:15:44,152 INFO  - GEOLOCATION:GeoPoint{lat=52.512883,lon=13.327897,alt=0.00} (at simulation time 63.303,300,000 s)
2023-07-08 13:15:44,152 INFO  - VEHICLE:veh_4 (at simulation time 63.303,800,000 s)
2023-07-08 13:15:44,152 INFO  - GEOLOCATION:GeoPoint{lat=52.512896,lon=13.327897,alt=0.00} (at simulation time 63.303,800,000 s)
2023-07-08 13:15:44,152 INFO  - VEHICLE:veh_5 (at simulation time 63.303,800,000 s)
2023-07-08 13:15:44,152 INFO  - GEOLOCATION:GeoPoint{lat=52.512786,lon=13.327897,alt=0.00} (at simulation time 63.303,800,000 s)
2023-07-08 13:15:44,152 INFO  - VEHICLE:veh_2 (at simulation time 63.402,300,000 s)
2023-07-08 13:15:44,152 INFO  - GEOLOCATION:GeoPoint{lat=52.512786,lon=13.327897,alt=0.00} (at simulation time 63.402,300,000 s)
2023-07-08 13:15:44,153 INFO  - VEHICLE:veh_5 (at simulation time 63.402,800,000 s)
2023-07-08 13:15:44,153 INFO  - GEOLOCATION:GeoPoint{lat=52.512896,lon=13.327897,alt=0.00} (at simulation time 63.402,800,000 s)
2023-07-08 13:15:44,153 INFO  - VEHICLE:veh_2 (at simulation time 63.402,800,000 s)
2023-07-08 13:15:44,153 INFO  - GEOLOCATION:GeoPoint{lat=52.512883,lon=13.327897,alt=0.00} (at simulation time 63.402,800,000 s)
2023-07-08 13:15:44,153 INFO  - VEHICLE:veh_2 (at simulation time 63.403,800,000 s)
2023-07-08 13:15:44,153 INFO  - GEOLOCATION:GeoPoint{lat=52.512896,lon=13.328426,alt=0.00} (at simulation time 63.403,800,000 s)
2023-07-08 13:15:44,153 INFO  - VEHICLE:veh_2 (at simulation time 63.501,800,000 s)
2023-07-08 13:15:44,153 INFO  - GEOLOCATION:GeoPoint{lat=52.512786,lon=13.327897,alt=0.00} (at simulation time 63.501,800,000 s)
2023-07-08 13:15:44,153 INFO  - VEHICLE:veh_5 (at simulation time 63.501,800,000 s)
2023-07-08 13:15:44,153 INFO  - GEOLOCATION:GeoPoint{lat=52.512883,lon=13.327897,alt=0.00} (at simulation time 63.501,800,000 s)
2023-07-08 13:15:44,153 INFO  - VEHICLE:veh_4 (at simulation time 63.503,800,000 s)
2023-07-08 13:15:44,153 INFO  - GEOLOCATION:GeoPoint{lat=52.512896,lon=13.328426,alt=0.00} (at simulation time 63.503,800,000 s)
2023-07-08 13:15:44,153 INFO  - VEHICLE:veh_6 (at simulation time 63.503,800,000 s)
2023-07-08 13:15:44,153 INFO  - GEOLOCATION:GeoPoint{lat=52.512896,lon=13.327897,alt=0.00} (at simulation time 63.503,800,000 s)
2023-07-08 13:15:44,154 INFO  - VEHICLE:veh_2 (at simulation time 63.603,300,000 s)
2023-07-08 13:15:44,154 INFO  - GEOLOCATION:GeoPoint{lat=52.512883,lon=13.327897,alt=0.00} (at simulation time 63.603,300,000 s)
2023-07-08 13:15:44,154 INFO  - VEHICLE:veh_3 (at simulation time 63.603,800,000 s)
2023-07-08 13:15:44,154 INFO  - GEOLOCATION:GeoPoint{lat=52.512896,lon=13.328426,alt=0.00} (at simulation time 63.603,800,000 s)
2023-07-08 13:15:44,154 INFO  - VEHICLE:veh_6 (at simulation time 63.604,300,000 s)
2023-07-08 13:15:44,154 INFO  - GEOLOCATION:GeoPoint{lat=52.512896,lon=13.327897,alt=0.00} (at simulation time 63.604,300,000 s)
2023-07-08 13:15:44,154 INFO  - VEHICLE:veh_6 (at simulation time 63.604,800,000 s)
2023-07-08 13:15:44,154 INFO  - GEOLOCATION:GeoPoint{lat=52.512786,lon=13.327897,alt=0.00} (at simulation time 63.604,800,000 s)
2023-07-08 13:15:44,154 INFO  - VEHICLE:veh_3 (at simulation time 63.701,800,000 s)
2023-07-08 13:15:44,154 INFO  - GEOLOCATION:GeoPoint{lat=52.512883,lon=13.327897,alt=0.00} (at simulation time 63.701,800,000 s)
2023-07-08 13:15:44,154 INFO  - VEHICLE:veh_6 (at simulation time 63.702,300,000 s)
2023-07-08 13:15:44,154 INFO  - GEOLOCATION:GeoPoint{lat=52.512896,lon=13.328426,alt=0.00} (at simulation time 63.702,300,000 s)
2023-07-08 13:15:44,154 INFO  - VEHICLE:veh_3 (at simulation time 63.702,300,000 s)
2023-07-08 13:15:44,154 INFO  - GEOLOCATION:GeoPoint{lat=52.512896,lon=13.327897,alt=0.00} (at simulation time 63.702,300,000 s)
2023-07-08 13:15:44,154 INFO  - VEHICLE:veh_5 (at simulation time 63.702,800,000 s)
2023-07-08 13:15:44,154 INFO  - GEOLOCATION:GeoPoint{lat=52.512786,lon=13.327897,alt=0.00} (at simulation time 63.702,800,000 s)
2023-07-08 13:15:44,155 INFO  - VEHICLE:veh_4 (at simulation time 63.801,800,000 s)
2023-07-08 13:15:44,155 INFO  - GEOLOCATION:GeoPoint{lat=52.512896,lon=13.328426,alt=0.00} (at simulation time 63.801,800,000 s)
2023-07-08 13:15:44,155 INFO  - VEHICLE:veh_6 (at simulation time 63.802,800,000 s)
2023-07-08 13:15:44,155 INFO  - GEOLOCATION:GeoPoint{lat=52.512883,lon=13.327897,alt=0.00} (at simulation time 63.802,800,000 s)
2023-07-08 13:15:44,155 INFO  - VEHICLE:veh_3 (at simulation time 63.803,800,000 s)
2023-07-08 13:15:44,155 INFO  - GEOLOCATION:GeoPoint{lat=52.512896,lon=13.327897,alt=0.00} (at simulation time 63.803,800,000 s)
2023-07-08 13:15:44,155 INFO  - VEHICLE:veh_2 (at simulation time 63.803,800,000 s)
2023-07-08 13:15:44,155 INFO  - GEOLOCATION:GeoPoint{lat=52.512786,lon=13.327897,alt=0.00} (at simulation time 63.803,800,000 s)
2023-07-08 13:15:44,155 INFO  - VEHICLE:veh_6 (at simulation time 63.901,300,000 s)
2023-07-08 13:15:44,155 INFO  - GEOLOCATION:GeoPoint{lat=52.512896,lon=13.328426,alt=0.00} (at simulation time 63.901,300,000 s)
2023-07-08 13:15:44,155 INFO  - VEHICLE:veh_5 (at simulation time 63.901,300,000 s)
2023-07-08 13:15:44,155 INFO  - GEOLOCATION:GeoPoint{lat=52.512883,lon=13.327897,alt=0.00} (at simulation time 63.901,300,000 s)
2023-07-08 13:15:44,155 INFO  - VEHICLE:veh_6 (at simulation time 63.903,300,000 s)
2023-07-08 13:15:44,155 INFO  - GEOLOCATION:GeoPoint{lat=52.512896,lon=13.327897,alt=0.00} (at simulation time 63.903,300,000 s)
2023-07-08 13:15:44,155 INFO  - VEHICLE:veh_2 (at simulation time 63.903,300,000 s)
2023-07-08 13:15:44,155 INFO  - GEOLOCATION:GeoPoint{lat=52.512786,lon=13.327897,alt=0.00} (at simulation time 63.903,300,000 s)
2023-07-08 13:15:44,157 INFO  - VEHICLE:veh_6 (at simulation time 64.001,300,000 s)
2023-07-08 13:15:44,157 INFO  - GEOLOCATION:GeoPoint{lat=52.512914,lon=13.328633,alt=0.00} (at simulation time 64.001,300,000 s)
2023-07-08 13:15:44,157 INFO  - VEHICLE:veh_2 (at simulation time 64.001,300,000 s)
2023-07-08 13:15:44,157 INFO  - GEOLOCATION:GeoPoint{lat=52.512799,lon=13.328094,alt=0.00} (at simulation time 64.001,300,000 s)
2023-07-08 13:15:44,157 INFO  - VEHICLE:veh_5 (at simulation time 64.001,800,000 s)
2023-07-08 13:15:44,157 INFO  - GEOLOCATION:GeoPoint{lat=52.512914,lon=13.328094,alt=0.00} (at simulation time 64.001,800,000 s)
2023-07-08 13:15:44,157 INFO  - VEHICLE:veh_5 (at simulation time 64.102,300,000 s)
2023-07-08 13:15:44,157 INFO  - GEOLOCATION:GeoPoint{lat=52.512914,lon=13.328094,alt=0.00} (at simulation time 64.102,300,000 s)
2023-07-08 13:15:44,157 INFO  - VEHICLE:veh_6 (at simulation time 64.102,300,000 s)
2023-07-08 13:15:44,157 INFO  - GEOLOCATION:GeoPoint{lat=52.512799,lon=13.328094,alt=0.00} (at simulation time 64.102,300,000 s)
2023-07-08 13:15:44,158 INFO  - VEHICLE:veh_6 (at simulation time 64.201,300,000 s)
2023-07-08 13:15:44,158 INFO  - GEOLOCATION:GeoPoint{lat=52.512899,lon=13.328094,alt=0.00} (at simulation time 64.201,300,000 s)
2023-07-08 13:15:44,158 INFO  - VEHICLE:veh_2 (at simulation time 64.203,300,000 s)
2023-07-08 13:15:44,158 INFO  - GEOLOCATION:GeoPoint{lat=52.512914,lon=13.328633,alt=0.00} (at simulation time 64.203,300,000 s)
2023-07-08 13:15:44,158 INFO  - VEHICLE:veh_6 (at simulation time 64.203,300,000 s)
2023-07-08 13:15:44,158 INFO  - GEOLOCATION:GeoPoint{lat=52.512914,lon=13.328094,alt=0.00} (at simulation time 64.203,300,000 s)
2023-07-08 13:15:44,158 INFO  - VEHICLE:veh_6 (at simulation time 64.302,800,000 s)
2023-07-08 13:15:44,158 INFO  - GEOLOCATION:GeoPoint{lat=52.512799,lon=13.328094,alt=0.00} (at simulation time 64.302,800,000 s)
2023-07-08 13:15:44,158 INFO  - VEHICLE:veh_2 (at simulation time 64.302,800,000 s)
2023-07-08 13:15:44,158 INFO  - GEOLOCATION:GeoPoint{lat=52.512899,lon=13.328094,alt=0.00} (at simulation time 64.302,800,000 s)
2023-07-08 13:15:44,158 INFO  - VEHICLE:veh_3 (at simulation time 64.400,800,000 s)
2023-07-08 13:15:44,158 INFO  - GEOLOCATION:GeoPoint{lat=52.512799,lon=13.328094,alt=0.00} (at simulation time 64.400,800,000 s)
2023-07-08 13:15:44,158 INFO  - VEHICLE:veh_5 (at simulation time 64.401,800,000 s)
2023-07-08 13:15:44,158 INFO  - GEOLOCATION:GeoPoint{lat=52.512914,lon=13.328633,alt=0.00} (at simulation time 64.401,800,000 s)
2023-07-08 13:15:44,158 INFO  - VEHICLE:veh_5 (at simulation time 64.401,800,000 s)
2023-07-08 13:15:44,158 INFO  - GEOLOCATION:GeoPoint{lat=52.512899,lon=13.328094,alt=0.00} (at simulation time 64.401,800,000 s)
2023-07-08 13:15:44,158 INFO  - VEHICLE:veh_2 (at simulation time 64.402,800,000 s)
2023-07-08 13:15:44,158 INFO  - GEOLOCATION:GeoPoint{lat=52.512914,lon=13.328094,alt=0.00} (at simulation time 64.402,800,000 s)
2023-07-08 13:15:44,159 INFO  - VEHICLE:veh_5 (at simulation time 64.502,800,000 s)
2023-07-08 13:15:44,159 INFO  - GEOLOCATION:GeoPoint{lat=52.512914,lon=13.328094,alt=0.00} (at simulation time 64.502,800,000 s)
2023-07-08 13:15:44,159 INFO  - VEHICLE:veh_5 (at simulation time 64.504,800,000 s)
2023-07-08 13:15:44,159 INFO  - GEOLOCATION:GeoPoint{lat=52.512914,lon=13.328633,alt=0.00} (at simulation time 64.504,800,000 s)
2023-07-08 13:15:44,159 INFO  - VEHICLE:veh_2 (at simulation time 64.504,800,000 s)
2023-07-08 13:15:44,159 INFO  - GEOLOCATION:GeoPoint{lat=52.512899,lon=13.328094,alt=0.00} (at simulation time 64.504,800,000 s)
2023-07-08 13:15:44,159 INFO  - VEHICLE:veh_3 (at simulation time 64.601,300,000 s)
2023-07-08 13:15:44,159 INFO  - GEOLOCATION:GeoPoint{lat=52.512899,lon=13.328094,alt=0.00} (at simulation time 64.601,300,000 s)
2023-07-08 13:15:44,159 INFO  - VEHICLE:veh_5 (at simulation time 64.601,800,000 s)
2023-07-08 13:15:44,159 INFO  - GEOLOCATION:GeoPoint{lat=52.512799,lon=13.328094,alt=0.00} (at simulation time 64.601,800,000 s)
2023-07-08 13:15:44,159 INFO  - VEHICLE:veh_6 (at simulation time 64.602,800,000 s)
2023-07-08 13:15:44,159 INFO  - GEOLOCATION:GeoPoint{lat=52.512914,lon=13.328094,alt=0.00} (at simulation time 64.602,800,000 s)
2023-07-08 13:15:44,159 INFO  - VEHICLE:veh_6 (at simulation time 64.703,300,000 s)
2023-07-08 13:15:44,159 INFO  - GEOLOCATION:GeoPoint{lat=52.512899,lon=13.328094,alt=0.00} (at simulation time 64.703,300,000 s)
2023-07-08 13:15:44,159 INFO  - VEHICLE:veh_6 (at simulation time 64.704,800,000 s)
2023-07-08 13:15:44,160 INFO  - GEOLOCATION:GeoPoint{lat=52.512914,lon=13.328633,alt=0.00} (at simulation time 64.704,800,000 s)
2023-07-08 13:15:44,160 INFO  - VEHICLE:veh_2 (at simulation time 64.704,800,000 s)
2023-07-08 13:15:44,160 INFO  - GEOLOCATION:GeoPoint{lat=52.512799,lon=13.328094,alt=0.00} (at simulation time 64.704,800,000 s)
2023-07-08 13:15:44,160 INFO  - VEHICLE:veh_6 (at simulation time 64.801,300,000 s)
2023-07-08 13:15:44,160 INFO  - GEOLOCATION:GeoPoint{lat=52.512914,lon=13.328094,alt=0.00} (at simulation time 64.801,300,000 s)
2023-07-08 13:15:44,160 INFO  - VEHICLE:veh_3 (at simulation time 64.801,800,000 s)
2023-07-08 13:15:44,160 INFO  - GEOLOCATION:GeoPoint{lat=52.512899,lon=13.328094,alt=0.00} (at simulation time 64.801,800,000 s)
2023-07-08 13:15:44,160 INFO  - VEHICLE:veh_2 (at simulation time 64.901,800,000 s)
2023-07-08 13:15:44,160 INFO  - GEOLOCATION:GeoPoint{lat=52.512914,lon=13.328633,alt=0.00} (at simulation time 64.901,800,000 s)
2023-07-08 13:15:44,160 INFO  - VEHICLE:veh_3 (at simulation time 64.901,800,000 s)
2023-07-08 13:15:44,160 INFO  - GEOLOCATION:GeoPoint{lat=52.512799,lon=13.328094,alt=0.00} (at simulation time 64.901,800,000 s)
2023-07-08 13:15:44,160 INFO  - VEHICLE:veh_2 (at simulation time 64.902,300,000 s)
2023-07-08 13:15:44,160 INFO  - GEOLOCATION:GeoPoint{lat=52.512899,lon=13.328094,alt=0.00} (at simulation time 64.902,300,000 s)
2023-07-08 13:15:44,165 INFO  - VEHICLE:veh_6 (at simulation time 65.003,800,000 s)
2023-07-08 13:15:44,165 INFO  - GEOLOCATION:GeoPoint{lat=52.512929,lon=13.328289,alt=0.00} (at simulation time 65.003,800,000 s)
2023-07-08 13:15:44,165 INFO  - VEHICLE:veh_2 (at simulation time 65.003,800,000 s)
2023-07-08 13:15:44,165 INFO  - GEOLOCATION:GeoPoint{lat=52.512814,lon=13.328289,alt=0.00} (at simulation time 65.003,800,000 s)
2023-07-08 13:15:44,165 INFO  - VEHICLE:veh_2 (at simulation time 65.102,300,000 s)
2023-07-08 13:15:44,165 INFO  - GEOLOCATION:GeoPoint{lat=52.512929,lon=13.328833,alt=0.00} (at simulation time 65.102,300,000 s)
2023-07-08 13:15:44,166 INFO  - VEHICLE:veh_6 (at simulation time 65.204,300,000 s)
2023-07-08 13:15:44,166 INFO  - GEOLOCATION:GeoPoint{lat=52.512929,lon=13.328833,alt=0.00} (at simulation time 65.204,300,000 s)
2023-07-08 13:15:44,166 INFO  - VEHICLE:veh_2 (at simulation time 65.303,300,000 s)
2023-07-08 13:15:44,166 INFO  - GEOLOCATION:GeoPoint{lat=52.512929,lon=13.328289,alt=0.00} (at simulation time 65.303,300,000 s)
2023-07-08 13:15:44,166 INFO  - VEHICLE:veh_6 (at simulation time 65.303,800,000 s)
2023-07-08 13:15:44,166 INFO  - GEOLOCATION:GeoPoint{lat=52.512914,lon=13.328289,alt=0.00} (at simulation time 65.303,800,000 s)
2023-07-08 13:15:44,166 INFO  - VEHICLE:veh_2 (at simulation time 65.304,300,000 s)
2023-07-08 13:15:44,166 INFO  - GEOLOCATION:GeoPoint{lat=52.512814,lon=13.328289,alt=0.00} (at simulation time 65.304,300,000 s)
2023-07-08 13:15:44,166 INFO  - VEHICLE:veh_6 (at simulation time 65.403,300,000 s)
2023-07-08 13:15:44,166 INFO  - GEOLOCATION:GeoPoint{lat=52.512914,lon=13.328289,alt=0.00} (at simulation time 65.403,300,000 s)
2023-07-08 13:15:44,166 INFO  - VEHICLE:veh_6 (at simulation time 65.404,800,000 s)
2023-07-08 13:15:44,166 INFO  - GEOLOCATION:GeoPoint{lat=52.512929,lon=13.328833,alt=0.00} (at simulation time 65.404,800,000 s)
2023-07-08 13:15:44,167 INFO  - VEHICLE:veh_2 (at simulation time 65.502,800,000 s)
2023-07-08 13:15:44,167 INFO  - GEOLOCATION:GeoPoint{lat=52.512914,lon=13.328289,alt=0.00} (at simulation time 65.502,800,000 s)
2023-07-08 13:15:44,167 INFO  - VEHICLE:veh_2 (at simulation time 65.701,800,000 s)
2023-07-08 13:15:44,167 INFO  - GEOLOCATION:GeoPoint{lat=52.512929,lon=13.328833,alt=0.00} (at simulation time 65.701,800,000 s)
2023-07-08 13:15:44,167 INFO  - VEHICLE:veh_2 (at simulation time 65.702,300,000 s)
2023-07-08 13:15:44,167 INFO  - GEOLOCATION:GeoPoint{lat=52.512929,lon=13.328289,alt=0.00} (at simulation time 65.702,300,000 s)
2023-07-08 13:15:44,167 INFO  - VEHICLE:veh_6 (at simulation time 65.702,300,000 s)
2023-07-08 13:15:44,167 INFO  - GEOLOCATION:GeoPoint{lat=52.512814,lon=13.328289,alt=0.00} (at simulation time 65.702,300,000 s)
2023-07-08 13:15:44,168 INFO  - VEHICLE:veh_6 (at simulation time 65.803,800,000 s)
2023-07-08 13:15:44,168 INFO  - GEOLOCATION:GeoPoint{lat=52.512914,lon=13.328289,alt=0.00} (at simulation time 65.803,800,000 s)
2023-07-08 13:15:44,168 INFO  - VEHICLE:veh_2 (at simulation time 65.902,300,000 s)
2023-07-08 13:15:44,168 INFO  - GEOLOCATION:GeoPoint{lat=52.512929,lon=13.328289,alt=0.00} (at simulation time 65.902,300,000 s)
2023-07-08 13:15:44,469 INFO  - Shutdown application (at simulation time 140.000,000,000 s)
