2023-06-19 20:45:50,475 INFO  SumoAmbassador - sumoConfig.updateInterval: 1000
2023-06-19 20:45:50,475 INFO  SumoAmbassador - sumoConfig.sumoConfigurationFile: tiergarten.sumocfg
2023-06-19 20:45:50,475 INFO  SumoAmbassador - sumoConfig.sumoConfigurationFile: tiergarten.sumocfg
2023-06-19 20:45:50,480 INFO  SumoAmbassador - Simulation step size is 1.0 sec.
2023-06-19 20:45:51,407 INFO  SumoVehicleTypesWriter - ./tmp/sumo/mosaic_types.add.xml file successfully written.
2023-06-19 20:45:51,407 INFO  SumoAmbassador - Start Federate local
2023-06-19 20:45:51,407 INFO  SumoAmbassador - Directory: ./tmp/sumo
2023-06-19 20:45:52,419 INFO  SumoAmbassador - Process sumo: Loading net-file from 'tiergarten.net.xml' ... done (10ms).
2023-06-19 20:45:52,420 INFO  SumoAmbassador - Process sumo: Loading additional-files from 'mosaic_types.add.xml' ... done (0ms).
2023-06-19 20:45:52,420 INFO  SumoAmbassador - Process sumo: Loading done.
2023-06-19 20:45:52,420 INFO  SumoAmbassador - Process sumo: Simulation version 1.17.0 started with time: 0.00.
2023-06-19 20:45:52,423 WARN  TraciClientBridge - This SUMO Version SUMO 1.17.0 is currently not supported (but might work anyhow).
2023-06-19 20:45:52,428 INFO  SumoAmbassador - Current API version of SUMO is 20 (=SUMO 1.16.*)
2023-06-19 20:45:52,480 WARN  TrafficLightGetControlledJunctions - Could not return list of controlled junctions for traffic light. Not implemented in SUMO yet.
2023-06-19 20:45:52,511 INFO  SumoAmbassador - VehicleRegistration from RTI "veh_0" received at simulation time 1000000000 ns (subscribe=true)
2023-06-19 20:45:52,511 INFO  SumoAmbassador - Adding new vehicle "veh_0" at simulation time 1000000000 ns (type=Autobot, routeId=0, laneId=0, departPos=0.00)
2023-06-19 20:45:52,577 INFO  SumoAmbassador - VehicleRegistration from RTI "veh_1" received at simulation time 7000000000 ns (subscribe=true)
2023-06-19 20:45:52,582 INFO  SumoAmbassador - Adding new vehicle "veh_1" at simulation time 7000000000 ns (type=Decepticon, routeId=0, laneId=0, departPos=0.00)
2023-06-19 20:45:54,061 INFO  SumoAmbassador - Process sumo: Step #0.00 (0ms ?*RT. ?UPS, TraCI: 82ms, vehicles TOT 0 ACT 0 BUF 0)                      
2023-06-19 20:45:54,061 ERROR SumoAmbassador - Process sumo: Warning: Vehicle 'veh_0' performs emergency stop at the end of lane '4068038_423839224_26704448_0' because of a red traffic light (decel=-13.89, offset=2.90), time=75.00.
2023-06-19 20:45:55,253 INFO  SumoAmbassador - Closing SUMO connection
2023-06-19 20:45:55,254 INFO  SumoAmbassador - Process sumo: Step #100.00 (1ms ~= 1000.00*RT, ~2000.00UPS, TraCI: 18ms, vehicles TOT 2 ACT 2 BUF 0)    
2023-06-19 20:45:55,254 INFO  SumoAmbassador - Process sumo: Step #140.00 (0ms ?*RT. ?UPS, TraCI: 3ms, vehicles TOT 2 ACT 2 BUF 0)                     
2023-06-19 20:45:55,254 INFO  SumoAmbassador - Process sumo: Simulation ended at time: 140.00
2023-06-19 20:45:55,254 INFO  SumoAmbassador - Process sumo: Reason: TraCI requested termination.
2023-06-19 20:45:55,254 INFO  SumoAmbassador - Process sumo: Performance: 
2023-06-19 20:45:55,254 INFO  SumoAmbassador - Process sumo:  Duration: 2.83s
2023-06-19 20:45:55,254 INFO  SumoAmbassador - Process sumo:  TraCI-Duration: 2.82s
2023-06-19 20:45:55,254 INFO  SumoAmbassador - Process sumo:  Real time factor: 49.4001
2023-06-19 20:45:55,254 INFO  SumoAmbassador - Process sumo:  UPS: 95.977417
2023-06-19 20:45:55,254 INFO  SumoAmbassador - Process sumo: Vehicles: 
2023-06-19 20:45:55,254 INFO  SumoAmbassador - Process sumo:  Inserted: 2
2023-06-19 20:45:55,254 INFO  SumoAmbassador - Process sumo:  Running: 2
2023-06-19 20:45:55,254 INFO  SumoAmbassador - Process sumo:  Waiting: 0
2023-06-19 20:45:55,254 INFO  SumoAmbassador - Process sumo:  Emergency Stops: 1
2023-06-19 20:45:55,254 INFO  SumoAmbassador - Process sumo: 
2023-06-19 20:45:55,260 INFO  SumoAmbassador - Finished simulation
