2023-07-08 13:12:15,483 INFO  SumoAmbassador - sumoConfig.updateInterval: 1000
2023-07-08 13:12:15,484 INFO  SumoAmbassador - sumoConfig.sumoConfigurationFile: tiergarten.sumocfg
2023-07-08 13:12:15,484 INFO  SumoAmbassador - sumoConfig.sumoConfigurationFile: tiergarten.sumocfg
2023-07-08 13:12:15,490 INFO  SumoAmbassador - Simulation step size is 1.0 sec.
2023-07-08 13:12:16,265 INFO  SumoVehicleTypesWriter - ./tmp/sumo/mosaic_types.add.xml file successfully written.
2023-07-08 13:12:16,265 INFO  SumoAmbassador - Start Federate local
2023-07-08 13:12:16,265 INFO  SumoAmbassador - Directory: ./tmp/sumo
2023-07-08 13:12:17,287 INFO  SumoAmbassador - Process sumo: Loading net-file from 'tiergarten.net.xml' ... done (11ms).
2023-07-08 13:12:17,288 INFO  SumoAmbassador - Process sumo: Loading additional-files from 'mosaic_types.add.xml' ... done (1ms).
2023-07-08 13:12:17,288 INFO  SumoAmbassador - Process sumo: Loading done.
2023-07-08 13:12:17,288 INFO  SumoAmbassador - Process sumo: Simulation version v1_18_0+0206-18d3af37308 started with time: 0.00.
2023-07-08 13:12:17,291 WARN  TraciClientBridge - This SUMO Version SUMO v1_18_0+0206-18d3af37308 is currently not supported (but might work anyhow).
2023-07-08 13:12:17,295 INFO  SumoAmbassador - Current API version of SUMO is 20 (=SUMO 1.18.*)
2023-07-08 13:12:17,357 WARN  TrafficLightGetControlledJunctions - Could not return list of controlled junctions for traffic light. Not implemented in SUMO yet.
2023-07-08 13:12:17,395 INFO  SumoAmbassador - VehicleRegistration from RTI "veh_0" received at simulation time 1000000000 ns (subscribe=true)
2023-07-08 13:12:17,395 INFO  SumoAmbassador - Adding new vehicle "veh_0" at simulation time 1000000000 ns (type=Autobot, routeId=0, laneId=0, departPos=0.00)
2023-07-08 13:12:17,429 INFO  SumoAmbassador - VehicleRegistration from RTI "veh_1" received at simulation time 7000000000 ns (subscribe=true)
2023-07-08 13:12:17,431 INFO  SumoAmbassador - Adding new vehicle "veh_1" at simulation time 7000000000 ns (type=Decepticon, routeId=0, laneId=0, departPos=0.00)
2023-07-08 13:12:17,601 INFO  SumoAmbassador - Process sumo: Step #0.00 (0ms ?*RT. ?UPS, TraCI: 99ms, vehicles TOT 0 ACT 0 BUF 0)                      
2023-07-08 13:12:17,601 ERROR SumoAmbassador - Process sumo: Warning: Vehicle 'veh_0' performs emergency stop at the end of lane '4068038_423839224_26704448_0' because of a red traffic light (decel=-13.89, offset=2.90), time=75.00.
2023-07-08 13:12:17,773 INFO  SumoAmbassador - Closing SUMO connection
2023-07-08 13:12:17,774 INFO  SumoAmbassador - Process sumo: Step #100.00 (0ms ?*RT. ?UPS, TraCI: 5ms, vehicles TOT 2 ACT 2 BUF 0)                     
2023-07-08 13:12:17,774 INFO  SumoAmbassador - Process sumo: Step #140.00 (1ms ~= 1000.00*RT, ~2000.00UPS, TraCI: 3ms, vehicles TOT 2 ACT 2 BUF 0)     
2023-07-08 13:12:17,774 INFO  SumoAmbassador - Process sumo: Simulation ended at time: 140.00
2023-07-08 13:12:17,774 INFO  SumoAmbassador - Process sumo: Reason: TraCI requested termination.
2023-07-08 13:12:17,774 INFO  SumoAmbassador - Process sumo: Performance: 
2023-07-08 13:12:17,774 INFO  SumoAmbassador - Process sumo:  Duration: 0.49s
2023-07-08 13:12:17,774 INFO  SumoAmbassador - Process sumo:  TraCI-Duration: 0.47s
2023-07-08 13:12:17,774 INFO  SumoAmbassador - Process sumo:  Real time factor: 288.066
2023-07-08 13:12:17,774 INFO  SumoAmbassador - Process sumo:  UPS: 559.670782
2023-07-08 13:12:17,774 INFO  SumoAmbassador - Process sumo: Vehicles: 
2023-07-08 13:12:17,774 INFO  SumoAmbassador - Process sumo:  Inserted: 2
2023-07-08 13:12:17,774 INFO  SumoAmbassador - Process sumo:  Running: 2
2023-07-08 13:12:17,774 INFO  SumoAmbassador - Process sumo:  Waiting: 0
2023-07-08 13:12:17,774 INFO  SumoAmbassador - Process sumo:  Emergency Stops: 1
2023-07-08 13:12:17,774 INFO  SumoAmbassador - Process sumo: 
2023-07-08 13:12:17,791 INFO  SumoAmbassador - Finished simulation
