2023-07-08 13:12:17,402 INFO  - Initialize application (at simulation time 2.000,000,000 s)
2023-07-08 13:12:17,405 INFO  - Activated WLAN Module (at simulation time 2.000,000,000 s)
2023-07-08 13:12:17,537 INFO  - VEHICLE:veh_2 (at simulation time 59.002,800,000 s)
2023-07-08 13:12:17,537 INFO  - GEOLOCATION:GeoPoint{lat=52.512833,lon=13.327736,alt=0.00} (at simulation time 59.002,800,000 s)
2023-07-08 13:12:17,540 INFO  - VEHICLE:veh_3 (at simulation time 59.104,300,000 s)
2023-07-08 13:12:17,540 INFO  - GEOLOCATION:GeoPoint{lat=52.512833,lon=13.327736,alt=0.00} (at simulation time 59.104,300,000 s)
2023-07-08 13:12:17,542 INFO  - VEHICLE:veh_4 (at simulation time 59.203,300,000 s)
2023-07-08 13:12:17,542 INFO  - GEOLOCATION:GeoPoint{lat=52.512833,lon=13.327736,alt=0.00} (at simulation time 59.203,300,000 s)
2023-07-08 13:12:17,544 INFO  - VEHICLE:veh_5 (at simulation time 59.301,800,000 s)
2023-07-08 13:12:17,544 INFO  - GEOLOCATION:GeoPoint{lat=52.512833,lon=13.327736,alt=0.00} (at simulation time 59.301,800,000 s)
2023-07-08 13:12:17,545 INFO  - VEHICLE:veh_6 (at simulation time 59.402,300,000 s)
2023-07-08 13:12:17,546 INFO  - GEOLOCATION:GeoPoint{lat=52.512833,lon=13.327736,alt=0.00} (at simulation time 59.402,300,000 s)
2023-07-08 13:12:17,546 INFO  - VEHICLE:veh_6 (at simulation time 59.502,800,000 s)
2023-07-08 13:12:17,546 INFO  - GEOLOCATION:GeoPoint{lat=52.512833,lon=13.327736,alt=0.00} (at simulation time 59.502,800,000 s)
2023-07-08 13:12:17,546 INFO  - VEHICLE:veh_3 (at simulation time 59.602,800,000 s)
2023-07-08 13:12:17,547 INFO  - GEOLOCATION:GeoPoint{lat=52.512833,lon=13.327736,alt=0.00} (at simulation time 59.602,800,000 s)
2023-07-08 13:12:17,547 INFO  - VEHICLE:veh_6 (at simulation time 59.701,300,000 s)
2023-07-08 13:12:17,547 INFO  - GEOLOCATION:GeoPoint{lat=52.512833,lon=13.327736,alt=0.00} (at simulation time 59.701,300,000 s)
2023-07-08 13:12:17,547 INFO  - VEHICLE:veh_2 (at simulation time 59.802,300,000 s)
2023-07-08 13:12:17,548 INFO  - GEOLOCATION:GeoPoint{lat=52.512833,lon=13.327736,alt=0.00} (at simulation time 59.802,300,000 s)
2023-07-08 13:12:17,548 INFO  - VEHICLE:veh_5 (at simulation time 59.902,300,000 s)
2023-07-08 13:12:17,548 INFO  - GEOLOCATION:GeoPoint{lat=52.512833,lon=13.327736,alt=0.00} (at simulation time 59.902,300,000 s)
2023-07-08 13:12:17,552 INFO  - VEHICLE:veh_6 (at simulation time 60.002,300,000 s)
2023-07-08 13:12:17,552 INFO  - GEOLOCATION:GeoPoint{lat=52.512843,lon=13.327872,alt=0.00} (at simulation time 60.002,300,000 s)
2023-07-08 13:12:17,553 INFO  - VEHICLE:veh_2 (at simulation time 60.103,300,000 s)
2023-07-08 13:12:17,553 INFO  - GEOLOCATION:GeoPoint{lat=52.512843,lon=13.327872,alt=0.00} (at simulation time 60.103,300,000 s)
2023-07-08 13:12:17,553 INFO  - VEHICLE:veh_3 (at simulation time 60.203,800,000 s)
2023-07-08 13:12:17,553 INFO  - GEOLOCATION:GeoPoint{lat=52.512843,lon=13.327872,alt=0.00} (at simulation time 60.203,800,000 s)
2023-07-08 13:12:17,554 INFO  - VEHICLE:veh_3 (at simulation time 60.301,800,000 s)
2023-07-08 13:12:17,554 INFO  - GEOLOCATION:GeoPoint{lat=52.512843,lon=13.327872,alt=0.00} (at simulation time 60.301,800,000 s)
2023-07-08 13:12:17,554 INFO  - VEHICLE:veh_5 (at simulation time 60.401,300,000 s)
2023-07-08 13:12:17,554 INFO  - GEOLOCATION:GeoPoint{lat=52.512843,lon=13.327872,alt=0.00} (at simulation time 60.401,300,000 s)
2023-07-08 13:12:17,555 INFO  - VEHICLE:veh_6 (at simulation time 60.501,800,000 s)
2023-07-08 13:12:17,555 INFO  - GEOLOCATION:GeoPoint{lat=52.512843,lon=13.327872,alt=0.00} (at simulation time 60.501,800,000 s)
2023-07-08 13:12:17,555 INFO  - VEHICLE:veh_4 (at simulation time 60.602,300,000 s)
2023-07-08 13:12:17,555 INFO  - GEOLOCATION:GeoPoint{lat=52.512843,lon=13.327872,alt=0.00} (at simulation time 60.602,300,000 s)
2023-07-08 13:12:17,556 INFO  - VEHICLE:veh_2 (at simulation time 60.704,800,000 s)
2023-07-08 13:12:17,556 INFO  - GEOLOCATION:GeoPoint{lat=52.512843,lon=13.327872,alt=0.00} (at simulation time 60.704,800,000 s)
2023-07-08 13:12:17,556 INFO  - VEHICLE:veh_4 (at simulation time 60.803,300,000 s)
2023-07-08 13:12:17,556 INFO  - GEOLOCATION:GeoPoint{lat=52.512843,lon=13.327872,alt=0.00} (at simulation time 60.803,300,000 s)
2023-07-08 13:12:17,556 INFO  - VEHICLE:veh_2 (at simulation time 60.901,300,000 s)
2023-07-08 13:12:17,557 INFO  - GEOLOCATION:GeoPoint{lat=52.512843,lon=13.327872,alt=0.00} (at simulation time 60.901,300,000 s)
2023-07-08 13:12:17,559 INFO  - VEHICLE:veh_3 (at simulation time 61.002,800,000 s)
2023-07-08 13:12:17,559 INFO  - GEOLOCATION:GeoPoint{lat=52.512857,lon=13.328016,alt=0.00} (at simulation time 61.002,800,000 s)
2023-07-08 13:12:17,559 INFO  - VEHICLE:veh_6 (at simulation time 61.103,800,000 s)
2023-07-08 13:12:17,559 INFO  - GEOLOCATION:GeoPoint{lat=52.512857,lon=13.328016,alt=0.00} (at simulation time 61.103,800,000 s)
2023-07-08 13:12:17,560 INFO  - VEHICLE:veh_4 (at simulation time 61.202,800,000 s)
2023-07-08 13:12:17,560 INFO  - GEOLOCATION:GeoPoint{lat=52.512857,lon=13.328016,alt=0.00} (at simulation time 61.202,800,000 s)
2023-07-08 13:12:17,560 INFO  - VEHICLE:veh_3 (at simulation time 61.303,300,000 s)
2023-07-08 13:12:17,560 INFO  - GEOLOCATION:GeoPoint{lat=52.512857,lon=13.328016,alt=0.00} (at simulation time 61.303,300,000 s)
2023-07-08 13:12:17,561 INFO  - VEHICLE:veh_6 (at simulation time 61.402,300,000 s)
2023-07-08 13:12:17,561 INFO  - GEOLOCATION:GeoPoint{lat=52.512857,lon=13.328016,alt=0.00} (at simulation time 61.402,300,000 s)
2023-07-08 13:12:17,561 INFO  - VEHICLE:veh_2 (at simulation time 61.503,300,000 s)
2023-07-08 13:12:17,561 INFO  - GEOLOCATION:GeoPoint{lat=52.512857,lon=13.328016,alt=0.00} (at simulation time 61.503,300,000 s)
2023-07-08 13:12:17,562 INFO  - VEHICLE:veh_6 (at simulation time 61.601,800,000 s)
2023-07-08 13:12:17,562 INFO  - GEOLOCATION:GeoPoint{lat=52.512857,lon=13.328016,alt=0.00} (at simulation time 61.601,800,000 s)
2023-07-08 13:12:17,562 INFO  - VEHICLE:veh_6 (at simulation time 61.703,300,000 s)
2023-07-08 13:12:17,562 INFO  - GEOLOCATION:GeoPoint{lat=52.512857,lon=13.328016,alt=0.00} (at simulation time 61.703,300,000 s)
2023-07-08 13:12:17,562 INFO  - VEHICLE:veh_5 (at simulation time 61.803,300,000 s)
2023-07-08 13:12:17,562 INFO  - GEOLOCATION:GeoPoint{lat=52.512857,lon=13.328016,alt=0.00} (at simulation time 61.803,300,000 s)
2023-07-08 13:12:17,563 INFO  - VEHICLE:veh_3 (at simulation time 61.903,300,000 s)
2023-07-08 13:12:17,563 INFO  - GEOLOCATION:GeoPoint{lat=52.512857,lon=13.328016,alt=0.00} (at simulation time 61.903,300,000 s)
2023-07-08 13:12:17,565 INFO  - VEHICLE:veh_3 (at simulation time 62.002,800,000 s)
2023-07-08 13:12:17,565 INFO  - GEOLOCATION:GeoPoint{lat=52.512875,lon=13.328208,alt=0.00} (at simulation time 62.002,800,000 s)
2023-07-08 13:12:17,566 INFO  - VEHICLE:veh_5 (at simulation time 62.101,800,000 s)
2023-07-08 13:12:17,566 INFO  - GEOLOCATION:GeoPoint{lat=52.512875,lon=13.328208,alt=0.00} (at simulation time 62.101,800,000 s)
2023-07-08 13:12:17,566 INFO  - VEHICLE:veh_4 (at simulation time 62.204,800,000 s)
2023-07-08 13:12:17,566 INFO  - GEOLOCATION:GeoPoint{lat=52.512875,lon=13.328208,alt=0.00} (at simulation time 62.204,800,000 s)
2023-07-08 13:12:17,566 INFO  - VEHICLE:veh_4 (at simulation time 62.303,300,000 s)
2023-07-08 13:12:17,566 INFO  - GEOLOCATION:GeoPoint{lat=52.512875,lon=13.328208,alt=0.00} (at simulation time 62.303,300,000 s)
2023-07-08 13:12:17,567 INFO  - VEHICLE:veh_6 (at simulation time 62.403,300,000 s)
2023-07-08 13:12:17,567 INFO  - GEOLOCATION:GeoPoint{lat=52.512875,lon=13.328208,alt=0.00} (at simulation time 62.403,300,000 s)
2023-07-08 13:12:17,567 INFO  - VEHICLE:veh_4 (at simulation time 62.502,300,000 s)
2023-07-08 13:12:17,567 INFO  - GEOLOCATION:GeoPoint{lat=52.512875,lon=13.328208,alt=0.00} (at simulation time 62.502,300,000 s)
2023-07-08 13:12:17,567 INFO  - VEHICLE:veh_5 (at simulation time 62.602,800,000 s)
2023-07-08 13:12:17,567 INFO  - GEOLOCATION:GeoPoint{lat=52.512875,lon=13.328208,alt=0.00} (at simulation time 62.602,800,000 s)
2023-07-08 13:12:17,568 INFO  - VEHICLE:veh_2 (at simulation time 62.702,300,000 s)
2023-07-08 13:12:17,568 INFO  - GEOLOCATION:GeoPoint{lat=52.512875,lon=13.328208,alt=0.00} (at simulation time 62.702,300,000 s)
2023-07-08 13:12:17,568 INFO  - VEHICLE:veh_4 (at simulation time 62.802,300,000 s)
2023-07-08 13:12:17,568 INFO  - GEOLOCATION:GeoPoint{lat=52.512875,lon=13.328208,alt=0.00} (at simulation time 62.802,300,000 s)
2023-07-08 13:12:17,569 INFO  - VEHICLE:veh_5 (at simulation time 62.902,300,000 s)
2023-07-08 13:12:17,569 INFO  - GEOLOCATION:GeoPoint{lat=52.512875,lon=13.328208,alt=0.00} (at simulation time 62.902,300,000 s)
2023-07-08 13:12:17,571 INFO  - VEHICLE:veh_5 (at simulation time 63.003,800,000 s)
2023-07-08 13:12:17,571 INFO  - GEOLOCATION:GeoPoint{lat=52.512896,lon=13.328426,alt=0.00} (at simulation time 63.003,800,000 s)
2023-07-08 13:12:17,571 INFO  - VEHICLE:veh_4 (at simulation time 63.102,800,000 s)
2023-07-08 13:12:17,571 INFO  - GEOLOCATION:GeoPoint{lat=52.512896,lon=13.328426,alt=0.00} (at simulation time 63.102,800,000 s)
2023-07-08 13:12:17,572 INFO  - VEHICLE:veh_2 (at simulation time 63.204,300,000 s)
2023-07-08 13:12:17,572 INFO  - GEOLOCATION:GeoPoint{lat=52.512896,lon=13.328426,alt=0.00} (at simulation time 63.204,300,000 s)
2023-07-08 13:12:17,572 INFO  - VEHICLE:veh_6 (at simulation time 63.301,800,000 s)
2023-07-08 13:12:17,572 INFO  - GEOLOCATION:GeoPoint{lat=52.512896,lon=13.328426,alt=0.00} (at simulation time 63.301,800,000 s)
2023-07-08 13:12:17,573 INFO  - VEHICLE:veh_6 (at simulation time 63.401,300,000 s)
2023-07-08 13:12:17,573 INFO  - GEOLOCATION:GeoPoint{lat=52.512896,lon=13.328426,alt=0.00} (at simulation time 63.401,300,000 s)
2023-07-08 13:12:17,573 INFO  - VEHICLE:veh_4 (at simulation time 63.502,300,000 s)
2023-07-08 13:12:17,573 INFO  - GEOLOCATION:GeoPoint{lat=52.512896,lon=13.328426,alt=0.00} (at simulation time 63.502,300,000 s)
2023-07-08 13:12:17,574 INFO  - VEHICLE:veh_5 (at simulation time 63.602,800,000 s)
2023-07-08 13:12:17,574 INFO  - GEOLOCATION:GeoPoint{lat=52.512896,lon=13.328426,alt=0.00} (at simulation time 63.602,800,000 s)
2023-07-08 13:12:17,574 INFO  - VEHICLE:veh_3 (at simulation time 63.702,800,000 s)
2023-07-08 13:12:17,574 INFO  - GEOLOCATION:GeoPoint{lat=52.512896,lon=13.328426,alt=0.00} (at simulation time 63.702,800,000 s)
2023-07-08 13:12:17,575 INFO  - VEHICLE:veh_6 (at simulation time 63.802,800,000 s)
2023-07-08 13:12:17,575 INFO  - GEOLOCATION:GeoPoint{lat=52.512896,lon=13.328426,alt=0.00} (at simulation time 63.802,800,000 s)
2023-07-08 13:12:17,575 INFO  - VEHICLE:veh_3 (at simulation time 63.902,800,000 s)
2023-07-08 13:12:17,576 INFO  - GEOLOCATION:GeoPoint{lat=52.512896,lon=13.328426,alt=0.00} (at simulation time 63.902,800,000 s)
2023-07-08 13:12:17,578 INFO  - VEHICLE:veh_2 (at simulation time 64.001,300,000 s)
2023-07-08 13:12:17,578 INFO  - GEOLOCATION:GeoPoint{lat=52.512914,lon=13.328633,alt=0.00} (at simulation time 64.001,300,000 s)
2023-07-08 13:12:17,579 INFO  - VEHICLE:veh_2 (at simulation time 64.103,800,000 s)
2023-07-08 13:12:17,579 INFO  - GEOLOCATION:GeoPoint{lat=52.512914,lon=13.328633,alt=0.00} (at simulation time 64.103,800,000 s)
2023-07-08 13:12:17,579 INFO  - VEHICLE:veh_5 (at simulation time 64.200,800,000 s)
2023-07-08 13:12:17,579 INFO  - GEOLOCATION:GeoPoint{lat=52.512914,lon=13.328633,alt=0.00} (at simulation time 64.200,800,000 s)
2023-07-08 13:12:17,579 INFO  - VEHICLE:veh_3 (at simulation time 64.303,800,000 s)
2023-07-08 13:12:17,579 INFO  - GEOLOCATION:GeoPoint{lat=52.512914,lon=13.328633,alt=0.00} (at simulation time 64.303,800,000 s)
2023-07-08 13:12:17,580 INFO  - VEHICLE:veh_6 (at simulation time 64.402,300,000 s)
2023-07-08 13:12:17,580 INFO  - GEOLOCATION:GeoPoint{lat=52.512914,lon=13.328633,alt=0.00} (at simulation time 64.402,300,000 s)
2023-07-08 13:12:17,580 INFO  - VEHICLE:veh_4 (at simulation time 64.500,800,000 s)
2023-07-08 13:12:17,580 INFO  - GEOLOCATION:GeoPoint{lat=52.512914,lon=13.328633,alt=0.00} (at simulation time 64.500,800,000 s)
2023-07-08 13:12:17,581 INFO  - VEHICLE:veh_6 (at simulation time 64.602,300,000 s)
2023-07-08 13:12:17,581 INFO  - GEOLOCATION:GeoPoint{lat=52.512914,lon=13.328633,alt=0.00} (at simulation time 64.602,300,000 s)
2023-07-08 13:12:17,581 INFO  - VEHICLE:veh_4 (at simulation time 64.702,300,000 s)
2023-07-08 13:12:17,581 INFO  - GEOLOCATION:GeoPoint{lat=52.512914,lon=13.328633,alt=0.00} (at simulation time 64.702,300,000 s)
2023-07-08 13:12:17,581 INFO  - VEHICLE:veh_4 (at simulation time 64.803,800,000 s)
2023-07-08 13:12:17,581 INFO  - GEOLOCATION:GeoPoint{lat=52.512914,lon=13.328633,alt=0.00} (at simulation time 64.803,800,000 s)
2023-07-08 13:12:17,582 INFO  - VEHICLE:veh_3 (at simulation time 64.901,300,000 s)
2023-07-08 13:12:17,582 INFO  - GEOLOCATION:GeoPoint{lat=52.512914,lon=13.328633,alt=0.00} (at simulation time 64.901,300,000 s)
2023-07-08 13:12:17,588 INFO  - VEHICLE:veh_6 (at simulation time 65.002,800,000 s)
2023-07-08 13:12:17,588 INFO  - GEOLOCATION:GeoPoint{lat=52.512929,lon=13.328833,alt=0.00} (at simulation time 65.002,800,000 s)
2023-07-08 13:12:17,588 INFO  - VEHICLE:veh_2 (at simulation time 65.101,800,000 s)
2023-07-08 13:12:17,588 INFO  - GEOLOCATION:GeoPoint{lat=52.512929,lon=13.328833,alt=0.00} (at simulation time 65.101,800,000 s)
2023-07-08 13:12:17,588 INFO  - VEHICLE:veh_6 (at simulation time 65.203,300,000 s)
2023-07-08 13:12:17,588 INFO  - GEOLOCATION:GeoPoint{lat=52.512929,lon=13.328833,alt=0.00} (at simulation time 65.203,300,000 s)
2023-07-08 13:12:17,588 INFO  - VEHICLE:veh_4 (at simulation time 65.301,800,000 s)
2023-07-08 13:12:17,588 INFO  - GEOLOCATION:GeoPoint{lat=52.512929,lon=13.328833,alt=0.00} (at simulation time 65.301,800,000 s)
2023-07-08 13:12:17,589 INFO  - VEHICLE:veh_4 (at simulation time 65.402,300,000 s)
2023-07-08 13:12:17,589 INFO  - GEOLOCATION:GeoPoint{lat=52.512929,lon=13.328833,alt=0.00} (at simulation time 65.402,300,000 s)
2023-07-08 13:12:17,589 INFO  - VEHICLE:veh_3 (at simulation time 65.501,300,000 s)
2023-07-08 13:12:17,589 INFO  - GEOLOCATION:GeoPoint{lat=52.512929,lon=13.328833,alt=0.00} (at simulation time 65.501,300,000 s)
2023-07-08 13:12:17,589 INFO  - VEHICLE:veh_3 (at simulation time 65.601,300,000 s)
2023-07-08 13:12:17,589 INFO  - GEOLOCATION:GeoPoint{lat=52.512929,lon=13.328833,alt=0.00} (at simulation time 65.601,300,000 s)
2023-07-08 13:12:17,589 INFO  - VEHICLE:veh_6 (at simulation time 65.701,300,000 s)
2023-07-08 13:12:17,590 INFO  - GEOLOCATION:GeoPoint{lat=52.512929,lon=13.328833,alt=0.00} (at simulation time 65.701,300,000 s)
2023-07-08 13:12:17,590 INFO  - VEHICLE:veh_6 (at simulation time 65.802,300,000 s)
2023-07-08 13:12:17,590 INFO  - GEOLOCATION:GeoPoint{lat=52.512929,lon=13.328833,alt=0.00} (at simulation time 65.802,300,000 s)
2023-07-08 13:12:17,590 INFO  - VEHICLE:veh_5 (at simulation time 65.900,800,000 s)
2023-07-08 13:12:17,590 INFO  - GEOLOCATION:GeoPoint{lat=52.512929,lon=13.328833,alt=0.00} (at simulation time 65.900,800,000 s)
2023-07-08 13:12:17,772 INFO  - Shutdown application (at simulation time 140.000,000,000 s)
